05-Aug-2021 11:20:40.895 INFO [http-nio-8080-exec-412] org.apache.catalina.core.StandardContext.reload Reloading Context with name [/eAyd] has started
05-Aug-2021 11:20:42.129 INFO [http-nio-8080-exec-412] org.apache.jasper.servlet.TldScanner.scanJars At least one JAR was scanned for TLDs yet contained no TLDs. Enable debug logging for this logger for a complete list of JARs that were scanned but no TLDs were found in them. Skipping unneeded JARs during scanning can improve startup time and JSP compilation time.
05-Aug-2021 11:20:42.134 INFO [http-nio-8080-exec-412] org.apache.catalina.core.StandardContext.reload Reloading Context with name [/eAyd] is completed
05-Aug-2021 11:23:36.333 INFO [http-nio-8080-exec-421] org.apache.catalina.core.StandardContext.reload Reloading Context with name [/eAyd] has started
05-Aug-2021 11:23:36.742 INFO [http-nio-8080-exec-421] org.apache.jasper.servlet.TldScanner.scanJars At least one JAR was scanned for TLDs yet contained no TLDs. Enable debug logging for this logger for a complete list of JARs that were scanned but no TLDs were found in them. Skipping unneeded JARs during scanning can improve startup time and JSP compilation time.
05-Aug-2021 11:23:36.746 INFO [http-nio-8080-exec-421] org.apache.catalina.core.StandardContext.reload Reloading Context with name [/eAyd] is completed
05-Aug-2021 11:24:28.961 INFO [http-nio-8080-exec-424] org.apache.catalina.core.StandardContext.reload Reloading Context with name [/eAyd] has started
05-Aug-2021 11:24:29.366 INFO [http-nio-8080-exec-424] org.apache.jasper.servlet.TldScanner.scanJars At least one JAR was scanned for TLDs yet contained no TLDs. Enable debug logging for this logger for a complete list of JARs that were scanned but no TLDs were found in them. Skipping unneeded JARs during scanning can improve startup time and JSP compilation time.
05-Aug-2021 11:24:29.370 INFO [http-nio-8080-exec-424] org.apache.catalina.core.StandardContext.reload Reloading Context with name [/eAyd] is completed
05-Aug-2021 11:52:42.638 INFO [http-nio-8080-exec-426] org.apache.catalina.core.StandardContext.reload Reloading Context with name [/eAyd] has started
05-Aug-2021 11:52:43.161 INFO [http-nio-8080-exec-426] org.apache.jasper.servlet.TldScanner.scanJars At least one JAR was scanned for TLDs yet contained no TLDs. Enable debug logging for this logger for a complete list of JARs that were scanned but no TLDs were found in them. Skipping unneeded JARs during scanning can improve startup time and JSP compilation time.
05-Aug-2021 11:52:43.166 INFO [http-nio-8080-exec-426] org.apache.catalina.core.StandardContext.reload Reloading Context with name [/eAyd] is completed
05-Aug-2021 11:54:52.504 INFO [http-nio-8080-exec-438] org.apache.catalina.core.StandardContext.reload Reloading Context with name [/eAyd] has started
05-Aug-2021 11:54:52.901 INFO [http-nio-8080-exec-438] org.apache.jasper.servlet.TldScanner.scanJars At least one JAR was scanned for TLDs yet contained no TLDs. Enable debug logging for this logger for a complete list of JARs that were scanned but no TLDs were found in them. Skipping unneeded JARs during scanning can improve startup time and JSP compilation time.
05-Aug-2021 11:54:52.903 INFO [http-nio-8080-exec-438] org.apache.catalina.core.StandardContext.reload Reloading Context with name [/eAyd] is completed
05-Aug-2021 11:55:31.963 INFO [http-nio-8080-exec-431] org.apache.catalina.core.StandardContext.reload Reloading Context with name [/eAyd] has started
05-Aug-2021 11:55:32.446 INFO [http-nio-8080-exec-431] org.apache.jasper.servlet.TldScanner.scanJars At least one JAR was scanned for TLDs yet contained no TLDs. Enable debug logging for this logger for a complete list of JARs that were scanned but no TLDs were found in them. Skipping unneeded JARs during scanning can improve startup time and JSP compilation time.
05-Aug-2021 11:55:32.450 INFO [http-nio-8080-exec-431] org.apache.catalina.core.StandardContext.reload Reloading Context with name [/eAyd] is completed
05-Aug-2021 11:55:51.192 INFO [http-nio-8080-exec-440] org.apache.catalina.core.StandardContext.reload Reloading Context with name [/eAyd] has started
05-Aug-2021 11:55:51.192 INFO [http-nio-8080-exec-440] org.apache.catalina.core.StandardWrapper.unload Waiting for [1] instance(s) to be deallocated for Servlet [jsp]
05-Aug-2021 11:55:52.298 INFO [http-nio-8080-exec-440] org.apache.catalina.core.StandardWrapper.unload Waiting for [1] instance(s) to be deallocated for Servlet [jsp]
05-Aug-2021 11:55:53.396 INFO [http-nio-8080-exec-440] org.apache.catalina.core.StandardWrapper.unload Waiting for [1] instance(s) to be deallocated for Servlet [jsp]
05-Aug-2021 11:55:53.530 WARNING [http-nio-8080-exec-440] org.apache.catalina.loader.WebappClassLoaderBase.clearReferencesThreads The web application [eAyd] is still processing a request that has yet to finish. This is very likely to create a memory leak. You can control the time allowed for requests to finish by using the unloadDelay attribute of the standard Context implementation. Stack trace of request processing thread:[
 java.net.SocketInputStream.socketRead0(Native Method)
 java.net.SocketInputStream.socketRead(SocketInputStream.java:116)
 java.net.SocketInputStream.read(SocketInputStream.java:171)
 java.net.SocketInputStream.read(SocketInputStream.java:141)
 sun.security.ssl.InputRecord.readFully(InputRecord.java:465)
 sun.security.ssl.InputRecord.read(InputRecord.java:503)
 sun.security.ssl.SSLSocketImpl.readRecord(SSLSocketImpl.java:975)
 sun.security.ssl.SSLSocketImpl.readDataRecord(SSLSocketImpl.java:933)
 sun.security.ssl.AppInputStream.read(AppInputStream.java:105)
 java.io.BufferedInputStream.fill(BufferedInputStream.java:246)
 java.io.BufferedInputStream.read1(BufferedInputStream.java:286)
 java.io.BufferedInputStream.read(BufferedInputStream.java:345)
 sun.net.www.http.HttpClient.parseHTTPHeader(HttpClient.java:735)
 sun.net.www.http.HttpClient.parseHTTP(HttpClient.java:678)
 sun.net.www.protocol.http.HttpURLConnection.getInputStream0(HttpURLConnection.java:1593)
 sun.net.www.protocol.http.HttpURLConnection.getInputStream(HttpURLConnection.java:1498)
 java.net.HttpURLConnection.getResponseCode(HttpURLConnection.java:480)
 sun.net.www.protocol.https.HttpsURLConnectionImpl.getResponseCode(HttpsURLConnectionImpl.java:352)
 org.apache.jsp.Inicio_jsp._jspService(Inicio_jsp.java:781)
 org.apache.jasper.runtime.HttpJspBase.service(HttpJspBase.java:71)
 javax.servlet.http.HttpServlet.service(HttpServlet.java:741)
 org.apache.jasper.servlet.JspServletWrapper.service(JspServletWrapper.java:477)
 org.apache.jasper.servlet.JspServlet.serviceJspFile(JspServlet.java:385)
 org.apache.jasper.servlet.JspServlet.service(JspServlet.java:329)
 javax.servlet.http.HttpServlet.service(HttpServlet.java:741)
 org.apache.catalina.core.ApplicationFilterChain.internalDoFilter(ApplicationFilterChain.java:231)
 org.apache.catalina.core.ApplicationFilterChain.doFilter(ApplicationFilterChain.java:166)
 org.apache.tomcat.websocket.server.WsFilter.doFilter(WsFilter.java:53)
 org.apache.catalina.core.ApplicationFilterChain.internalDoFilter(ApplicationFilterChain.java:193)
 org.apache.catalina.core.ApplicationFilterChain.doFilter(ApplicationFilterChain.java:166)
 org.apache.catalina.core.StandardWrapperValve.invoke(StandardWrapperValve.java:202)
 org.apache.catalina.core.StandardContextValve.invoke(StandardContextValve.java:96)
 org.apache.catalina.authenticator.AuthenticatorBase.invoke(AuthenticatorBase.java:541)
 org.apache.catalina.core.StandardHostValve.invoke(StandardHostValve.java:139)
 org.apache.catalina.valves.ErrorReportValve.invoke(ErrorReportValve.java:92)
 org.apache.catalina.valves.AbstractAccessLogValve.invoke(AbstractAccessLogValve.java:690)
 org.apache.catalina.core.StandardEngineValve.invoke(StandardEngineValve.java:74)
 org.apache.catalina.connector.CoyoteAdapter.service(CoyoteAdapter.java:343)
 org.apache.coyote.http11.Http11Processor.service(Http11Processor.java:373)
 org.apache.coyote.AbstractProcessorLight.process(AbstractProcessorLight.java:65)
 org.apache.coyote.AbstractProtocol$ConnectionHandler.process(AbstractProtocol.java:868)
 org.apache.tomcat.util.net.NioEndpoint$SocketProcessor.doRun(NioEndpoint.java:1590)
 org.apache.tomcat.util.net.SocketProcessorBase.run(SocketProcessorBase.java:49)
 java.util.concurrent.ThreadPoolExecutor.runWorker(ThreadPoolExecutor.java:1149)
 java.util.concurrent.ThreadPoolExecutor$Worker.run(ThreadPoolExecutor.java:624)
 org.apache.tomcat.util.threads.TaskThread$WrappingRunnable.run(TaskThread.java:61)
 java.lang.Thread.run(Thread.java:748)]
05-Aug-2021 11:55:53.866 INFO [http-nio-8080-exec-440] org.apache.jasper.servlet.TldScanner.scanJars At least one JAR was scanned for TLDs yet contained no TLDs. Enable debug logging for this logger for a complete list of JARs that were scanned but no TLDs were found in them. Skipping unneeded JARs during scanning can improve startup time and JSP compilation time.
05-Aug-2021 11:55:53.873 INFO [http-nio-8080-exec-440] org.apache.catalina.core.StandardContext.reload Reloading Context with name [/eAyd] is completed
05-Aug-2021 18:19:39.778 INFO [main] org.apache.catalina.core.StandardServer.await A valid shutdown command was received via the shutdown port. Stopping the Server instance.
05-Aug-2021 18:19:39.940 INFO [main] org.apache.coyote.AbstractProtocol.pause Pausing ProtocolHandler ["http-nio-8080"]
05-Aug-2021 18:19:40.252 INFO [main] org.apache.coyote.AbstractProtocol.pause Pausing ProtocolHandler ["https-openssl-nio-8443"]
05-Aug-2021 18:19:40.541 INFO [main] org.apache.catalina.core.StandardService.stopInternal Stopping service [Catalina]
05-Aug-2021 18:19:40.712 INFO [main] org.apache.coyote.AbstractProtocol.stop Stopping ProtocolHandler ["http-nio-8080"]
05-Aug-2021 18:19:40.715 INFO [main] org.apache.coyote.AbstractProtocol.stop Stopping ProtocolHandler ["https-openssl-nio-8443"]
05-Aug-2021 18:19:40.718 INFO [main] org.apache.coyote.AbstractProtocol.destroy Destroying ProtocolHandler ["http-nio-8080"]
05-Aug-2021 18:19:41.058 INFO [main] org.apache.coyote.AbstractProtocol.destroy Destroying ProtocolHandler ["https-openssl-nio-8443"]
05-Aug-2021 18:25:35.871 INFO [main] org.apache.catalina.startup.VersionLoggerListener.log Server version name:   Apache Tomcat/9.0.36
05-Aug-2021 18:25:35.874 INFO [main] org.apache.catalina.startup.VersionLoggerListener.log Server built:          Jun 3 2020 17:07:09 UTC
05-Aug-2021 18:25:35.874 INFO [main] org.apache.catalina.startup.VersionLoggerListener.log Server version number: 9.0.36.0
05-Aug-2021 18:25:35.874 INFO [main] org.apache.catalina.startup.VersionLoggerListener.log OS Name:               Windows 10
05-Aug-2021 18:25:35.874 INFO [main] org.apache.catalina.startup.VersionLoggerListener.log OS Version:            10.0
05-Aug-2021 18:25:35.874 INFO [main] org.apache.catalina.startup.VersionLoggerListener.log Architecture:          amd64
05-Aug-2021 18:25:35.874 INFO [main] org.apache.catalina.startup.VersionLoggerListener.log Java Home:             C:\Program Files\Java\jdk1.8.0_221\jre
05-Aug-2021 18:25:35.875 INFO [main] org.apache.catalina.startup.VersionLoggerListener.log JVM Version:           1.8.0_221-b11
05-Aug-2021 18:25:35.875 INFO [main] org.apache.catalina.startup.VersionLoggerListener.log JVM Vendor:            Oracle Corporation
05-Aug-2021 18:25:35.875 INFO [main] org.apache.catalina.startup.VersionLoggerListener.log CATALINA_BASE:         C:\Users\marco\Documents\GARULO\ServiciosDeAguayDrenajeMty\AppWEBResponsiveSAP\WorkSpace\eAydSAPResponsivo\Server\apache-tomcat-9.0.36
05-Aug-2021 18:25:35.875 INFO [main] org.apache.catalina.startup.VersionLoggerListener.log CATALINA_HOME:         C:\Users\marco\Documents\GARULO\ServiciosDeAguayDrenajeMty\AppWEBResponsiveSAP\WorkSpace\eAydSAPResponsivo\Server\apache-tomcat-9.0.36
05-Aug-2021 18:25:35.876 INFO [main] org.apache.catalina.startup.VersionLoggerListener.log Command line argument: -Djava.util.logging.config.file=C:\Users\marco\Documents\GARULO\ServiciosDeAguayDrenajeMty\AppWEBResponsiveSAP\WorkSpace\eAydSAPResponsivo\Server\apache-tomcat-9.0.36\conf\logging.properties
05-Aug-2021 18:25:35.877 INFO [main] org.apache.catalina.startup.VersionLoggerListener.log Command line argument: -Djava.util.logging.manager=org.apache.juli.ClassLoaderLogManager
05-Aug-2021 18:25:35.877 INFO [main] org.apache.catalina.startup.VersionLoggerListener.log Command line argument: -Djdk.tls.ephemeralDHKeySize=2048
05-Aug-2021 18:25:35.877 INFO [main] org.apache.catalina.startup.VersionLoggerListener.log Command line argument: -Djava.protocol.handler.pkgs=org.apache.catalina.webresources
05-Aug-2021 18:25:35.877 INFO [main] org.apache.catalina.startup.VersionLoggerListener.log Command line argument: -Dignore.endorsed.dirs=
05-Aug-2021 18:25:35.877 INFO [main] org.apache.catalina.startup.VersionLoggerListener.log Command line argument: -Dcatalina.base=C:\Users\marco\Documents\GARULO\ServiciosDeAguayDrenajeMty\AppWEBResponsiveSAP\WorkSpace\eAydSAPResponsivo\Server\apache-tomcat-9.0.36
05-Aug-2021 18:25:35.878 INFO [main] org.apache.catalina.startup.VersionLoggerListener.log Command line argument: -Dcatalina.home=C:\Users\marco\Documents\GARULO\ServiciosDeAguayDrenajeMty\AppWEBResponsiveSAP\WorkSpace\eAydSAPResponsivo\Server\apache-tomcat-9.0.36
05-Aug-2021 18:25:35.882 INFO [main] org.apache.catalina.startup.VersionLoggerListener.log Command line argument: -Djava.io.tmpdir=C:\Users\marco\Documents\GARULO\ServiciosDeAguayDrenajeMty\AppWEBResponsiveSAP\WorkSpace\eAydSAPResponsivo\Server\apache-tomcat-9.0.36\temp
05-Aug-2021 18:25:35.882 INFO [main] org.apache.catalina.core.AprLifecycleListener.lifecycleEvent Loaded Apache Tomcat Native library [1.2.24] using APR version [1.7.0].
05-Aug-2021 18:25:35.882 INFO [main] org.apache.catalina.core.AprLifecycleListener.lifecycleEvent APR capabilities: IPv6 [true], sendfile [true], accept filters [false], random [true].
05-Aug-2021 18:25:35.882 INFO [main] org.apache.catalina.core.AprLifecycleListener.lifecycleEvent APR/OpenSSL configuration: useAprConnector [false], useOpenSSL [true]
05-Aug-2021 18:25:35.991 INFO [main] org.apache.catalina.core.AprLifecycleListener.initializeSSL OpenSSL successfully initialized [OpenSSL 1.1.1g  21 Apr 2020]
05-Aug-2021 18:25:38.139 INFO [main] org.apache.coyote.AbstractProtocol.init Initializing ProtocolHandler ["http-nio-8080"]
05-Aug-2021 18:25:38.692 INFO [main] org.apache.coyote.AbstractProtocol.init Initializing ProtocolHandler ["https-openssl-nio-8443"]
05-Aug-2021 18:25:40.319 INFO [main] org.apache.catalina.startup.Catalina.load Server initialization in [6,047] milliseconds
05-Aug-2021 18:25:40.555 INFO [main] org.apache.catalina.core.StandardService.startInternal Starting service [Catalina]
05-Aug-2021 18:25:40.555 INFO [main] org.apache.catalina.core.StandardEngine.startInternal Starting Servlet engine: [Apache Tomcat/9.0.36]
05-Aug-2021 18:25:40.568 INFO [main] org.apache.catalina.startup.HostConfig.deployDescriptor Deploying deployment descriptor [C:\Users\marco\Documents\GARULO\ServiciosDeAguayDrenajeMty\AppWEBResponsiveSAP\WorkSpace\eAydSAPResponsivo\Server\apache-tomcat-9.0.36\conf\Catalina\localhost\eAyd.xml]
05-Aug-2021 18:25:40.657 WARNING [main] org.apache.catalina.startup.HostConfig.deployDescriptor The path attribute with value [/eAyd] in deployment descriptor [C:\Users\marco\Documents\GARULO\ServiciosDeAguayDrenajeMty\AppWEBResponsiveSAP\WorkSpace\eAydSAPResponsivo\Server\apache-tomcat-9.0.36\conf\Catalina\localhost\eAyd.xml] has been ignored
05-Aug-2021 18:25:42.567 INFO [main] org.apache.jasper.servlet.TldScanner.scanJars At least one JAR was scanned for TLDs yet contained no TLDs. Enable debug logging for this logger for a complete list of JARs that were scanned but no TLDs were found in them. Skipping unneeded JARs during scanning can improve startup time and JSP compilation time.
05-Aug-2021 18:25:42.949 INFO [main] org.apache.catalina.startup.HostConfig.deployDescriptor Deployment of deployment descriptor [C:\Users\marco\Documents\GARULO\ServiciosDeAguayDrenajeMty\AppWEBResponsiveSAP\WorkSpace\eAydSAPResponsivo\Server\apache-tomcat-9.0.36\conf\Catalina\localhost\eAyd.xml] has finished in [2,380] ms
05-Aug-2021 18:25:42.949 INFO [main] org.apache.catalina.startup.HostConfig.deployDirectory Deploying web application directory [C:\Users\marco\Documents\GARULO\ServiciosDeAguayDrenajeMty\AppWEBResponsiveSAP\WorkSpace\eAydSAPResponsivo\Server\apache-tomcat-9.0.36\webapps\docs]
05-Aug-2021 18:25:43.024 INFO [main] org.apache.catalina.startup.HostConfig.deployDirectory Deployment of web application directory [C:\Users\marco\Documents\GARULO\ServiciosDeAguayDrenajeMty\AppWEBResponsiveSAP\WorkSpace\eAydSAPResponsivo\Server\apache-tomcat-9.0.36\webapps\docs] has finished in [75] ms
05-Aug-2021 18:25:43.024 INFO [main] org.apache.catalina.startup.HostConfig.deployDirectory Deploying web application directory [C:\Users\marco\Documents\GARULO\ServiciosDeAguayDrenajeMty\AppWEBResponsiveSAP\WorkSpace\eAydSAPResponsivo\Server\apache-tomcat-9.0.36\webapps\examples]
05-Aug-2021 18:25:47.857 INFO [main] org.apache.catalina.startup.HostConfig.deployDirectory Deployment of web application directory [C:\Users\marco\Documents\GARULO\ServiciosDeAguayDrenajeMty\AppWEBResponsiveSAP\WorkSpace\eAydSAPResponsivo\Server\apache-tomcat-9.0.36\webapps\examples] has finished in [4,833] ms
05-Aug-2021 18:25:47.858 INFO [main] org.apache.catalina.startup.HostConfig.deployDirectory Deploying web application directory [C:\Users\marco\Documents\GARULO\ServiciosDeAguayDrenajeMty\AppWEBResponsiveSAP\WorkSpace\eAydSAPResponsivo\Server\apache-tomcat-9.0.36\webapps\host-manager]
05-Aug-2021 18:25:48.039 INFO [main] org.apache.catalina.startup.HostConfig.deployDirectory Deployment of web application directory [C:\Users\marco\Documents\GARULO\ServiciosDeAguayDrenajeMty\AppWEBResponsiveSAP\WorkSpace\eAydSAPResponsivo\Server\apache-tomcat-9.0.36\webapps\host-manager] has finished in [181] ms
05-Aug-2021 18:25:48.039 INFO [main] org.apache.catalina.startup.HostConfig.deployDirectory Deploying web application directory [C:\Users\marco\Documents\GARULO\ServiciosDeAguayDrenajeMty\AppWEBResponsiveSAP\WorkSpace\eAydSAPResponsivo\Server\apache-tomcat-9.0.36\webapps\manager]
05-Aug-2021 18:25:48.271 INFO [main] org.apache.catalina.startup.HostConfig.deployDirectory Deployment of web application directory [C:\Users\marco\Documents\GARULO\ServiciosDeAguayDrenajeMty\AppWEBResponsiveSAP\WorkSpace\eAydSAPResponsivo\Server\apache-tomcat-9.0.36\webapps\manager] has finished in [232] ms
05-Aug-2021 18:25:48.271 INFO [main] org.apache.catalina.startup.HostConfig.deployDirectory Deploying web application directory [C:\Users\marco\Documents\GARULO\ServiciosDeAguayDrenajeMty\AppWEBResponsiveSAP\WorkSpace\eAydSAPResponsivo\Server\apache-tomcat-9.0.36\webapps\ROOT]
05-Aug-2021 18:25:48.377 INFO [main] org.apache.catalina.startup.HostConfig.deployDirectory Deployment of web application directory [C:\Users\marco\Documents\GARULO\ServiciosDeAguayDrenajeMty\AppWEBResponsiveSAP\WorkSpace\eAydSAPResponsivo\Server\apache-tomcat-9.0.36\webapps\ROOT] has finished in [106] ms
05-Aug-2021 18:25:48.421 INFO [main] org.apache.coyote.AbstractProtocol.start Starting ProtocolHandler ["http-nio-8080"]
05-Aug-2021 18:25:48.430 INFO [main] org.apache.coyote.AbstractProtocol.start Starting ProtocolHandler ["https-openssl-nio-8443"]
05-Aug-2021 18:25:48.433 INFO [main] org.apache.catalina.startup.Catalina.start Server startup in [8,113] milliseconds
05-Aug-2021 18:25:53.625 INFO [http-nio-8080-exec-2] org.apache.catalina.core.StandardContext.reload Reloading Context with name [/eAyd] has started
05-Aug-2021 18:25:54.673 INFO [20] org.apache.jasper.servlet.TldScanner.scanJars At least one JAR was scanned for TLDs yet contained no TLDs. Enable debug logging for this logger for a complete list of JARs that were scanned but no TLDs were found in them. Skipping unneeded JARs during scanning can improve startup time and JSP compilation time.
05-Aug-2021 18:25:54.686 INFO [20] org.apache.catalina.core.StandardContext.reload Reloading Context with name [/eAyd] is completed
05-Aug-2021 18:33:55.092 INFO [main] org.apache.catalina.core.StandardServer.await A valid shutdown command was received via the shutdown port. Stopping the Server instance.
05-Aug-2021 18:33:55.092 INFO [main] org.apache.coyote.AbstractProtocol.pause Pausing ProtocolHandler ["http-nio-8080"]
05-Aug-2021 18:33:55.658 INFO [main] org.apache.coyote.AbstractProtocol.pause Pausing ProtocolHandler ["https-openssl-nio-8443"]
05-Aug-2021 18:33:55.933 INFO [main] org.apache.catalina.core.StandardService.stopInternal Stopping service [Catalina]
05-Aug-2021 18:33:56.197 INFO [main] org.apache.coyote.AbstractProtocol.stop Stopping ProtocolHandler ["http-nio-8080"]
05-Aug-2021 18:33:56.201 INFO [main] org.apache.coyote.AbstractProtocol.stop Stopping ProtocolHandler ["https-openssl-nio-8443"]
05-Aug-2021 18:33:56.203 INFO [main] org.apache.coyote.AbstractProtocol.destroy Destroying ProtocolHandler ["http-nio-8080"]
05-Aug-2021 18:33:56.204 INFO [main] org.apache.coyote.AbstractProtocol.destroy Destroying ProtocolHandler ["https-openssl-nio-8443"]
05-Aug-2021 20:27:04.860 INFO [main] org.apache.catalina.startup.VersionLoggerListener.log Server version name:   Apache Tomcat/9.0.36
05-Aug-2021 20:27:04.865 INFO [main] org.apache.catalina.startup.VersionLoggerListener.log Server built:          Jun 3 2020 17:07:09 UTC
05-Aug-2021 20:27:04.865 INFO [main] org.apache.catalina.startup.VersionLoggerListener.log Server version number: 9.0.36.0
05-Aug-2021 20:27:04.865 INFO [main] org.apache.catalina.startup.VersionLoggerListener.log OS Name:               Windows 10
05-Aug-2021 20:27:04.865 INFO [main] org.apache.catalina.startup.VersionLoggerListener.log OS Version:            10.0
05-Aug-2021 20:27:04.865 INFO [main] org.apache.catalina.startup.VersionLoggerListener.log Architecture:          amd64
05-Aug-2021 20:27:04.865 INFO [main] org.apache.catalina.startup.VersionLoggerListener.log Java Home:             C:\Program Files\Java\jdk1.8.0_221\jre
05-Aug-2021 20:27:04.865 INFO [main] org.apache.catalina.startup.VersionLoggerListener.log JVM Version:           1.8.0_221-b11
05-Aug-2021 20:27:04.865 INFO [main] org.apache.catalina.startup.VersionLoggerListener.log JVM Vendor:            Oracle Corporation
05-Aug-2021 20:27:04.865 INFO [main] org.apache.catalina.startup.VersionLoggerListener.log CATALINA_BASE:         C:\Users\marco\Documents\GARULO\ServiciosDeAguayDrenajeMty\AppWEBResponsiveSAP\WorkSpace\eAydSAPResponsivo\Server\apache-tomcat-9.0.36
05-Aug-2021 20:27:04.866 INFO [main] org.apache.catalina.startup.VersionLoggerListener.log CATALINA_HOME:         C:\Users\marco\Documents\GARULO\ServiciosDeAguayDrenajeMty\AppWEBResponsiveSAP\WorkSpace\eAydSAPResponsivo\Server\apache-tomcat-9.0.36
05-Aug-2021 20:27:04.868 INFO [main] org.apache.catalina.startup.VersionLoggerListener.log Command line argument: -Djava.util.logging.config.file=C:\Users\marco\Documents\GARULO\ServiciosDeAguayDrenajeMty\AppWEBResponsiveSAP\WorkSpace\eAydSAPResponsivo\Server\apache-tomcat-9.0.36\conf\logging.properties
05-Aug-2021 20:27:04.868 INFO [main] org.apache.catalina.startup.VersionLoggerListener.log Command line argument: -Djava.util.logging.manager=org.apache.juli.ClassLoaderLogManager
05-Aug-2021 20:27:04.869 INFO [main] org.apache.catalina.startup.VersionLoggerListener.log Command line argument: -Djdk.tls.ephemeralDHKeySize=2048
05-Aug-2021 20:27:04.869 INFO [main] org.apache.catalina.startup.VersionLoggerListener.log Command line argument: -Djava.protocol.handler.pkgs=org.apache.catalina.webresources
05-Aug-2021 20:27:04.869 INFO [main] org.apache.catalina.startup.VersionLoggerListener.log Command line argument: -Dignore.endorsed.dirs=
05-Aug-2021 20:27:04.869 INFO [main] org.apache.catalina.startup.VersionLoggerListener.log Command line argument: -Dcatalina.base=C:\Users\marco\Documents\GARULO\ServiciosDeAguayDrenajeMty\AppWEBResponsiveSAP\WorkSpace\eAydSAPResponsivo\Server\apache-tomcat-9.0.36
05-Aug-2021 20:27:04.869 INFO [main] org.apache.catalina.startup.VersionLoggerListener.log Command line argument: -Dcatalina.home=C:\Users\marco\Documents\GARULO\ServiciosDeAguayDrenajeMty\AppWEBResponsiveSAP\WorkSpace\eAydSAPResponsivo\Server\apache-tomcat-9.0.36
05-Aug-2021 20:27:04.869 INFO [main] org.apache.catalina.startup.VersionLoggerListener.log Command line argument: -Djava.io.tmpdir=C:\Users\marco\Documents\GARULO\ServiciosDeAguayDrenajeMty\AppWEBResponsiveSAP\WorkSpace\eAydSAPResponsivo\Server\apache-tomcat-9.0.36\temp
05-Aug-2021 20:27:04.869 INFO [main] org.apache.catalina.core.AprLifecycleListener.lifecycleEvent Loaded Apache Tomcat Native library [1.2.24] using APR version [1.7.0].
05-Aug-2021 20:27:04.869 INFO [main] org.apache.catalina.core.AprLifecycleListener.lifecycleEvent APR capabilities: IPv6 [true], sendfile [true], accept filters [false], random [true].
05-Aug-2021 20:27:04.874 INFO [main] org.apache.catalina.core.AprLifecycleListener.lifecycleEvent APR/OpenSSL configuration: useAprConnector [false], useOpenSSL [true]
05-Aug-2021 20:27:04.884 INFO [main] org.apache.catalina.core.AprLifecycleListener.initializeSSL OpenSSL successfully initialized [OpenSSL 1.1.1g  21 Apr 2020]
05-Aug-2021 20:27:05.826 INFO [main] org.apache.coyote.AbstractProtocol.init Initializing ProtocolHandler ["http-nio-8080"]
05-Aug-2021 20:27:06.619 INFO [main] org.apache.coyote.AbstractProtocol.init Initializing ProtocolHandler ["https-openssl-nio-8443"]
05-Aug-2021 20:27:07.786 INFO [main] org.apache.catalina.startup.Catalina.load Server initialization in [3,485] milliseconds
05-Aug-2021 20:27:07.873 INFO [main] org.apache.catalina.core.StandardService.startInternal Starting service [Catalina]
05-Aug-2021 20:27:07.873 INFO [main] org.apache.catalina.core.StandardEngine.startInternal Starting Servlet engine: [Apache Tomcat/9.0.36]
05-Aug-2021 20:27:07.908 INFO [main] org.apache.catalina.startup.HostConfig.deployDescriptor Deploying deployment descriptor [C:\Users\marco\Documents\GARULO\ServiciosDeAguayDrenajeMty\AppWEBResponsiveSAP\WorkSpace\eAydSAPResponsivo\Server\apache-tomcat-9.0.36\conf\Catalina\localhost\eAyd.xml]
05-Aug-2021 20:27:07.953 WARNING [main] org.apache.catalina.startup.HostConfig.deployDescriptor The path attribute with value [/eAyd] in deployment descriptor [C:\Users\marco\Documents\GARULO\ServiciosDeAguayDrenajeMty\AppWEBResponsiveSAP\WorkSpace\eAydSAPResponsivo\Server\apache-tomcat-9.0.36\conf\Catalina\localhost\eAyd.xml] has been ignored
05-Aug-2021 20:27:09.176 INFO [main] org.apache.jasper.servlet.TldScanner.scanJars At least one JAR was scanned for TLDs yet contained no TLDs. Enable debug logging for this logger for a complete list of JARs that were scanned but no TLDs were found in them. Skipping unneeded JARs during scanning can improve startup time and JSP compilation time.
05-Aug-2021 20:27:09.314 INFO [main] org.apache.catalina.startup.HostConfig.deployDescriptor Deployment of deployment descriptor [C:\Users\marco\Documents\GARULO\ServiciosDeAguayDrenajeMty\AppWEBResponsiveSAP\WorkSpace\eAydSAPResponsivo\Server\apache-tomcat-9.0.36\conf\Catalina\localhost\eAyd.xml] has finished in [1,406] ms
05-Aug-2021 20:27:09.315 INFO [main] org.apache.catalina.startup.HostConfig.deployDirectory Deploying web application directory [C:\Users\marco\Documents\GARULO\ServiciosDeAguayDrenajeMty\AppWEBResponsiveSAP\WorkSpace\eAydSAPResponsivo\Server\apache-tomcat-9.0.36\webapps\docs]
05-Aug-2021 20:27:09.396 INFO [main] org.apache.catalina.startup.HostConfig.deployDirectory Deployment of web application directory [C:\Users\marco\Documents\GARULO\ServiciosDeAguayDrenajeMty\AppWEBResponsiveSAP\WorkSpace\eAydSAPResponsivo\Server\apache-tomcat-9.0.36\webapps\docs] has finished in [81] ms
05-Aug-2021 20:27:09.397 INFO [main] org.apache.catalina.startup.HostConfig.deployDirectory Deploying web application directory [C:\Users\marco\Documents\GARULO\ServiciosDeAguayDrenajeMty\AppWEBResponsiveSAP\WorkSpace\eAydSAPResponsivo\Server\apache-tomcat-9.0.36\webapps\examples]
05-Aug-2021 20:27:11.549 INFO [main] org.apache.catalina.startup.HostConfig.deployDirectory Deployment of web application directory [C:\Users\marco\Documents\GARULO\ServiciosDeAguayDrenajeMty\AppWEBResponsiveSAP\WorkSpace\eAydSAPResponsivo\Server\apache-tomcat-9.0.36\webapps\examples] has finished in [2,151] ms
05-Aug-2021 20:27:11.555 INFO [main] org.apache.catalina.startup.HostConfig.deployDirectory Deploying web application directory [C:\Users\marco\Documents\GARULO\ServiciosDeAguayDrenajeMty\AppWEBResponsiveSAP\WorkSpace\eAydSAPResponsivo\Server\apache-tomcat-9.0.36\webapps\host-manager]
05-Aug-2021 20:27:11.664 INFO [main] org.apache.catalina.startup.HostConfig.deployDirectory Deployment of web application directory [C:\Users\marco\Documents\GARULO\ServiciosDeAguayDrenajeMty\AppWEBResponsiveSAP\WorkSpace\eAydSAPResponsivo\Server\apache-tomcat-9.0.36\webapps\host-manager] has finished in [108] ms
05-Aug-2021 20:27:11.664 INFO [main] org.apache.catalina.startup.HostConfig.deployDirectory Deploying web application directory [C:\Users\marco\Documents\GARULO\ServiciosDeAguayDrenajeMty\AppWEBResponsiveSAP\WorkSpace\eAydSAPResponsivo\Server\apache-tomcat-9.0.36\webapps\manager]
05-Aug-2021 20:27:11.763 INFO [main] org.apache.catalina.startup.HostConfig.deployDirectory Deployment of web application directory [C:\Users\marco\Documents\GARULO\ServiciosDeAguayDrenajeMty\AppWEBResponsiveSAP\WorkSpace\eAydSAPResponsivo\Server\apache-tomcat-9.0.36\webapps\manager] has finished in [99] ms
05-Aug-2021 20:27:11.764 INFO [main] org.apache.catalina.startup.HostConfig.deployDirectory Deploying web application directory [C:\Users\marco\Documents\GARULO\ServiciosDeAguayDrenajeMty\AppWEBResponsiveSAP\WorkSpace\eAydSAPResponsivo\Server\apache-tomcat-9.0.36\webapps\ROOT]
05-Aug-2021 20:27:11.917 INFO [main] org.apache.catalina.startup.HostConfig.deployDirectory Deployment of web application directory [C:\Users\marco\Documents\GARULO\ServiciosDeAguayDrenajeMty\AppWEBResponsiveSAP\WorkSpace\eAydSAPResponsivo\Server\apache-tomcat-9.0.36\webapps\ROOT] has finished in [153] ms
05-Aug-2021 20:27:11.923 INFO [main] org.apache.coyote.AbstractProtocol.start Starting ProtocolHandler ["http-nio-8080"]
05-Aug-2021 20:27:11.938 INFO [main] org.apache.coyote.AbstractProtocol.start Starting ProtocolHandler ["https-openssl-nio-8443"]
05-Aug-2021 20:27:11.942 INFO [main] org.apache.catalina.startup.Catalina.start Server startup in [4,155] milliseconds
05-Aug-2021 20:40:04.235 INFO [main] org.apache.catalina.core.StandardServer.await A valid shutdown command was received via the shutdown port. Stopping the Server instance.
05-Aug-2021 20:40:04.236 INFO [main] org.apache.coyote.AbstractProtocol.pause Pausing ProtocolHandler ["http-nio-8080"]
05-Aug-2021 20:40:04.546 INFO [main] org.apache.coyote.AbstractProtocol.pause Pausing ProtocolHandler ["https-openssl-nio-8443"]
05-Aug-2021 20:40:04.999 INFO [main] org.apache.catalina.core.StandardService.stopInternal Stopping service [Catalina]
05-Aug-2021 20:40:05.038 INFO [main] org.apache.coyote.AbstractProtocol.stop Stopping ProtocolHandler ["http-nio-8080"]
05-Aug-2021 20:40:05.042 INFO [main] org.apache.coyote.AbstractProtocol.stop Stopping ProtocolHandler ["https-openssl-nio-8443"]
05-Aug-2021 20:40:05.045 INFO [main] org.apache.coyote.AbstractProtocol.destroy Destroying ProtocolHandler ["http-nio-8080"]
05-Aug-2021 20:40:05.046 INFO [main] org.apache.coyote.AbstractProtocol.destroy Destroying ProtocolHandler ["https-openssl-nio-8443"]
05-Aug-2021 22:33:17.656 INFO [main] org.apache.catalina.startup.VersionLoggerListener.log Server version name:   Apache Tomcat/9.0.36
05-Aug-2021 22:33:17.659 INFO [main] org.apache.catalina.startup.VersionLoggerListener.log Server built:          Jun 3 2020 17:07:09 UTC
05-Aug-2021 22:33:17.659 INFO [main] org.apache.catalina.startup.VersionLoggerListener.log Server version number: 9.0.36.0
05-Aug-2021 22:33:17.659 INFO [main] org.apache.catalina.startup.VersionLoggerListener.log OS Name:               Windows 10
05-Aug-2021 22:33:17.659 INFO [main] org.apache.catalina.startup.VersionLoggerListener.log OS Version:            10.0
05-Aug-2021 22:33:17.659 INFO [main] org.apache.catalina.startup.VersionLoggerListener.log Architecture:          amd64
05-Aug-2021 22:33:17.660 INFO [main] org.apache.catalina.startup.VersionLoggerListener.log Java Home:             C:\Program Files\Java\jdk1.8.0_221\jre
05-Aug-2021 22:33:17.660 INFO [main] org.apache.catalina.startup.VersionLoggerListener.log JVM Version:           1.8.0_221-b11
05-Aug-2021 22:33:17.660 INFO [main] org.apache.catalina.startup.VersionLoggerListener.log JVM Vendor:            Oracle Corporation
05-Aug-2021 22:33:17.660 INFO [main] org.apache.catalina.startup.VersionLoggerListener.log CATALINA_BASE:         C:\Users\marco\Documents\GARULO\ServiciosDeAguayDrenajeMty\AppWEBResponsiveSAP\WorkSpace\eAydSAPResponsivo\Server\apache-tomcat-9.0.36
05-Aug-2021 22:33:17.660 INFO [main] org.apache.catalina.startup.VersionLoggerListener.log CATALINA_HOME:         C:\Users\marco\Documents\GARULO\ServiciosDeAguayDrenajeMty\AppWEBResponsiveSAP\WorkSpace\eAydSAPResponsivo\Server\apache-tomcat-9.0.36
05-Aug-2021 22:33:17.662 INFO [main] org.apache.catalina.startup.VersionLoggerListener.log Command line argument: -Djava.util.logging.config.file=C:\Users\marco\Documents\GARULO\ServiciosDeAguayDrenajeMty\AppWEBResponsiveSAP\WorkSpace\eAydSAPResponsivo\Server\apache-tomcat-9.0.36\conf\logging.properties
05-Aug-2021 22:33:17.662 INFO [main] org.apache.catalina.startup.VersionLoggerListener.log Command line argument: -Djava.util.logging.manager=org.apache.juli.ClassLoaderLogManager
05-Aug-2021 22:33:17.662 INFO [main] org.apache.catalina.startup.VersionLoggerListener.log Command line argument: -Djdk.tls.ephemeralDHKeySize=2048
05-Aug-2021 22:33:17.662 INFO [main] org.apache.catalina.startup.VersionLoggerListener.log Command line argument: -Djava.protocol.handler.pkgs=org.apache.catalina.webresources
05-Aug-2021 22:33:17.662 INFO [main] org.apache.catalina.startup.VersionLoggerListener.log Command line argument: -Dignore.endorsed.dirs=
05-Aug-2021 22:33:17.662 INFO [main] org.apache.catalina.startup.VersionLoggerListener.log Command line argument: -Dcatalina.base=C:\Users\marco\Documents\GARULO\ServiciosDeAguayDrenajeMty\AppWEBResponsiveSAP\WorkSpace\eAydSAPResponsivo\Server\apache-tomcat-9.0.36
05-Aug-2021 22:33:17.662 INFO [main] org.apache.catalina.startup.VersionLoggerListener.log Command line argument: -Dcatalina.home=C:\Users\marco\Documents\GARULO\ServiciosDeAguayDrenajeMty\AppWEBResponsiveSAP\WorkSpace\eAydSAPResponsivo\Server\apache-tomcat-9.0.36
05-Aug-2021 22:33:17.662 INFO [main] org.apache.catalina.startup.VersionLoggerListener.log Command line argument: -Djava.io.tmpdir=C:\Users\marco\Documents\GARULO\ServiciosDeAguayDrenajeMty\AppWEBResponsiveSAP\WorkSpace\eAydSAPResponsivo\Server\apache-tomcat-9.0.36\temp
05-Aug-2021 22:33:17.663 INFO [main] org.apache.catalina.core.AprLifecycleListener.lifecycleEvent Loaded Apache Tomcat Native library [1.2.24] using APR version [1.7.0].
05-Aug-2021 22:33:17.663 INFO [main] org.apache.catalina.core.AprLifecycleListener.lifecycleEvent APR capabilities: IPv6 [true], sendfile [true], accept filters [false], random [true].
05-Aug-2021 22:33:17.663 INFO [main] org.apache.catalina.core.AprLifecycleListener.lifecycleEvent APR/OpenSSL configuration: useAprConnector [false], useOpenSSL [true]
05-Aug-2021 22:33:17.671 INFO [main] org.apache.catalina.core.AprLifecycleListener.initializeSSL OpenSSL successfully initialized [OpenSSL 1.1.1g  21 Apr 2020]
05-Aug-2021 22:33:18.349 INFO [main] org.apache.coyote.AbstractProtocol.init Initializing ProtocolHandler ["http-nio-8080"]
05-Aug-2021 22:33:18.761 INFO [main] org.apache.coyote.AbstractProtocol.init Initializing ProtocolHandler ["https-openssl-nio-8443"]
05-Aug-2021 22:33:19.661 INFO [main] org.apache.catalina.startup.Catalina.load Server initialization in [2,301] milliseconds
05-Aug-2021 22:33:19.986 INFO [main] org.apache.catalina.core.StandardService.startInternal Starting service [Catalina]
05-Aug-2021 22:33:19.987 INFO [main] org.apache.catalina.core.StandardEngine.startInternal Starting Servlet engine: [Apache Tomcat/9.0.36]
05-Aug-2021 22:33:20.001 INFO [main] org.apache.catalina.startup.HostConfig.deployDescriptor Deploying deployment descriptor [C:\Users\marco\Documents\GARULO\ServiciosDeAguayDrenajeMty\AppWEBResponsiveSAP\WorkSpace\eAydSAPResponsivo\Server\apache-tomcat-9.0.36\conf\Catalina\localhost\eAyd.xml]
05-Aug-2021 22:33:20.032 WARNING [main] org.apache.catalina.startup.HostConfig.deployDescriptor The path attribute with value [/eAyd] in deployment descriptor [C:\Users\marco\Documents\GARULO\ServiciosDeAguayDrenajeMty\AppWEBResponsiveSAP\WorkSpace\eAydSAPResponsivo\Server\apache-tomcat-9.0.36\conf\Catalina\localhost\eAyd.xml] has been ignored
05-Aug-2021 22:33:20.877 INFO [main] org.apache.jasper.servlet.TldScanner.scanJars At least one JAR was scanned for TLDs yet contained no TLDs. Enable debug logging for this logger for a complete list of JARs that were scanned but no TLDs were found in them. Skipping unneeded JARs during scanning can improve startup time and JSP compilation time.
05-Aug-2021 22:33:20.936 INFO [main] org.apache.catalina.startup.HostConfig.deployDescriptor Deployment of deployment descriptor [C:\Users\marco\Documents\GARULO\ServiciosDeAguayDrenajeMty\AppWEBResponsiveSAP\WorkSpace\eAydSAPResponsivo\Server\apache-tomcat-9.0.36\conf\Catalina\localhost\eAyd.xml] has finished in [935] ms
05-Aug-2021 22:33:20.937 INFO [main] org.apache.catalina.startup.HostConfig.deployDirectory Deploying web application directory [C:\Users\marco\Documents\GARULO\ServiciosDeAguayDrenajeMty\AppWEBResponsiveSAP\WorkSpace\eAydSAPResponsivo\Server\apache-tomcat-9.0.36\webapps\docs]
05-Aug-2021 22:33:21.003 INFO [main] org.apache.catalina.startup.HostConfig.deployDirectory Deployment of web application directory [C:\Users\marco\Documents\GARULO\ServiciosDeAguayDrenajeMty\AppWEBResponsiveSAP\WorkSpace\eAydSAPResponsivo\Server\apache-tomcat-9.0.36\webapps\docs] has finished in [66] ms
05-Aug-2021 22:33:21.003 INFO [main] org.apache.catalina.startup.HostConfig.deployDirectory Deploying web application directory [C:\Users\marco\Documents\GARULO\ServiciosDeAguayDrenajeMty\AppWEBResponsiveSAP\WorkSpace\eAydSAPResponsivo\Server\apache-tomcat-9.0.36\webapps\examples]
05-Aug-2021 22:33:25.245 INFO [main] org.apache.catalina.startup.HostConfig.deployDirectory Deployment of web application directory [C:\Users\marco\Documents\GARULO\ServiciosDeAguayDrenajeMty\AppWEBResponsiveSAP\WorkSpace\eAydSAPResponsivo\Server\apache-tomcat-9.0.36\webapps\examples] has finished in [4,242] ms
05-Aug-2021 22:33:25.246 INFO [main] org.apache.catalina.startup.HostConfig.deployDirectory Deploying web application directory [C:\Users\marco\Documents\GARULO\ServiciosDeAguayDrenajeMty\AppWEBResponsiveSAP\WorkSpace\eAydSAPResponsivo\Server\apache-tomcat-9.0.36\webapps\host-manager]
05-Aug-2021 22:33:25.357 INFO [main] org.apache.catalina.startup.HostConfig.deployDirectory Deployment of web application directory [C:\Users\marco\Documents\GARULO\ServiciosDeAguayDrenajeMty\AppWEBResponsiveSAP\WorkSpace\eAydSAPResponsivo\Server\apache-tomcat-9.0.36\webapps\host-manager] has finished in [111] ms
05-Aug-2021 22:33:25.357 INFO [main] org.apache.catalina.startup.HostConfig.deployDirectory Deploying web application directory [C:\Users\marco\Documents\GARULO\ServiciosDeAguayDrenajeMty\AppWEBResponsiveSAP\WorkSpace\eAydSAPResponsivo\Server\apache-tomcat-9.0.36\webapps\manager]
05-Aug-2021 22:33:25.504 INFO [main] org.apache.catalina.startup.HostConfig.deployDirectory Deployment of web application directory [C:\Users\marco\Documents\GARULO\ServiciosDeAguayDrenajeMty\AppWEBResponsiveSAP\WorkSpace\eAydSAPResponsivo\Server\apache-tomcat-9.0.36\webapps\manager] has finished in [147] ms
05-Aug-2021 22:33:25.504 INFO [main] org.apache.catalina.startup.HostConfig.deployDirectory Deploying web application directory [C:\Users\marco\Documents\GARULO\ServiciosDeAguayDrenajeMty\AppWEBResponsiveSAP\WorkSpace\eAydSAPResponsivo\Server\apache-tomcat-9.0.36\webapps\ROOT]
05-Aug-2021 22:33:25.611 INFO [main] org.apache.catalina.startup.HostConfig.deployDirectory Deployment of web application directory [C:\Users\marco\Documents\GARULO\ServiciosDeAguayDrenajeMty\AppWEBResponsiveSAP\WorkSpace\eAydSAPResponsivo\Server\apache-tomcat-9.0.36\webapps\ROOT] has finished in [106] ms
05-Aug-2021 22:33:25.617 INFO [main] org.apache.coyote.AbstractProtocol.start Starting ProtocolHandler ["http-nio-8080"]
05-Aug-2021 22:33:25.633 INFO [main] org.apache.coyote.AbstractProtocol.start Starting ProtocolHandler ["https-openssl-nio-8443"]
05-Aug-2021 22:33:25.639 INFO [main] org.apache.catalina.startup.Catalina.start Server startup in [5,978] milliseconds
