11-Jul-2021 12:42:51.476 INFO [http-nio-8080-exec-9] org.apache.catalina.core.StandardContext.reload Reloading Context with name [/eAyd] has started
11-Jul-2021 12:42:52.860 INFO [http-nio-8080-exec-9] org.apache.jasper.servlet.TldScanner.scanJars At least one JAR was scanned for TLDs yet contained no TLDs. Enable debug logging for this logger for a complete list of JARs that were scanned but no TLDs were found in them. Skipping unneeded JARs during scanning can improve startup time and JSP compilation time.
11-Jul-2021 12:42:52.884 INFO [http-nio-8080-exec-9] org.apache.catalina.core.StandardContext.reload Reloading Context with name [/eAyd] is completed
11-Jul-2021 12:43:21.155 INFO [http-nio-8080-exec-5] org.apache.catalina.core.StandardContext.reload Reloading Context with name [/eAyd] has started
11-Jul-2021 12:43:21.816 INFO [http-nio-8080-exec-5] org.apache.jasper.servlet.TldScanner.scanJars At least one JAR was scanned for TLDs yet contained no TLDs. Enable debug logging for this logger for a complete list of JARs that were scanned but no TLDs were found in them. Skipping unneeded JARs during scanning can improve startup time and JSP compilation time.
11-Jul-2021 12:43:21.831 INFO [http-nio-8080-exec-5] org.apache.catalina.core.StandardContext.reload Reloading Context with name [/eAyd] is completed
11-Jul-2021 13:00:44.455 INFO [http-nio-8080-exec-14] org.apache.catalina.core.StandardContext.reload Reloading Context with name [/eAyd] has started
11-Jul-2021 13:00:44.920 INFO [http-nio-8080-exec-14] org.apache.jasper.servlet.TldScanner.scanJars At least one JAR was scanned for TLDs yet contained no TLDs. Enable debug logging for this logger for a complete list of JARs that were scanned but no TLDs were found in them. Skipping unneeded JARs during scanning can improve startup time and JSP compilation time.
11-Jul-2021 13:00:44.926 INFO [http-nio-8080-exec-14] org.apache.catalina.core.StandardContext.reload Reloading Context with name [/eAyd] is completed
11-Jul-2021 13:01:05.528 INFO [http-nio-8080-exec-22] org.apache.catalina.core.StandardContext.reload Reloading Context with name [/eAyd] has started
11-Jul-2021 13:01:05.896 INFO [http-nio-8080-exec-22] org.apache.jasper.servlet.TldScanner.scanJars At least one JAR was scanned for TLDs yet contained no TLDs. Enable debug logging for this logger for a complete list of JARs that were scanned but no TLDs were found in them. Skipping unneeded JARs during scanning can improve startup time and JSP compilation time.
11-Jul-2021 13:01:05.903 INFO [http-nio-8080-exec-22] org.apache.catalina.core.StandardContext.reload Reloading Context with name [/eAyd] is completed
11-Jul-2021 14:50:55.959 SEVERE [https-openssl-nio-8443-exec-30] org.apache.jsp.UserEdit_jsp._jspService null
	java.io.IOException: stream is closed
		at sun.net.www.protocol.http.HttpURLConnection$HttpInputStream.ensureOpen(HttpURLConnection.java:3423)
		at sun.net.www.protocol.http.HttpURLConnection$HttpInputStream.read(HttpURLConnection.java:3448)
		at sun.nio.cs.StreamDecoder.readBytes(StreamDecoder.java:284)
		at sun.nio.cs.StreamDecoder.implRead(StreamDecoder.java:326)
		at sun.nio.cs.StreamDecoder.read(StreamDecoder.java:178)
		at sun.nio.cs.StreamDecoder.read0(StreamDecoder.java:127)
		at sun.nio.cs.StreamDecoder.read(StreamDecoder.java:171)
		at java.io.InputStreamReader.read(InputStreamReader.java:184)
		at java.io.BufferedReader.fill(BufferedReader.java:161)
		at java.io.BufferedReader.readLine(BufferedReader.java:324)
		at java.io.BufferedReader.readLine(BufferedReader.java:389)
		at org.apache.jsp.UserEdit_jsp._jspService(UserEdit_jsp.java:809)
		at org.apache.jasper.runtime.HttpJspBase.service(HttpJspBase.java:71)
		at javax.servlet.http.HttpServlet.service(HttpServlet.java:741)
		at org.apache.jasper.servlet.JspServletWrapper.service(JspServletWrapper.java:477)
		at org.apache.jasper.servlet.JspServlet.serviceJspFile(JspServlet.java:385)
		at org.apache.jasper.servlet.JspServlet.service(JspServlet.java:329)
		at javax.servlet.http.HttpServlet.service(HttpServlet.java:741)
		at org.apache.catalina.core.ApplicationFilterChain.internalDoFilter(ApplicationFilterChain.java:231)
		at org.apache.catalina.core.ApplicationFilterChain.doFilter(ApplicationFilterChain.java:166)
		at org.apache.tomcat.websocket.server.WsFilter.doFilter(WsFilter.java:53)
		at org.apache.catalina.core.ApplicationFilterChain.internalDoFilter(ApplicationFilterChain.java:193)
		at org.apache.catalina.core.ApplicationFilterChain.doFilter(ApplicationFilterChain.java:166)
		at org.apache.catalina.core.StandardWrapperValve.invoke(StandardWrapperValve.java:202)
		at org.apache.catalina.core.StandardContextValve.invoke(StandardContextValve.java:96)
		at org.apache.catalina.authenticator.AuthenticatorBase.invoke(AuthenticatorBase.java:541)
		at org.apache.catalina.core.StandardHostValve.invoke(StandardHostValve.java:139)
		at org.apache.catalina.valves.ErrorReportValve.invoke(ErrorReportValve.java:92)
		at org.apache.catalina.valves.AbstractAccessLogValve.invoke(AbstractAccessLogValve.java:690)
		at org.apache.catalina.core.StandardEngineValve.invoke(StandardEngineValve.java:74)
		at org.apache.catalina.connector.CoyoteAdapter.service(CoyoteAdapter.java:343)
		at org.apache.coyote.http11.Http11Processor.service(Http11Processor.java:373)
		at org.apache.coyote.AbstractProcessorLight.process(AbstractProcessorLight.java:65)
		at org.apache.coyote.AbstractProtocol$ConnectionHandler.process(AbstractProtocol.java:868)
		at org.apache.tomcat.util.net.NioEndpoint$SocketProcessor.doRun(NioEndpoint.java:1590)
		at org.apache.tomcat.util.net.SocketProcessorBase.run(SocketProcessorBase.java:49)
		at java.util.concurrent.ThreadPoolExecutor.runWorker(ThreadPoolExecutor.java:1149)
		at java.util.concurrent.ThreadPoolExecutor$Worker.run(ThreadPoolExecutor.java:624)
		at org.apache.tomcat.util.threads.TaskThread$WrappingRunnable.run(TaskThread.java:61)
		at java.lang.Thread.run(Thread.java:748)
11-Jul-2021 14:51:07.930 SEVERE [https-openssl-nio-8443-exec-21] org.apache.jsp.UserEdit_jsp._jspService null
	java.io.IOException: stream is closed
		at sun.net.www.protocol.http.HttpURLConnection$HttpInputStream.ensureOpen(HttpURLConnection.java:3423)
		at sun.net.www.protocol.http.HttpURLConnection$HttpInputStream.read(HttpURLConnection.java:3448)
		at sun.nio.cs.StreamDecoder.readBytes(StreamDecoder.java:284)
		at sun.nio.cs.StreamDecoder.implRead(StreamDecoder.java:326)
		at sun.nio.cs.StreamDecoder.read(StreamDecoder.java:178)
		at sun.nio.cs.StreamDecoder.read0(StreamDecoder.java:127)
		at sun.nio.cs.StreamDecoder.read(StreamDecoder.java:171)
		at java.io.InputStreamReader.read(InputStreamReader.java:184)
		at java.io.BufferedReader.fill(BufferedReader.java:161)
		at java.io.BufferedReader.readLine(BufferedReader.java:324)
		at java.io.BufferedReader.readLine(BufferedReader.java:389)
		at org.apache.jsp.UserEdit_jsp._jspService(UserEdit_jsp.java:809)
		at org.apache.jasper.runtime.HttpJspBase.service(HttpJspBase.java:71)
		at javax.servlet.http.HttpServlet.service(HttpServlet.java:741)
		at org.apache.jasper.servlet.JspServletWrapper.service(JspServletWrapper.java:477)
		at org.apache.jasper.servlet.JspServlet.serviceJspFile(JspServlet.java:385)
		at org.apache.jasper.servlet.JspServlet.service(JspServlet.java:329)
		at javax.servlet.http.HttpServlet.service(HttpServlet.java:741)
		at org.apache.catalina.core.ApplicationFilterChain.internalDoFilter(ApplicationFilterChain.java:231)
		at org.apache.catalina.core.ApplicationFilterChain.doFilter(ApplicationFilterChain.java:166)
		at org.apache.tomcat.websocket.server.WsFilter.doFilter(WsFilter.java:53)
		at org.apache.catalina.core.ApplicationFilterChain.internalDoFilter(ApplicationFilterChain.java:193)
		at org.apache.catalina.core.ApplicationFilterChain.doFilter(ApplicationFilterChain.java:166)
		at org.apache.catalina.core.StandardWrapperValve.invoke(StandardWrapperValve.java:202)
		at org.apache.catalina.core.StandardContextValve.invoke(StandardContextValve.java:96)
		at org.apache.catalina.authenticator.AuthenticatorBase.invoke(AuthenticatorBase.java:541)
		at org.apache.catalina.core.StandardHostValve.invoke(StandardHostValve.java:139)
		at org.apache.catalina.valves.ErrorReportValve.invoke(ErrorReportValve.java:92)
		at org.apache.catalina.valves.AbstractAccessLogValve.invoke(AbstractAccessLogValve.java:690)
		at org.apache.catalina.core.StandardEngineValve.invoke(StandardEngineValve.java:74)
		at org.apache.catalina.connector.CoyoteAdapter.service(CoyoteAdapter.java:343)
		at org.apache.coyote.http11.Http11Processor.service(Http11Processor.java:373)
		at org.apache.coyote.AbstractProcessorLight.process(AbstractProcessorLight.java:65)
		at org.apache.coyote.AbstractProtocol$ConnectionHandler.process(AbstractProtocol.java:868)
		at org.apache.tomcat.util.net.NioEndpoint$SocketProcessor.doRun(NioEndpoint.java:1590)
		at org.apache.tomcat.util.net.SocketProcessorBase.run(SocketProcessorBase.java:49)
		at java.util.concurrent.ThreadPoolExecutor.runWorker(ThreadPoolExecutor.java:1149)
		at java.util.concurrent.ThreadPoolExecutor$Worker.run(ThreadPoolExecutor.java:624)
		at org.apache.tomcat.util.threads.TaskThread$WrappingRunnable.run(TaskThread.java:61)
		at java.lang.Thread.run(Thread.java:748)
11-Jul-2021 15:20:29.553 INFO [http-nio-8080-exec-30] org.apache.catalina.core.StandardContext.reload Reloading Context with name [/eAyd] has started
11-Jul-2021 15:20:30.054 INFO [http-nio-8080-exec-30] org.apache.jasper.servlet.TldScanner.scanJars At least one JAR was scanned for TLDs yet contained no TLDs. Enable debug logging for this logger for a complete list of JARs that were scanned but no TLDs were found in them. Skipping unneeded JARs during scanning can improve startup time and JSP compilation time.
11-Jul-2021 15:20:30.078 INFO [http-nio-8080-exec-30] org.apache.catalina.core.StandardContext.reload Reloading Context with name [/eAyd] is completed
11-Jul-2021 15:37:40.483 INFO [http-nio-8080-exec-37] org.apache.catalina.core.StandardContext.reload Reloading Context with name [/eAyd] has started
11-Jul-2021 15:37:40.833 INFO [http-nio-8080-exec-37] org.apache.jasper.servlet.TldScanner.scanJars At least one JAR was scanned for TLDs yet contained no TLDs. Enable debug logging for this logger for a complete list of JARs that were scanned but no TLDs were found in them. Skipping unneeded JARs during scanning can improve startup time and JSP compilation time.
11-Jul-2021 15:37:40.839 INFO [http-nio-8080-exec-37] org.apache.catalina.core.StandardContext.reload Reloading Context with name [/eAyd] is completed
11-Jul-2021 15:37:50.633 INFO [http-nio-8080-exec-39] org.apache.catalina.core.StandardContext.reload Reloading Context with name [/eAyd] has started
11-Jul-2021 15:37:50.985 INFO [http-nio-8080-exec-39] org.apache.jasper.servlet.TldScanner.scanJars At least one JAR was scanned for TLDs yet contained no TLDs. Enable debug logging for this logger for a complete list of JARs that were scanned but no TLDs were found in them. Skipping unneeded JARs during scanning can improve startup time and JSP compilation time.
11-Jul-2021 15:37:50.990 INFO [http-nio-8080-exec-39] org.apache.catalina.core.StandardContext.reload Reloading Context with name [/eAyd] is completed
11-Jul-2021 15:37:56.893 INFO [http-nio-8080-exec-44] org.apache.catalina.core.StandardContext.reload Reloading Context with name [/eAyd] has started
11-Jul-2021 15:37:57.291 INFO [http-nio-8080-exec-44] org.apache.jasper.servlet.TldScanner.scanJars At least one JAR was scanned for TLDs yet contained no TLDs. Enable debug logging for this logger for a complete list of JARs that were scanned but no TLDs were found in them. Skipping unneeded JARs during scanning can improve startup time and JSP compilation time.
11-Jul-2021 15:37:57.296 INFO [http-nio-8080-exec-44] org.apache.catalina.core.StandardContext.reload Reloading Context with name [/eAyd] is completed
11-Jul-2021 15:38:08.772 INFO [http-nio-8080-exec-48] org.apache.catalina.core.StandardContext.reload Reloading Context with name [/eAyd] has started
11-Jul-2021 15:38:09.134 INFO [http-nio-8080-exec-48] org.apache.jasper.servlet.TldScanner.scanJars At least one JAR was scanned for TLDs yet contained no TLDs. Enable debug logging for this logger for a complete list of JARs that were scanned but no TLDs were found in them. Skipping unneeded JARs during scanning can improve startup time and JSP compilation time.
11-Jul-2021 15:38:09.140 INFO [http-nio-8080-exec-48] org.apache.catalina.core.StandardContext.reload Reloading Context with name [/eAyd] is completed
11-Jul-2021 15:38:13.720 INFO [http-nio-8080-exec-44] org.apache.catalina.core.StandardContext.reload Reloading Context with name [/eAyd] has started
11-Jul-2021 15:38:14.042 INFO [http-nio-8080-exec-44] org.apache.jasper.servlet.TldScanner.scanJars At least one JAR was scanned for TLDs yet contained no TLDs. Enable debug logging for this logger for a complete list of JARs that were scanned but no TLDs were found in them. Skipping unneeded JARs during scanning can improve startup time and JSP compilation time.
11-Jul-2021 15:38:14.047 INFO [http-nio-8080-exec-44] org.apache.catalina.core.StandardContext.reload Reloading Context with name [/eAyd] is completed
11-Jul-2021 15:39:31.403 INFO [http-nio-8080-exec-44] org.apache.catalina.core.StandardContext.reload Reloading Context with name [/eAyd] has started
11-Jul-2021 15:39:31.825 INFO [http-nio-8080-exec-44] org.apache.jasper.servlet.TldScanner.scanJars At least one JAR was scanned for TLDs yet contained no TLDs. Enable debug logging for this logger for a complete list of JARs that were scanned but no TLDs were found in them. Skipping unneeded JARs during scanning can improve startup time and JSP compilation time.
11-Jul-2021 15:39:31.939 INFO [http-nio-8080-exec-44] org.apache.catalina.core.StandardContext.reload Reloading Context with name [/eAyd] is completed
11-Jul-2021 15:39:37.897 INFO [http-nio-8080-exec-51] org.apache.catalina.startup.HostConfig.undeploy Undeploying context [/eAyd]
11-Jul-2021 16:26:30.656 INFO [main] org.apache.catalina.core.StandardServer.await A valid shutdown command was received via the shutdown port. Stopping the Server instance.
11-Jul-2021 16:26:30.657 INFO [main] org.apache.coyote.AbstractProtocol.pause Pausing ProtocolHandler ["http-nio-8080"]
11-Jul-2021 16:26:30.994 INFO [main] org.apache.coyote.AbstractProtocol.pause Pausing ProtocolHandler ["https-openssl-nio-8443"]
11-Jul-2021 16:26:31.419 INFO [main] org.apache.catalina.core.StandardService.stopInternal Stopping service [Catalina]
11-Jul-2021 16:26:31.434 INFO [main] org.apache.coyote.AbstractProtocol.stop Stopping ProtocolHandler ["http-nio-8080"]
11-Jul-2021 16:26:31.438 INFO [main] org.apache.coyote.AbstractProtocol.stop Stopping ProtocolHandler ["https-openssl-nio-8443"]
11-Jul-2021 16:26:31.440 INFO [main] org.apache.coyote.AbstractProtocol.destroy Destroying ProtocolHandler ["http-nio-8080"]
11-Jul-2021 16:26:31.441 INFO [main] org.apache.coyote.AbstractProtocol.destroy Destroying ProtocolHandler ["https-openssl-nio-8443"]
11-Jul-2021 16:26:42.558 INFO [main] org.apache.catalina.startup.VersionLoggerListener.log Server version name:   Apache Tomcat/9.0.36
11-Jul-2021 16:26:42.562 INFO [main] org.apache.catalina.startup.VersionLoggerListener.log Server built:          Jun 3 2020 17:07:09 UTC
11-Jul-2021 16:26:42.562 INFO [main] org.apache.catalina.startup.VersionLoggerListener.log Server version number: 9.0.36.0
11-Jul-2021 16:26:42.562 INFO [main] org.apache.catalina.startup.VersionLoggerListener.log OS Name:               Windows 10
11-Jul-2021 16:26:42.562 INFO [main] org.apache.catalina.startup.VersionLoggerListener.log OS Version:            10.0
11-Jul-2021 16:26:42.562 INFO [main] org.apache.catalina.startup.VersionLoggerListener.log Architecture:          amd64
11-Jul-2021 16:26:42.563 INFO [main] org.apache.catalina.startup.VersionLoggerListener.log Java Home:             C:\Program Files\Java\jdk1.8.0_221\jre
11-Jul-2021 16:26:42.563 INFO [main] org.apache.catalina.startup.VersionLoggerListener.log JVM Version:           1.8.0_221-b11
11-Jul-2021 16:26:42.563 INFO [main] org.apache.catalina.startup.VersionLoggerListener.log JVM Vendor:            Oracle Corporation
11-Jul-2021 16:26:42.563 INFO [main] org.apache.catalina.startup.VersionLoggerListener.log CATALINA_BASE:         C:\Users\marco\Documents\GARULO\ServiciosDeAguayDrenajeMty\AppWEBResponsiveSAP\WorkSpace\eAydSAPResponsivo\Server\apache-tomcat-9.0.36
11-Jul-2021 16:26:42.563 INFO [main] org.apache.catalina.startup.VersionLoggerListener.log CATALINA_HOME:         C:\Users\marco\Documents\GARULO\ServiciosDeAguayDrenajeMty\AppWEBResponsiveSAP\WorkSpace\eAydSAPResponsivo\Server\apache-tomcat-9.0.36
11-Jul-2021 16:26:42.566 INFO [main] org.apache.catalina.startup.VersionLoggerListener.log Command line argument: -Djava.util.logging.config.file=C:\Users\marco\Documents\GARULO\ServiciosDeAguayDrenajeMty\AppWEBResponsiveSAP\WorkSpace\eAydSAPResponsivo\Server\apache-tomcat-9.0.36\conf\logging.properties
11-Jul-2021 16:26:42.566 INFO [main] org.apache.catalina.startup.VersionLoggerListener.log Command line argument: -Djava.util.logging.manager=org.apache.juli.ClassLoaderLogManager
11-Jul-2021 16:26:42.566 INFO [main] org.apache.catalina.startup.VersionLoggerListener.log Command line argument: -Djdk.tls.ephemeralDHKeySize=2048
11-Jul-2021 16:26:42.566 INFO [main] org.apache.catalina.startup.VersionLoggerListener.log Command line argument: -Djava.protocol.handler.pkgs=org.apache.catalina.webresources
11-Jul-2021 16:26:42.566 INFO [main] org.apache.catalina.startup.VersionLoggerListener.log Command line argument: -Dignore.endorsed.dirs=
11-Jul-2021 16:26:42.566 INFO [main] org.apache.catalina.startup.VersionLoggerListener.log Command line argument: -Dcatalina.base=C:\Users\marco\Documents\GARULO\ServiciosDeAguayDrenajeMty\AppWEBResponsiveSAP\WorkSpace\eAydSAPResponsivo\Server\apache-tomcat-9.0.36
11-Jul-2021 16:26:42.567 INFO [main] org.apache.catalina.startup.VersionLoggerListener.log Command line argument: -Dcatalina.home=C:\Users\marco\Documents\GARULO\ServiciosDeAguayDrenajeMty\AppWEBResponsiveSAP\WorkSpace\eAydSAPResponsivo\Server\apache-tomcat-9.0.36
11-Jul-2021 16:26:42.567 INFO [main] org.apache.catalina.startup.VersionLoggerListener.log Command line argument: -Djava.io.tmpdir=C:\Users\marco\Documents\GARULO\ServiciosDeAguayDrenajeMty\AppWEBResponsiveSAP\WorkSpace\eAydSAPResponsivo\Server\apache-tomcat-9.0.36\temp
11-Jul-2021 16:26:42.567 INFO [main] org.apache.catalina.core.AprLifecycleListener.lifecycleEvent Loaded Apache Tomcat Native library [1.2.24] using APR version [1.7.0].
11-Jul-2021 16:26:42.567 INFO [main] org.apache.catalina.core.AprLifecycleListener.lifecycleEvent APR capabilities: IPv6 [true], sendfile [true], accept filters [false], random [true].
11-Jul-2021 16:26:42.567 INFO [main] org.apache.catalina.core.AprLifecycleListener.lifecycleEvent APR/OpenSSL configuration: useAprConnector [false], useOpenSSL [true]
11-Jul-2021 16:26:42.578 INFO [main] org.apache.catalina.core.AprLifecycleListener.initializeSSL OpenSSL successfully initialized [OpenSSL 1.1.1g  21 Apr 2020]
11-Jul-2021 16:26:43.275 INFO [main] org.apache.coyote.AbstractProtocol.init Initializing ProtocolHandler ["http-nio-8080"]
11-Jul-2021 16:26:43.915 INFO [main] org.apache.coyote.AbstractProtocol.init Initializing ProtocolHandler ["https-openssl-nio-8443"]
11-Jul-2021 16:26:44.817 INFO [main] org.apache.catalina.startup.Catalina.load Server initialization in [2,619] milliseconds
11-Jul-2021 16:26:44.905 INFO [main] org.apache.catalina.core.StandardService.startInternal Starting service [Catalina]
11-Jul-2021 16:26:44.906 INFO [main] org.apache.catalina.core.StandardEngine.startInternal Starting Servlet engine: [Apache Tomcat/9.0.36]
11-Jul-2021 16:26:44.917 INFO [main] org.apache.catalina.startup.HostConfig.deployDirectory Deploying web application directory [C:\Users\marco\Documents\GARULO\ServiciosDeAguayDrenajeMty\AppWEBResponsiveSAP\WorkSpace\eAydSAPResponsivo\Server\apache-tomcat-9.0.36\webapps\docs]
11-Jul-2021 16:26:45.425 INFO [main] org.apache.catalina.startup.HostConfig.deployDirectory Deployment of web application directory [C:\Users\marco\Documents\GARULO\ServiciosDeAguayDrenajeMty\AppWEBResponsiveSAP\WorkSpace\eAydSAPResponsivo\Server\apache-tomcat-9.0.36\webapps\docs] has finished in [508] ms
11-Jul-2021 16:26:45.426 INFO [main] org.apache.catalina.startup.HostConfig.deployDirectory Deploying web application directory [C:\Users\marco\Documents\GARULO\ServiciosDeAguayDrenajeMty\AppWEBResponsiveSAP\WorkSpace\eAydSAPResponsivo\Server\apache-tomcat-9.0.36\webapps\examples]
11-Jul-2021 16:26:45.960 INFO [main] org.apache.catalina.startup.HostConfig.deployDirectory Deployment of web application directory [C:\Users\marco\Documents\GARULO\ServiciosDeAguayDrenajeMty\AppWEBResponsiveSAP\WorkSpace\eAydSAPResponsivo\Server\apache-tomcat-9.0.36\webapps\examples] has finished in [535] ms
11-Jul-2021 16:26:45.960 INFO [main] org.apache.catalina.startup.HostConfig.deployDirectory Deploying web application directory [C:\Users\marco\Documents\GARULO\ServiciosDeAguayDrenajeMty\AppWEBResponsiveSAP\WorkSpace\eAydSAPResponsivo\Server\apache-tomcat-9.0.36\webapps\host-manager]
11-Jul-2021 16:26:46.029 INFO [main] org.apache.catalina.startup.HostConfig.deployDirectory Deployment of web application directory [C:\Users\marco\Documents\GARULO\ServiciosDeAguayDrenajeMty\AppWEBResponsiveSAP\WorkSpace\eAydSAPResponsivo\Server\apache-tomcat-9.0.36\webapps\host-manager] has finished in [69] ms
11-Jul-2021 16:26:46.030 INFO [main] org.apache.catalina.startup.HostConfig.deployDirectory Deploying web application directory [C:\Users\marco\Documents\GARULO\ServiciosDeAguayDrenajeMty\AppWEBResponsiveSAP\WorkSpace\eAydSAPResponsivo\Server\apache-tomcat-9.0.36\webapps\manager]
11-Jul-2021 16:26:46.083 INFO [main] org.apache.catalina.startup.HostConfig.deployDirectory Deployment of web application directory [C:\Users\marco\Documents\GARULO\ServiciosDeAguayDrenajeMty\AppWEBResponsiveSAP\WorkSpace\eAydSAPResponsivo\Server\apache-tomcat-9.0.36\webapps\manager] has finished in [54] ms
11-Jul-2021 16:26:46.083 INFO [main] org.apache.catalina.startup.HostConfig.deployDirectory Deploying web application directory [C:\Users\marco\Documents\GARULO\ServiciosDeAguayDrenajeMty\AppWEBResponsiveSAP\WorkSpace\eAydSAPResponsivo\Server\apache-tomcat-9.0.36\webapps\ROOT]
11-Jul-2021 16:26:46.131 INFO [main] org.apache.catalina.startup.HostConfig.deployDirectory Deployment of web application directory [C:\Users\marco\Documents\GARULO\ServiciosDeAguayDrenajeMty\AppWEBResponsiveSAP\WorkSpace\eAydSAPResponsivo\Server\apache-tomcat-9.0.36\webapps\ROOT] has finished in [48] ms
11-Jul-2021 16:26:46.137 INFO [main] org.apache.coyote.AbstractProtocol.start Starting ProtocolHandler ["http-nio-8080"]
11-Jul-2021 16:26:46.148 INFO [main] org.apache.coyote.AbstractProtocol.start Starting ProtocolHandler ["https-openssl-nio-8443"]
11-Jul-2021 16:26:46.152 INFO [main] org.apache.catalina.startup.Catalina.start Server startup in [1,335] milliseconds
11-Jul-2021 16:26:47.342 INFO [http-nio-8080-exec-7] org.apache.catalina.startup.HostConfig.deployDescriptor Deploying deployment descriptor [C:\Users\marco\Documents\GARULO\ServiciosDeAguayDrenajeMty\AppWEBResponsiveSAP\WorkSpace\eAydSAPResponsivo\Server\apache-tomcat-9.0.36\conf\Catalina\localhost\eAyd.xml]
11-Jul-2021 16:26:47.347 WARNING [http-nio-8080-exec-7] org.apache.catalina.startup.HostConfig.deployDescriptor The path attribute with value [/eAyd] in deployment descriptor [C:\Users\marco\Documents\GARULO\ServiciosDeAguayDrenajeMty\AppWEBResponsiveSAP\WorkSpace\eAydSAPResponsivo\Server\apache-tomcat-9.0.36\conf\Catalina\localhost\eAyd.xml] has been ignored
11-Jul-2021 16:26:48.048 INFO [http-nio-8080-exec-7] org.apache.jasper.servlet.TldScanner.scanJars At least one JAR was scanned for TLDs yet contained no TLDs. Enable debug logging for this logger for a complete list of JARs that were scanned but no TLDs were found in them. Skipping unneeded JARs during scanning can improve startup time and JSP compilation time.
11-Jul-2021 16:26:48.076 INFO [http-nio-8080-exec-7] org.apache.catalina.startup.HostConfig.deployDescriptor Deployment of deployment descriptor [C:\Users\marco\Documents\GARULO\ServiciosDeAguayDrenajeMty\AppWEBResponsiveSAP\WorkSpace\eAydSAPResponsivo\Server\apache-tomcat-9.0.36\conf\Catalina\localhost\eAyd.xml] has finished in [735] ms
11-Jul-2021 16:26:48.080 INFO [http-nio-8080-exec-6] org.apache.catalina.util.LifecycleBase.start The start() method was called on component [StandardEngine[Catalina].StandardHost[localhost].StandardContext[/eAyd]] after start() had already been called. The second call will be ignored.
11-Jul-2021 16:27:23.472 INFO [http-nio-8080-exec-3] org.apache.catalina.core.StandardContext.reload Reloading Context with name [/eAyd] has started
11-Jul-2021 16:27:23.946 INFO [http-nio-8080-exec-3] org.apache.jasper.servlet.TldScanner.scanJars At least one JAR was scanned for TLDs yet contained no TLDs. Enable debug logging for this logger for a complete list of JARs that were scanned but no TLDs were found in them. Skipping unneeded JARs during scanning can improve startup time and JSP compilation time.
11-Jul-2021 16:27:23.958 INFO [http-nio-8080-exec-3] org.apache.catalina.core.StandardContext.reload Reloading Context with name [/eAyd] is completed
