31-Jul-2021 04:21:38.584 INFO [http-nio-8080-exec-2] org.apache.catalina.core.StandardContext.reload Reloading Context with name [/eAyd] has started
31-Jul-2021 04:21:40.525 INFO [http-nio-8080-exec-2] org.apache.jasper.servlet.TldScanner.scanJars At least one JAR was scanned for TLDs yet contained no TLDs. Enable debug logging for this logger for a complete list of JARs that were scanned but no TLDs were found in them. Skipping unneeded JARs during scanning can improve startup time and JSP compilation time.
31-Jul-2021 04:21:40.534 INFO [http-nio-8080-exec-2] org.apache.catalina.core.StandardContext.reload Reloading Context with name [/eAyd] is completed
31-Jul-2021 05:08:08.862 INFO [http-nio-8080-exec-15] org.apache.catalina.core.StandardContext.reload Reloading Context with name [/eAyd] has started
31-Jul-2021 05:08:09.244 INFO [http-nio-8080-exec-15] org.apache.jasper.servlet.TldScanner.scanJars At least one JAR was scanned for TLDs yet contained no TLDs. Enable debug logging for this logger for a complete list of JARs that were scanned but no TLDs were found in them. Skipping unneeded JARs during scanning can improve startup time and JSP compilation time.
31-Jul-2021 05:08:09.249 INFO [http-nio-8080-exec-15] org.apache.catalina.core.StandardContext.reload Reloading Context with name [/eAyd] is completed
31-Jul-2021 05:10:59.756 INFO [http-nio-8080-exec-22] org.apache.catalina.core.StandardContext.reload Reloading Context with name [/eAyd] has started
31-Jul-2021 05:11:00.220 INFO [http-nio-8080-exec-22] org.apache.jasper.servlet.TldScanner.scanJars At least one JAR was scanned for TLDs yet contained no TLDs. Enable debug logging for this logger for a complete list of JARs that were scanned but no TLDs were found in them. Skipping unneeded JARs during scanning can improve startup time and JSP compilation time.
31-Jul-2021 05:11:00.230 INFO [133] org.apache.catalina.core.StandardContext.reload Reloading Context with name [/eAyd] is completed
31-Jul-2021 05:11:00.510 INFO [http-nio-8080-exec-28] org.apache.catalina.core.StandardContext.reload Reloading Context with name [/eAyd] has started
31-Jul-2021 05:11:02.878 INFO [146] org.apache.jasper.servlet.TldScanner.scanJars At least one JAR was scanned for TLDs yet contained no TLDs. Enable debug logging for this logger for a complete list of JARs that were scanned but no TLDs were found in them. Skipping unneeded JARs during scanning can improve startup time and JSP compilation time.
31-Jul-2021 05:11:03.035 INFO [146] org.apache.catalina.core.StandardContext.reload Reloading Context with name [/eAyd] is completed
31-Jul-2021 07:14:50.342 INFO [http-nio-8080-exec-31] org.apache.catalina.core.StandardContext.reload Reloading Context with name [/eAyd] has started
31-Jul-2021 07:14:51.219 INFO [http-nio-8080-exec-31] org.apache.jasper.servlet.TldScanner.scanJars At least one JAR was scanned for TLDs yet contained no TLDs. Enable debug logging for this logger for a complete list of JARs that were scanned but no TLDs were found in them. Skipping unneeded JARs during scanning can improve startup time and JSP compilation time.
31-Jul-2021 07:14:51.235 INFO [http-nio-8080-exec-31] org.apache.catalina.core.StandardContext.reload Reloading Context with name [/eAyd] is completed
31-Jul-2021 07:14:53.307 INFO [http-nio-8080-exec-33] org.apache.jasper.servlet.TldScanner.scanJars At least one JAR was scanned for TLDs yet contained no TLDs. Enable debug logging for this logger for a complete list of JARs that were scanned but no TLDs were found in them. Skipping unneeded JARs during scanning can improve startup time and JSP compilation time.
31-Jul-2021 07:14:53.850 INFO [http-nio-8080-exec-36] org.apache.catalina.core.StandardContext.reload Reloading Context with name [/eAyd] has started
31-Jul-2021 07:14:54.372 INFO [http-nio-8080-exec-36] org.apache.jasper.servlet.TldScanner.scanJars At least one JAR was scanned for TLDs yet contained no TLDs. Enable debug logging for this logger for a complete list of JARs that were scanned but no TLDs were found in them. Skipping unneeded JARs during scanning can improve startup time and JSP compilation time.
31-Jul-2021 07:14:54.376 INFO [http-nio-8080-exec-36] org.apache.catalina.core.StandardContext.reload Reloading Context with name [/eAyd] is completed
31-Jul-2021 07:14:55.841 INFO [Catalina-utility-2] org.apache.catalina.startup.HostConfig.reload Reloading context [/eAyd]
31-Jul-2021 07:14:55.841 INFO [Catalina-utility-2] org.apache.catalina.core.StandardContext.reload Reloading Context with name [/eAyd] has started
31-Jul-2021 07:14:56.237 INFO [Catalina-utility-2] org.apache.jasper.servlet.TldScanner.scanJars At least one JAR was scanned for TLDs yet contained no TLDs. Enable debug logging for this logger for a complete list of JARs that were scanned but no TLDs were found in them. Skipping unneeded JARs during scanning can improve startup time and JSP compilation time.
31-Jul-2021 07:14:56.243 INFO [Catalina-utility-2] org.apache.catalina.core.StandardContext.reload Reloading Context with name [/eAyd] is completed
31-Jul-2021 07:16:10.458 INFO [http-nio-8080-exec-32] org.apache.catalina.core.StandardContext.reload Reloading Context with name [/eAyd] has started
31-Jul-2021 07:16:10.458 INFO [http-nio-8080-exec-32] org.apache.catalina.core.StandardWrapper.unload Waiting for [1] instance(s) to be deallocated for Servlet [jsp]
31-Jul-2021 07:16:11.539 INFO [http-nio-8080-exec-32] org.apache.catalina.core.StandardWrapper.unload Waiting for [1] instance(s) to be deallocated for Servlet [jsp]
31-Jul-2021 07:16:12.792 INFO [http-nio-8080-exec-32] org.apache.jasper.servlet.TldScanner.scanJars At least one JAR was scanned for TLDs yet contained no TLDs. Enable debug logging for this logger for a complete list of JARs that were scanned but no TLDs were found in them. Skipping unneeded JARs during scanning can improve startup time and JSP compilation time.
31-Jul-2021 07:16:12.798 INFO [http-nio-8080-exec-32] org.apache.catalina.core.StandardContext.reload Reloading Context with name [/eAyd] is completed
31-Jul-2021 07:17:47.483 INFO [http-nio-8080-exec-49] org.apache.catalina.core.StandardContext.reload Reloading Context with name [/eAyd] has started
31-Jul-2021 07:17:47.850 INFO [http-nio-8080-exec-49] org.apache.jasper.servlet.TldScanner.scanJars At least one JAR was scanned for TLDs yet contained no TLDs. Enable debug logging for this logger for a complete list of JARs that were scanned but no TLDs were found in them. Skipping unneeded JARs during scanning can improve startup time and JSP compilation time.
31-Jul-2021 07:17:47.855 INFO [http-nio-8080-exec-49] org.apache.catalina.core.StandardContext.reload Reloading Context with name [/eAyd] is completed
31-Jul-2021 07:18:18.879 INFO [http-nio-8080-exec-37] org.apache.catalina.core.StandardContext.reload Reloading Context with name [/eAyd] has started
31-Jul-2021 07:18:19.480 INFO [http-nio-8080-exec-37] org.apache.jasper.servlet.TldScanner.scanJars At least one JAR was scanned for TLDs yet contained no TLDs. Enable debug logging for this logger for a complete list of JARs that were scanned but no TLDs were found in them. Skipping unneeded JARs during scanning can improve startup time and JSP compilation time.
31-Jul-2021 07:18:19.486 INFO [http-nio-8080-exec-37] org.apache.catalina.core.StandardContext.reload Reloading Context with name [/eAyd] is completed
31-Jul-2021 07:20:35.985 INFO [http-nio-8080-exec-53] org.apache.catalina.core.StandardContext.reload Reloading Context with name [/eAyd] has started
31-Jul-2021 07:20:36.376 INFO [http-nio-8080-exec-53] org.apache.jasper.servlet.TldScanner.scanJars At least one JAR was scanned for TLDs yet contained no TLDs. Enable debug logging for this logger for a complete list of JARs that were scanned but no TLDs were found in them. Skipping unneeded JARs during scanning can improve startup time and JSP compilation time.
31-Jul-2021 07:20:36.382 INFO [http-nio-8080-exec-53] org.apache.catalina.core.StandardContext.reload Reloading Context with name [/eAyd] is completed
31-Jul-2021 07:21:14.931 INFO [http-nio-8080-exec-52] org.apache.catalina.core.StandardContext.reload Reloading Context with name [/eAyd] has started
31-Jul-2021 07:21:15.272 INFO [http-nio-8080-exec-52] org.apache.jasper.servlet.TldScanner.scanJars At least one JAR was scanned for TLDs yet contained no TLDs. Enable debug logging for this logger for a complete list of JARs that were scanned but no TLDs were found in them. Skipping unneeded JARs during scanning can improve startup time and JSP compilation time.
31-Jul-2021 07:21:15.276 INFO [http-nio-8080-exec-52] org.apache.catalina.core.StandardContext.reload Reloading Context with name [/eAyd] is completed
31-Jul-2021 07:29:42.266 INFO [http-nio-8080-exec-57] org.apache.catalina.core.StandardContext.reload Reloading Context with name [/eAyd] has started
31-Jul-2021 07:29:42.605 INFO [http-nio-8080-exec-57] org.apache.jasper.servlet.TldScanner.scanJars At least one JAR was scanned for TLDs yet contained no TLDs. Enable debug logging for this logger for a complete list of JARs that were scanned but no TLDs were found in them. Skipping unneeded JARs during scanning can improve startup time and JSP compilation time.
31-Jul-2021 07:29:42.610 INFO [http-nio-8080-exec-57] org.apache.catalina.core.StandardContext.reload Reloading Context with name [/eAyd] is completed
31-Jul-2021 07:35:06.143 INFO [http-nio-8080-exec-65] org.apache.catalina.core.StandardContext.reload Reloading Context with name [/eAyd] has started
31-Jul-2021 07:35:06.584 INFO [http-nio-8080-exec-65] org.apache.jasper.servlet.TldScanner.scanJars At least one JAR was scanned for TLDs yet contained no TLDs. Enable debug logging for this logger for a complete list of JARs that were scanned but no TLDs were found in them. Skipping unneeded JARs during scanning can improve startup time and JSP compilation time.
31-Jul-2021 07:35:06.590 INFO [http-nio-8080-exec-65] org.apache.catalina.core.StandardContext.reload Reloading Context with name [/eAyd] is completed
31-Jul-2021 07:45:13.340 INFO [http-nio-8080-exec-72] org.apache.catalina.core.StandardContext.reload Reloading Context with name [/eAyd] has started
31-Jul-2021 07:45:13.802 INFO [http-nio-8080-exec-72] org.apache.jasper.servlet.TldScanner.scanJars At least one JAR was scanned for TLDs yet contained no TLDs. Enable debug logging for this logger for a complete list of JARs that were scanned but no TLDs were found in them. Skipping unneeded JARs during scanning can improve startup time and JSP compilation time.
31-Jul-2021 07:45:13.810 INFO [http-nio-8080-exec-72] org.apache.catalina.core.StandardContext.reload Reloading Context with name [/eAyd] is completed
31-Jul-2021 07:48:20.418 INFO [http-nio-8080-exec-84] org.apache.catalina.core.StandardContext.reload Reloading Context with name [/eAyd] has started
31-Jul-2021 07:48:20.839 INFO [http-nio-8080-exec-84] org.apache.jasper.servlet.TldScanner.scanJars At least one JAR was scanned for TLDs yet contained no TLDs. Enable debug logging for this logger for a complete list of JARs that were scanned but no TLDs were found in them. Skipping unneeded JARs during scanning can improve startup time and JSP compilation time.
31-Jul-2021 07:48:20.845 INFO [http-nio-8080-exec-84] org.apache.catalina.core.StandardContext.reload Reloading Context with name [/eAyd] is completed
31-Jul-2021 07:50:28.391 INFO [http-nio-8080-exec-85] org.apache.catalina.core.StandardContext.reload Reloading Context with name [/eAyd] has started
31-Jul-2021 07:50:28.758 INFO [http-nio-8080-exec-85] org.apache.jasper.servlet.TldScanner.scanJars At least one JAR was scanned for TLDs yet contained no TLDs. Enable debug logging for this logger for a complete list of JARs that were scanned but no TLDs were found in them. Skipping unneeded JARs during scanning can improve startup time and JSP compilation time.
31-Jul-2021 07:50:28.765 INFO [http-nio-8080-exec-85] org.apache.catalina.core.StandardContext.reload Reloading Context with name [/eAyd] is completed
31-Jul-2021 07:55:11.816 INFO [http-nio-8080-exec-92] org.apache.catalina.core.StandardContext.reload Reloading Context with name [/eAyd] has started
31-Jul-2021 07:55:12.144 INFO [http-nio-8080-exec-92] org.apache.jasper.servlet.TldScanner.scanJars At least one JAR was scanned for TLDs yet contained no TLDs. Enable debug logging for this logger for a complete list of JARs that were scanned but no TLDs were found in them. Skipping unneeded JARs during scanning can improve startup time and JSP compilation time.
31-Jul-2021 07:55:12.149 INFO [http-nio-8080-exec-92] org.apache.catalina.core.StandardContext.reload Reloading Context with name [/eAyd] is completed
31-Jul-2021 08:02:19.651 INFO [http-nio-8080-exec-96] org.apache.catalina.core.StandardContext.reload Reloading Context with name [/eAyd] has started
31-Jul-2021 08:02:20.043 INFO [http-nio-8080-exec-96] org.apache.jasper.servlet.TldScanner.scanJars At least one JAR was scanned for TLDs yet contained no TLDs. Enable debug logging for this logger for a complete list of JARs that were scanned but no TLDs were found in them. Skipping unneeded JARs during scanning can improve startup time and JSP compilation time.
31-Jul-2021 08:02:20.048 INFO [http-nio-8080-exec-96] org.apache.catalina.core.StandardContext.reload Reloading Context with name [/eAyd] is completed
31-Jul-2021 08:03:22.133 INFO [http-nio-8080-exec-98] org.apache.catalina.core.StandardContext.reload Reloading Context with name [/eAyd] has started
31-Jul-2021 08:03:22.478 INFO [http-nio-8080-exec-98] org.apache.jasper.servlet.TldScanner.scanJars At least one JAR was scanned for TLDs yet contained no TLDs. Enable debug logging for this logger for a complete list of JARs that were scanned but no TLDs were found in them. Skipping unneeded JARs during scanning can improve startup time and JSP compilation time.
31-Jul-2021 08:03:22.482 INFO [http-nio-8080-exec-98] org.apache.catalina.core.StandardContext.reload Reloading Context with name [/eAyd] is completed
31-Jul-2021 08:06:44.634 INFO [http-nio-8080-exec-104] org.apache.catalina.core.StandardContext.reload Reloading Context with name [/eAyd] has started
31-Jul-2021 08:06:45.062 INFO [http-nio-8080-exec-104] org.apache.jasper.servlet.TldScanner.scanJars At least one JAR was scanned for TLDs yet contained no TLDs. Enable debug logging for this logger for a complete list of JARs that were scanned but no TLDs were found in them. Skipping unneeded JARs during scanning can improve startup time and JSP compilation time.
31-Jul-2021 08:06:45.066 INFO [http-nio-8080-exec-104] org.apache.catalina.core.StandardContext.reload Reloading Context with name [/eAyd] is completed
31-Jul-2021 08:06:49.524 INFO [http-nio-8080-exec-107] org.apache.catalina.core.StandardContext.reload Reloading Context with name [/eAyd] has started
31-Jul-2021 08:06:49.915 INFO [http-nio-8080-exec-107] org.apache.jasper.servlet.TldScanner.scanJars At least one JAR was scanned for TLDs yet contained no TLDs. Enable debug logging for this logger for a complete list of JARs that were scanned but no TLDs were found in them. Skipping unneeded JARs during scanning can improve startup time and JSP compilation time.
31-Jul-2021 08:06:49.920 INFO [http-nio-8080-exec-107] org.apache.catalina.core.StandardContext.reload Reloading Context with name [/eAyd] is completed
31-Jul-2021 08:09:46.851 INFO [http-nio-8080-exec-98] org.apache.catalina.core.StandardContext.reload Reloading Context with name [/eAyd] has started
31-Jul-2021 08:09:47.223 INFO [http-nio-8080-exec-98] org.apache.jasper.servlet.TldScanner.scanJars At least one JAR was scanned for TLDs yet contained no TLDs. Enable debug logging for this logger for a complete list of JARs that were scanned but no TLDs were found in them. Skipping unneeded JARs during scanning can improve startup time and JSP compilation time.
31-Jul-2021 08:09:47.235 INFO [http-nio-8080-exec-98] org.apache.catalina.core.StandardContext.reload Reloading Context with name [/eAyd] is completed
31-Jul-2021 08:11:09.903 INFO [http-nio-8080-exec-111] org.apache.catalina.core.StandardContext.reload Reloading Context with name [/eAyd] has started
31-Jul-2021 08:11:10.264 INFO [http-nio-8080-exec-111] org.apache.jasper.servlet.TldScanner.scanJars At least one JAR was scanned for TLDs yet contained no TLDs. Enable debug logging for this logger for a complete list of JARs that were scanned but no TLDs were found in them. Skipping unneeded JARs during scanning can improve startup time and JSP compilation time.
31-Jul-2021 08:11:10.269 INFO [http-nio-8080-exec-111] org.apache.catalina.core.StandardContext.reload Reloading Context with name [/eAyd] is completed
31-Jul-2021 08:11:26.048 INFO [http-nio-8080-exec-108] org.apache.catalina.core.StandardContext.reload Reloading Context with name [/eAyd] has started
31-Jul-2021 08:11:26.377 INFO [http-nio-8080-exec-108] org.apache.jasper.servlet.TldScanner.scanJars At least one JAR was scanned for TLDs yet contained no TLDs. Enable debug logging for this logger for a complete list of JARs that were scanned but no TLDs were found in them. Skipping unneeded JARs during scanning can improve startup time and JSP compilation time.
31-Jul-2021 08:11:26.382 INFO [http-nio-8080-exec-108] org.apache.catalina.core.StandardContext.reload Reloading Context with name [/eAyd] is completed
31-Jul-2021 08:11:56.235 INFO [http-nio-8080-exec-113] org.apache.catalina.core.StandardContext.reload Reloading Context with name [/eAyd] has started
31-Jul-2021 08:11:56.826 INFO [http-nio-8080-exec-113] org.apache.jasper.servlet.TldScanner.scanJars At least one JAR was scanned for TLDs yet contained no TLDs. Enable debug logging for this logger for a complete list of JARs that were scanned but no TLDs were found in them. Skipping unneeded JARs during scanning can improve startup time and JSP compilation time.
31-Jul-2021 08:11:56.833 INFO [http-nio-8080-exec-113] org.apache.catalina.core.StandardContext.reload Reloading Context with name [/eAyd] is completed
31-Jul-2021 08:12:23.025 INFO [http-nio-8080-exec-112] org.apache.catalina.core.StandardContext.reload Reloading Context with name [/eAyd] has started
31-Jul-2021 08:12:23.375 INFO [http-nio-8080-exec-112] org.apache.jasper.servlet.TldScanner.scanJars At least one JAR was scanned for TLDs yet contained no TLDs. Enable debug logging for this logger for a complete list of JARs that were scanned but no TLDs were found in them. Skipping unneeded JARs during scanning can improve startup time and JSP compilation time.
31-Jul-2021 08:12:23.380 INFO [http-nio-8080-exec-112] org.apache.catalina.core.StandardContext.reload Reloading Context with name [/eAyd] is completed
31-Jul-2021 08:14:19.256 INFO [http-nio-8080-exec-98] org.apache.catalina.core.StandardContext.reload Reloading Context with name [/eAyd] has started
31-Jul-2021 08:14:19.615 INFO [http-nio-8080-exec-98] org.apache.jasper.servlet.TldScanner.scanJars At least one JAR was scanned for TLDs yet contained no TLDs. Enable debug logging for this logger for a complete list of JARs that were scanned but no TLDs were found in them. Skipping unneeded JARs during scanning can improve startup time and JSP compilation time.
31-Jul-2021 08:14:19.619 INFO [http-nio-8080-exec-98] org.apache.catalina.core.StandardContext.reload Reloading Context with name [/eAyd] is completed
31-Jul-2021 08:16:47.788 INFO [http-nio-8080-exec-118] org.apache.catalina.core.StandardContext.reload Reloading Context with name [/eAyd] has started
31-Jul-2021 08:16:48.180 INFO [http-nio-8080-exec-118] org.apache.jasper.servlet.TldScanner.scanJars At least one JAR was scanned for TLDs yet contained no TLDs. Enable debug logging for this logger for a complete list of JARs that were scanned but no TLDs were found in them. Skipping unneeded JARs during scanning can improve startup time and JSP compilation time.
31-Jul-2021 08:16:48.185 INFO [http-nio-8080-exec-118] org.apache.catalina.core.StandardContext.reload Reloading Context with name [/eAyd] is completed
31-Jul-2021 08:18:40.022 INFO [http-nio-8080-exec-113] org.apache.catalina.core.StandardContext.reload Reloading Context with name [/eAyd] has started
31-Jul-2021 08:18:40.393 INFO [http-nio-8080-exec-113] org.apache.jasper.servlet.TldScanner.scanJars At least one JAR was scanned for TLDs yet contained no TLDs. Enable debug logging for this logger for a complete list of JARs that were scanned but no TLDs were found in them. Skipping unneeded JARs during scanning can improve startup time and JSP compilation time.
31-Jul-2021 08:18:40.397 INFO [http-nio-8080-exec-113] org.apache.catalina.core.StandardContext.reload Reloading Context with name [/eAyd] is completed
31-Jul-2021 08:21:13.107 INFO [http-nio-8080-exec-116] org.apache.catalina.core.StandardContext.reload Reloading Context with name [/eAyd] has started
31-Jul-2021 08:21:13.495 INFO [http-nio-8080-exec-116] org.apache.jasper.servlet.TldScanner.scanJars At least one JAR was scanned for TLDs yet contained no TLDs. Enable debug logging for this logger for a complete list of JARs that were scanned but no TLDs were found in them. Skipping unneeded JARs during scanning can improve startup time and JSP compilation time.
31-Jul-2021 08:21:13.500 INFO [http-nio-8080-exec-116] org.apache.catalina.core.StandardContext.reload Reloading Context with name [/eAyd] is completed
31-Jul-2021 08:23:12.227 INFO [http-nio-8080-exec-125] org.apache.catalina.core.StandardContext.reload Reloading Context with name [/eAyd] has started
31-Jul-2021 08:23:12.602 INFO [http-nio-8080-exec-125] org.apache.jasper.servlet.TldScanner.scanJars At least one JAR was scanned for TLDs yet contained no TLDs. Enable debug logging for this logger for a complete list of JARs that were scanned but no TLDs were found in them. Skipping unneeded JARs during scanning can improve startup time and JSP compilation time.
31-Jul-2021 08:23:12.606 INFO [http-nio-8080-exec-125] org.apache.catalina.core.StandardContext.reload Reloading Context with name [/eAyd] is completed
31-Jul-2021 08:31:02.008 INFO [http-nio-8080-exec-130] org.apache.catalina.core.StandardContext.reload Reloading Context with name [/eAyd] has started
31-Jul-2021 08:31:02.395 INFO [http-nio-8080-exec-130] org.apache.jasper.servlet.TldScanner.scanJars At least one JAR was scanned for TLDs yet contained no TLDs. Enable debug logging for this logger for a complete list of JARs that were scanned but no TLDs were found in them. Skipping unneeded JARs during scanning can improve startup time and JSP compilation time.
31-Jul-2021 08:31:02.399 INFO [http-nio-8080-exec-130] org.apache.catalina.core.StandardContext.reload Reloading Context with name [/eAyd] is completed
31-Jul-2021 08:32:47.584 INFO [http-nio-8080-exec-129] org.apache.catalina.core.StandardContext.reload Reloading Context with name [/eAyd] has started
31-Jul-2021 08:32:48.011 INFO [http-nio-8080-exec-129] org.apache.jasper.servlet.TldScanner.scanJars At least one JAR was scanned for TLDs yet contained no TLDs. Enable debug logging for this logger for a complete list of JARs that were scanned but no TLDs were found in them. Skipping unneeded JARs during scanning can improve startup time and JSP compilation time.
31-Jul-2021 08:32:48.016 INFO [http-nio-8080-exec-129] org.apache.catalina.core.StandardContext.reload Reloading Context with name [/eAyd] is completed
31-Jul-2021 08:34:45.048 INFO [http-nio-8080-exec-138] org.apache.catalina.core.StandardContext.reload Reloading Context with name [/eAyd] has started
31-Jul-2021 08:34:45.471 INFO [http-nio-8080-exec-138] org.apache.jasper.servlet.TldScanner.scanJars At least one JAR was scanned for TLDs yet contained no TLDs. Enable debug logging for this logger for a complete list of JARs that were scanned but no TLDs were found in them. Skipping unneeded JARs during scanning can improve startup time and JSP compilation time.
31-Jul-2021 08:34:45.476 INFO [http-nio-8080-exec-138] org.apache.catalina.core.StandardContext.reload Reloading Context with name [/eAyd] is completed
31-Jul-2021 08:37:03.945 INFO [http-nio-8080-exec-142] org.apache.catalina.core.StandardContext.reload Reloading Context with name [/eAyd] has started
31-Jul-2021 08:37:04.267 INFO [http-nio-8080-exec-142] org.apache.jasper.servlet.TldScanner.scanJars At least one JAR was scanned for TLDs yet contained no TLDs. Enable debug logging for this logger for a complete list of JARs that were scanned but no TLDs were found in them. Skipping unneeded JARs during scanning can improve startup time and JSP compilation time.
31-Jul-2021 08:37:04.271 INFO [http-nio-8080-exec-142] org.apache.catalina.core.StandardContext.reload Reloading Context with name [/eAyd] is completed
31-Jul-2021 08:41:46.619 INFO [http-nio-8080-exec-144] org.apache.catalina.core.StandardContext.reload Reloading Context with name [/eAyd] has started
31-Jul-2021 08:41:47.081 INFO [http-nio-8080-exec-144] org.apache.jasper.servlet.TldScanner.scanJars At least one JAR was scanned for TLDs yet contained no TLDs. Enable debug logging for this logger for a complete list of JARs that were scanned but no TLDs were found in them. Skipping unneeded JARs during scanning can improve startup time and JSP compilation time.
31-Jul-2021 08:41:47.086 INFO [http-nio-8080-exec-144] org.apache.catalina.core.StandardContext.reload Reloading Context with name [/eAyd] is completed
31-Jul-2021 08:43:09.942 INFO [http-nio-8080-exec-142] org.apache.catalina.core.StandardContext.reload Reloading Context with name [/eAyd] has started
31-Jul-2021 08:43:10.362 INFO [http-nio-8080-exec-142] org.apache.jasper.servlet.TldScanner.scanJars At least one JAR was scanned for TLDs yet contained no TLDs. Enable debug logging for this logger for a complete list of JARs that were scanned but no TLDs were found in them. Skipping unneeded JARs during scanning can improve startup time and JSP compilation time.
31-Jul-2021 08:43:10.366 INFO [http-nio-8080-exec-142] org.apache.catalina.core.StandardContext.reload Reloading Context with name [/eAyd] is completed
31-Jul-2021 08:45:49.940 INFO [http-nio-8080-exec-152] org.apache.catalina.core.StandardContext.reload Reloading Context with name [/eAyd] has started
31-Jul-2021 08:45:50.380 INFO [http-nio-8080-exec-152] org.apache.jasper.servlet.TldScanner.scanJars At least one JAR was scanned for TLDs yet contained no TLDs. Enable debug logging for this logger for a complete list of JARs that were scanned but no TLDs were found in them. Skipping unneeded JARs during scanning can improve startup time and JSP compilation time.
31-Jul-2021 08:45:50.384 INFO [http-nio-8080-exec-152] org.apache.catalina.core.StandardContext.reload Reloading Context with name [/eAyd] is completed
31-Jul-2021 08:47:56.991 INFO [http-nio-8080-exec-142] org.apache.catalina.core.StandardContext.reload Reloading Context with name [/eAyd] has started
31-Jul-2021 08:47:57.370 INFO [http-nio-8080-exec-142] org.apache.jasper.servlet.TldScanner.scanJars At least one JAR was scanned for TLDs yet contained no TLDs. Enable debug logging for this logger for a complete list of JARs that were scanned but no TLDs were found in them. Skipping unneeded JARs during scanning can improve startup time and JSP compilation time.
31-Jul-2021 08:47:57.375 INFO [http-nio-8080-exec-142] org.apache.catalina.core.StandardContext.reload Reloading Context with name [/eAyd] is completed
31-Jul-2021 08:49:51.516 INFO [http-nio-8080-exec-154] org.apache.catalina.core.StandardContext.reload Reloading Context with name [/eAyd] has started
31-Jul-2021 08:49:51.898 INFO [http-nio-8080-exec-154] org.apache.jasper.servlet.TldScanner.scanJars At least one JAR was scanned for TLDs yet contained no TLDs. Enable debug logging for this logger for a complete list of JARs that were scanned but no TLDs were found in them. Skipping unneeded JARs during scanning can improve startup time and JSP compilation time.
31-Jul-2021 08:49:51.903 INFO [http-nio-8080-exec-154] org.apache.catalina.core.StandardContext.reload Reloading Context with name [/eAyd] is completed
31-Jul-2021 08:51:38.608 INFO [http-nio-8080-exec-155] org.apache.catalina.core.StandardContext.reload Reloading Context with name [/eAyd] has started
31-Jul-2021 08:51:38.970 INFO [http-nio-8080-exec-155] org.apache.jasper.servlet.TldScanner.scanJars At least one JAR was scanned for TLDs yet contained no TLDs. Enable debug logging for this logger for a complete list of JARs that were scanned but no TLDs were found in them. Skipping unneeded JARs during scanning can improve startup time and JSP compilation time.
31-Jul-2021 08:51:38.974 INFO [http-nio-8080-exec-155] org.apache.catalina.core.StandardContext.reload Reloading Context with name [/eAyd] is completed
31-Jul-2021 08:52:17.709 INFO [http-nio-8080-exec-154] org.apache.catalina.core.StandardContext.reload Reloading Context with name [/eAyd] has started
31-Jul-2021 08:52:18.088 INFO [http-nio-8080-exec-154] org.apache.jasper.servlet.TldScanner.scanJars At least one JAR was scanned for TLDs yet contained no TLDs. Enable debug logging for this logger for a complete list of JARs that were scanned but no TLDs were found in them. Skipping unneeded JARs during scanning can improve startup time and JSP compilation time.
31-Jul-2021 08:52:18.093 INFO [http-nio-8080-exec-154] org.apache.catalina.core.StandardContext.reload Reloading Context with name [/eAyd] is completed
31-Jul-2021 08:54:07.542 INFO [http-nio-8080-exec-157] org.apache.catalina.core.StandardContext.reload Reloading Context with name [/eAyd] has started
31-Jul-2021 08:54:07.937 INFO [http-nio-8080-exec-157] org.apache.jasper.servlet.TldScanner.scanJars At least one JAR was scanned for TLDs yet contained no TLDs. Enable debug logging for this logger for a complete list of JARs that were scanned but no TLDs were found in them. Skipping unneeded JARs during scanning can improve startup time and JSP compilation time.
31-Jul-2021 08:54:07.945 INFO [http-nio-8080-exec-157] org.apache.catalina.core.StandardContext.reload Reloading Context with name [/eAyd] is completed
31-Jul-2021 08:56:00.636 INFO [http-nio-8080-exec-162] org.apache.catalina.core.StandardContext.reload Reloading Context with name [/eAyd] has started
31-Jul-2021 08:56:01.053 INFO [http-nio-8080-exec-162] org.apache.jasper.servlet.TldScanner.scanJars At least one JAR was scanned for TLDs yet contained no TLDs. Enable debug logging for this logger for a complete list of JARs that were scanned but no TLDs were found in them. Skipping unneeded JARs during scanning can improve startup time and JSP compilation time.
31-Jul-2021 08:56:01.057 INFO [http-nio-8080-exec-162] org.apache.catalina.core.StandardContext.reload Reloading Context with name [/eAyd] is completed
31-Jul-2021 08:56:04.859 INFO [http-nio-8080-exec-164] org.apache.catalina.core.StandardContext.reload Reloading Context with name [/eAyd] has started
31-Jul-2021 08:56:05.242 INFO [http-nio-8080-exec-164] org.apache.jasper.servlet.TldScanner.scanJars At least one JAR was scanned for TLDs yet contained no TLDs. Enable debug logging for this logger for a complete list of JARs that were scanned but no TLDs were found in them. Skipping unneeded JARs during scanning can improve startup time and JSP compilation time.
31-Jul-2021 08:56:05.246 INFO [http-nio-8080-exec-164] org.apache.catalina.core.StandardContext.reload Reloading Context with name [/eAyd] is completed
31-Jul-2021 08:58:10.220 INFO [http-nio-8080-exec-153] org.apache.catalina.core.StandardContext.reload Reloading Context with name [/eAyd] has started
31-Jul-2021 08:58:10.641 INFO [http-nio-8080-exec-153] org.apache.jasper.servlet.TldScanner.scanJars At least one JAR was scanned for TLDs yet contained no TLDs. Enable debug logging for this logger for a complete list of JARs that were scanned but no TLDs were found in them. Skipping unneeded JARs during scanning can improve startup time and JSP compilation time.
31-Jul-2021 08:58:10.645 INFO [http-nio-8080-exec-153] org.apache.catalina.core.StandardContext.reload Reloading Context with name [/eAyd] is completed
31-Jul-2021 08:58:38.595 INFO [http-nio-8080-exec-142] org.apache.catalina.core.StandardContext.reload Reloading Context with name [/eAyd] has started
31-Jul-2021 08:58:38.929 INFO [http-nio-8080-exec-142] org.apache.jasper.servlet.TldScanner.scanJars At least one JAR was scanned for TLDs yet contained no TLDs. Enable debug logging for this logger for a complete list of JARs that were scanned but no TLDs were found in them. Skipping unneeded JARs during scanning can improve startup time and JSP compilation time.
31-Jul-2021 08:58:38.933 INFO [http-nio-8080-exec-142] org.apache.catalina.core.StandardContext.reload Reloading Context with name [/eAyd] is completed
31-Jul-2021 08:59:10.397 INFO [http-nio-8080-exec-170] org.apache.catalina.core.StandardContext.reload Reloading Context with name [/eAyd] has started
31-Jul-2021 08:59:10.763 INFO [http-nio-8080-exec-170] org.apache.jasper.servlet.TldScanner.scanJars At least one JAR was scanned for TLDs yet contained no TLDs. Enable debug logging for this logger for a complete list of JARs that were scanned but no TLDs were found in them. Skipping unneeded JARs during scanning can improve startup time and JSP compilation time.
31-Jul-2021 08:59:10.767 INFO [http-nio-8080-exec-170] org.apache.catalina.core.StandardContext.reload Reloading Context with name [/eAyd] is completed
31-Jul-2021 08:59:12.854 INFO [http-nio-8080-exec-137] org.apache.jasper.servlet.TldScanner.scanJars At least one JAR was scanned for TLDs yet contained no TLDs. Enable debug logging for this logger for a complete list of JARs that were scanned but no TLDs were found in them. Skipping unneeded JARs during scanning can improve startup time and JSP compilation time.
31-Jul-2021 09:01:41.379 INFO [http-nio-8080-exec-177] org.apache.catalina.core.StandardContext.reload Reloading Context with name [/eAyd] has started
31-Jul-2021 09:01:41.723 INFO [http-nio-8080-exec-177] org.apache.jasper.servlet.TldScanner.scanJars At least one JAR was scanned for TLDs yet contained no TLDs. Enable debug logging for this logger for a complete list of JARs that were scanned but no TLDs were found in them. Skipping unneeded JARs during scanning can improve startup time and JSP compilation time.
31-Jul-2021 09:01:41.727 INFO [http-nio-8080-exec-177] org.apache.catalina.core.StandardContext.reload Reloading Context with name [/eAyd] is completed
31-Jul-2021 09:02:53.601 INFO [http-nio-8080-exec-175] org.apache.catalina.core.StandardContext.reload Reloading Context with name [/eAyd] has started
31-Jul-2021 09:02:53.922 INFO [http-nio-8080-exec-175] org.apache.jasper.servlet.TldScanner.scanJars At least one JAR was scanned for TLDs yet contained no TLDs. Enable debug logging for this logger for a complete list of JARs that were scanned but no TLDs were found in them. Skipping unneeded JARs during scanning can improve startup time and JSP compilation time.
31-Jul-2021 09:02:53.927 INFO [http-nio-8080-exec-175] org.apache.catalina.core.StandardContext.reload Reloading Context with name [/eAyd] is completed
31-Jul-2021 09:09:44.815 INFO [http-nio-8080-exec-187] org.apache.catalina.core.StandardContext.reload Reloading Context with name [/eAyd] has started
31-Jul-2021 09:09:45.285 INFO [http-nio-8080-exec-187] org.apache.jasper.servlet.TldScanner.scanJars At least one JAR was scanned for TLDs yet contained no TLDs. Enable debug logging for this logger for a complete list of JARs that were scanned but no TLDs were found in them. Skipping unneeded JARs during scanning can improve startup time and JSP compilation time.
31-Jul-2021 09:09:45.303 INFO [http-nio-8080-exec-187] org.apache.catalina.core.StandardContext.reload Reloading Context with name [/eAyd] is completed
31-Jul-2021 09:12:22.506 INFO [http-nio-8080-exec-191] org.apache.catalina.core.StandardContext.reload Reloading Context with name [/eAyd] has started
31-Jul-2021 09:12:22.924 INFO [http-nio-8080-exec-191] org.apache.jasper.servlet.TldScanner.scanJars At least one JAR was scanned for TLDs yet contained no TLDs. Enable debug logging for this logger for a complete list of JARs that were scanned but no TLDs were found in them. Skipping unneeded JARs during scanning can improve startup time and JSP compilation time.
31-Jul-2021 09:12:22.928 INFO [http-nio-8080-exec-191] org.apache.catalina.core.StandardContext.reload Reloading Context with name [/eAyd] is completed
31-Jul-2021 09:14:54.047 INFO [http-nio-8080-exec-196] org.apache.catalina.core.StandardContext.reload Reloading Context with name [/eAyd] has started
31-Jul-2021 09:14:54.490 INFO [http-nio-8080-exec-196] org.apache.jasper.servlet.TldScanner.scanJars At least one JAR was scanned for TLDs yet contained no TLDs. Enable debug logging for this logger for a complete list of JARs that were scanned but no TLDs were found in them. Skipping unneeded JARs during scanning can improve startup time and JSP compilation time.
31-Jul-2021 09:14:54.494 INFO [http-nio-8080-exec-196] org.apache.catalina.core.StandardContext.reload Reloading Context with name [/eAyd] is completed
31-Jul-2021 09:15:43.220 INFO [http-nio-8080-exec-197] org.apache.catalina.core.StandardContext.reload Reloading Context with name [/eAyd] has started
31-Jul-2021 09:15:43.563 INFO [http-nio-8080-exec-197] org.apache.jasper.servlet.TldScanner.scanJars At least one JAR was scanned for TLDs yet contained no TLDs. Enable debug logging for this logger for a complete list of JARs that were scanned but no TLDs were found in them. Skipping unneeded JARs during scanning can improve startup time and JSP compilation time.
31-Jul-2021 09:15:43.567 INFO [http-nio-8080-exec-197] org.apache.catalina.core.StandardContext.reload Reloading Context with name [/eAyd] is completed
31-Jul-2021 09:17:20.786 INFO [http-nio-8080-exec-199] org.apache.catalina.core.StandardContext.reload Reloading Context with name [/eAyd] has started
31-Jul-2021 09:17:21.104 INFO [http-nio-8080-exec-199] org.apache.jasper.servlet.TldScanner.scanJars At least one JAR was scanned for TLDs yet contained no TLDs. Enable debug logging for this logger for a complete list of JARs that were scanned but no TLDs were found in them. Skipping unneeded JARs during scanning can improve startup time and JSP compilation time.
31-Jul-2021 09:17:21.108 INFO [http-nio-8080-exec-199] org.apache.catalina.core.StandardContext.reload Reloading Context with name [/eAyd] is completed
31-Jul-2021 09:18:30.699 INFO [http-nio-8080-exec-189] org.apache.catalina.core.StandardContext.reload Reloading Context with name [/eAyd] has started
31-Jul-2021 09:18:31.065 INFO [http-nio-8080-exec-189] org.apache.jasper.servlet.TldScanner.scanJars At least one JAR was scanned for TLDs yet contained no TLDs. Enable debug logging for this logger for a complete list of JARs that were scanned but no TLDs were found in them. Skipping unneeded JARs during scanning can improve startup time and JSP compilation time.
31-Jul-2021 09:18:31.070 INFO [http-nio-8080-exec-189] org.apache.catalina.core.StandardContext.reload Reloading Context with name [/eAyd] is completed
31-Jul-2021 09:19:30.936 INFO [http-nio-8080-exec-137] org.apache.catalina.core.StandardContext.reload Reloading Context with name [/eAyd] has started
31-Jul-2021 09:19:31.364 INFO [http-nio-8080-exec-137] org.apache.jasper.servlet.TldScanner.scanJars At least one JAR was scanned for TLDs yet contained no TLDs. Enable debug logging for this logger for a complete list of JARs that were scanned but no TLDs were found in them. Skipping unneeded JARs during scanning can improve startup time and JSP compilation time.
31-Jul-2021 09:19:31.368 INFO [http-nio-8080-exec-137] org.apache.catalina.core.StandardContext.reload Reloading Context with name [/eAyd] is completed
31-Jul-2021 09:19:53.797 INFO [http-nio-8080-exec-204] org.apache.catalina.core.StandardContext.reload Reloading Context with name [/eAyd] has started
31-Jul-2021 09:19:54.149 INFO [http-nio-8080-exec-204] org.apache.jasper.servlet.TldScanner.scanJars At least one JAR was scanned for TLDs yet contained no TLDs. Enable debug logging for this logger for a complete list of JARs that were scanned but no TLDs were found in them. Skipping unneeded JARs during scanning can improve startup time and JSP compilation time.
31-Jul-2021 09:19:54.153 INFO [http-nio-8080-exec-204] org.apache.catalina.core.StandardContext.reload Reloading Context with name [/eAyd] is completed
31-Jul-2021 09:20:58.233 INFO [http-nio-8080-exec-189] org.apache.catalina.core.StandardContext.reload Reloading Context with name [/eAyd] has started
31-Jul-2021 09:20:58.546 INFO [http-nio-8080-exec-189] org.apache.jasper.servlet.TldScanner.scanJars At least one JAR was scanned for TLDs yet contained no TLDs. Enable debug logging for this logger for a complete list of JARs that were scanned but no TLDs were found in them. Skipping unneeded JARs during scanning can improve startup time and JSP compilation time.
31-Jul-2021 09:20:58.552 INFO [http-nio-8080-exec-189] org.apache.catalina.core.StandardContext.reload Reloading Context with name [/eAyd] is completed
31-Jul-2021 09:21:29.147 INFO [http-nio-8080-exec-206] org.apache.catalina.core.StandardContext.reload Reloading Context with name [/eAyd] has started
31-Jul-2021 09:21:29.520 INFO [http-nio-8080-exec-206] org.apache.jasper.servlet.TldScanner.scanJars At least one JAR was scanned for TLDs yet contained no TLDs. Enable debug logging for this logger for a complete list of JARs that were scanned but no TLDs were found in them. Skipping unneeded JARs during scanning can improve startup time and JSP compilation time.
31-Jul-2021 09:21:29.525 INFO [http-nio-8080-exec-206] org.apache.catalina.core.StandardContext.reload Reloading Context with name [/eAyd] is completed
31-Jul-2021 09:22:52.971 INFO [http-nio-8080-exec-209] org.apache.catalina.core.StandardContext.reload Reloading Context with name [/eAyd] has started
31-Jul-2021 09:22:53.276 INFO [http-nio-8080-exec-209] org.apache.jasper.servlet.TldScanner.scanJars At least one JAR was scanned for TLDs yet contained no TLDs. Enable debug logging for this logger for a complete list of JARs that were scanned but no TLDs were found in them. Skipping unneeded JARs during scanning can improve startup time and JSP compilation time.
31-Jul-2021 09:22:53.279 INFO [http-nio-8080-exec-209] org.apache.catalina.core.StandardContext.reload Reloading Context with name [/eAyd] is completed
31-Jul-2021 09:24:04.638 INFO [http-nio-8080-exec-205] org.apache.catalina.core.StandardContext.reload Reloading Context with name [/eAyd] has started
31-Jul-2021 09:24:05.108 INFO [http-nio-8080-exec-205] org.apache.jasper.servlet.TldScanner.scanJars At least one JAR was scanned for TLDs yet contained no TLDs. Enable debug logging for this logger for a complete list of JARs that were scanned but no TLDs were found in them. Skipping unneeded JARs during scanning can improve startup time and JSP compilation time.
31-Jul-2021 09:24:05.113 INFO [http-nio-8080-exec-205] org.apache.catalina.core.StandardContext.reload Reloading Context with name [/eAyd] is completed
31-Jul-2021 09:26:52.797 INFO [http-nio-8080-exec-214] org.apache.catalina.core.StandardContext.reload Reloading Context with name [/eAyd] has started
31-Jul-2021 09:26:53.128 INFO [http-nio-8080-exec-214] org.apache.jasper.servlet.TldScanner.scanJars At least one JAR was scanned for TLDs yet contained no TLDs. Enable debug logging for this logger for a complete list of JARs that were scanned but no TLDs were found in them. Skipping unneeded JARs during scanning can improve startup time and JSP compilation time.
31-Jul-2021 09:26:53.133 INFO [http-nio-8080-exec-214] org.apache.catalina.core.StandardContext.reload Reloading Context with name [/eAyd] is completed
31-Jul-2021 09:29:34.327 INFO [http-nio-8080-exec-217] org.apache.catalina.core.StandardContext.reload Reloading Context with name [/eAyd] has started
31-Jul-2021 09:29:34.751 INFO [http-nio-8080-exec-217] org.apache.jasper.servlet.TldScanner.scanJars At least one JAR was scanned for TLDs yet contained no TLDs. Enable debug logging for this logger for a complete list of JARs that were scanned but no TLDs were found in them. Skipping unneeded JARs during scanning can improve startup time and JSP compilation time.
31-Jul-2021 09:29:34.755 INFO [http-nio-8080-exec-217] org.apache.catalina.core.StandardContext.reload Reloading Context with name [/eAyd] is completed
31-Jul-2021 09:30:38.010 INFO [http-nio-8080-exec-210] org.apache.catalina.core.StandardContext.reload Reloading Context with name [/eAyd] has started
31-Jul-2021 09:30:38.355 INFO [http-nio-8080-exec-210] org.apache.jasper.servlet.TldScanner.scanJars At least one JAR was scanned for TLDs yet contained no TLDs. Enable debug logging for this logger for a complete list of JARs that were scanned but no TLDs were found in them. Skipping unneeded JARs during scanning can improve startup time and JSP compilation time.
31-Jul-2021 09:30:38.359 INFO [http-nio-8080-exec-210] org.apache.catalina.core.StandardContext.reload Reloading Context with name [/eAyd] is completed
31-Jul-2021 09:33:02.219 INFO [http-nio-8080-exec-214] org.apache.catalina.core.StandardContext.reload Reloading Context with name [/eAyd] has started
31-Jul-2021 09:33:02.561 INFO [http-nio-8080-exec-214] org.apache.jasper.servlet.TldScanner.scanJars At least one JAR was scanned for TLDs yet contained no TLDs. Enable debug logging for this logger for a complete list of JARs that were scanned but no TLDs were found in them. Skipping unneeded JARs during scanning can improve startup time and JSP compilation time.
31-Jul-2021 09:33:02.566 INFO [http-nio-8080-exec-214] org.apache.catalina.core.StandardContext.reload Reloading Context with name [/eAyd] is completed
31-Jul-2021 09:35:19.903 INFO [http-nio-8080-exec-210] org.apache.catalina.core.StandardContext.reload Reloading Context with name [/eAyd] has started
31-Jul-2021 09:35:20.286 INFO [http-nio-8080-exec-210] org.apache.jasper.servlet.TldScanner.scanJars At least one JAR was scanned for TLDs yet contained no TLDs. Enable debug logging for this logger for a complete list of JARs that were scanned but no TLDs were found in them. Skipping unneeded JARs during scanning can improve startup time and JSP compilation time.
31-Jul-2021 09:35:20.291 INFO [http-nio-8080-exec-210] org.apache.catalina.core.StandardContext.reload Reloading Context with name [/eAyd] is completed
31-Jul-2021 09:39:02.275 INFO [http-nio-8080-exec-227] org.apache.catalina.core.StandardContext.reload Reloading Context with name [/eAyd] has started
31-Jul-2021 09:39:02.784 INFO [http-nio-8080-exec-227] org.apache.jasper.servlet.TldScanner.scanJars At least one JAR was scanned for TLDs yet contained no TLDs. Enable debug logging for this logger for a complete list of JARs that were scanned but no TLDs were found in them. Skipping unneeded JARs during scanning can improve startup time and JSP compilation time.
31-Jul-2021 09:39:02.790 INFO [http-nio-8080-exec-227] org.apache.catalina.core.StandardContext.reload Reloading Context with name [/eAyd] is completed
31-Jul-2021 09:43:03.807 INFO [http-nio-8080-exec-230] org.apache.catalina.core.StandardContext.reload Reloading Context with name [/eAyd] has started
31-Jul-2021 09:43:04.155 INFO [http-nio-8080-exec-230] org.apache.jasper.servlet.TldScanner.scanJars At least one JAR was scanned for TLDs yet contained no TLDs. Enable debug logging for this logger for a complete list of JARs that were scanned but no TLDs were found in them. Skipping unneeded JARs during scanning can improve startup time and JSP compilation time.
31-Jul-2021 09:43:04.159 INFO [http-nio-8080-exec-230] org.apache.catalina.core.StandardContext.reload Reloading Context with name [/eAyd] is completed
31-Jul-2021 09:55:04.033 INFO [http-nio-8080-exec-236] org.apache.catalina.core.StandardContext.reload Reloading Context with name [/eAyd] has started
31-Jul-2021 09:55:04.339 INFO [http-nio-8080-exec-236] org.apache.jasper.servlet.TldScanner.scanJars At least one JAR was scanned for TLDs yet contained no TLDs. Enable debug logging for this logger for a complete list of JARs that were scanned but no TLDs were found in them. Skipping unneeded JARs during scanning can improve startup time and JSP compilation time.
31-Jul-2021 09:55:04.343 INFO [http-nio-8080-exec-236] org.apache.catalina.core.StandardContext.reload Reloading Context with name [/eAyd] is completed
31-Jul-2021 10:09:59.239 INFO [http-nio-8080-exec-250] org.apache.catalina.core.StandardContext.reload Reloading Context with name [/eAyd] has started
31-Jul-2021 10:09:59.753 INFO [http-nio-8080-exec-250] org.apache.jasper.servlet.TldScanner.scanJars At least one JAR was scanned for TLDs yet contained no TLDs. Enable debug logging for this logger for a complete list of JARs that were scanned but no TLDs were found in them. Skipping unneeded JARs during scanning can improve startup time and JSP compilation time.
31-Jul-2021 10:09:59.757 INFO [http-nio-8080-exec-250] org.apache.catalina.core.StandardContext.reload Reloading Context with name [/eAyd] is completed
31-Jul-2021 10:10:20.365 INFO [http-nio-8080-exec-249] org.apache.catalina.core.StandardContext.reload Reloading Context with name [/eAyd] has started
31-Jul-2021 10:10:21.036 INFO [http-nio-8080-exec-249] org.apache.jasper.servlet.TldScanner.scanJars At least one JAR was scanned for TLDs yet contained no TLDs. Enable debug logging for this logger for a complete list of JARs that were scanned but no TLDs were found in them. Skipping unneeded JARs during scanning can improve startup time and JSP compilation time.
31-Jul-2021 10:10:21.041 INFO [http-nio-8080-exec-249] org.apache.catalina.core.StandardContext.reload Reloading Context with name [/eAyd] is completed
31-Jul-2021 10:11:25.516 INFO [http-nio-8080-exec-246] org.apache.catalina.core.StandardContext.reload Reloading Context with name [/eAyd] has started
31-Jul-2021 10:11:26.322 INFO [http-nio-8080-exec-246] org.apache.jasper.servlet.TldScanner.scanJars At least one JAR was scanned for TLDs yet contained no TLDs. Enable debug logging for this logger for a complete list of JARs that were scanned but no TLDs were found in them. Skipping unneeded JARs during scanning can improve startup time and JSP compilation time.
31-Jul-2021 10:11:26.327 INFO [http-nio-8080-exec-246] org.apache.catalina.core.StandardContext.reload Reloading Context with name [/eAyd] is completed
31-Jul-2021 10:16:45.406 INFO [http-nio-8080-exec-262] org.apache.catalina.core.StandardContext.reload Reloading Context with name [/eAyd] has started
31-Jul-2021 10:16:45.780 INFO [http-nio-8080-exec-262] org.apache.jasper.servlet.TldScanner.scanJars At least one JAR was scanned for TLDs yet contained no TLDs. Enable debug logging for this logger for a complete list of JARs that were scanned but no TLDs were found in them. Skipping unneeded JARs during scanning can improve startup time and JSP compilation time.
31-Jul-2021 10:16:45.783 INFO [http-nio-8080-exec-262] org.apache.catalina.core.StandardContext.reload Reloading Context with name [/eAyd] is completed
31-Jul-2021 10:23:44.120 INFO [http-nio-8080-exec-266] org.apache.catalina.core.StandardContext.reload Reloading Context with name [/eAyd] has started
31-Jul-2021 10:23:44.703 INFO [http-nio-8080-exec-266] org.apache.jasper.servlet.TldScanner.scanJars At least one JAR was scanned for TLDs yet contained no TLDs. Enable debug logging for this logger for a complete list of JARs that were scanned but no TLDs were found in them. Skipping unneeded JARs during scanning can improve startup time and JSP compilation time.
31-Jul-2021 10:23:44.706 INFO [http-nio-8080-exec-266] org.apache.catalina.core.StandardContext.reload Reloading Context with name [/eAyd] is completed
31-Jul-2021 10:24:22.746 INFO [http-nio-8080-exec-268] org.apache.catalina.core.StandardContext.reload Reloading Context with name [/eAyd] has started
31-Jul-2021 10:24:23.145 INFO [http-nio-8080-exec-268] org.apache.jasper.servlet.TldScanner.scanJars At least one JAR was scanned for TLDs yet contained no TLDs. Enable debug logging for this logger for a complete list of JARs that were scanned but no TLDs were found in them. Skipping unneeded JARs during scanning can improve startup time and JSP compilation time.
31-Jul-2021 10:24:23.147 INFO [http-nio-8080-exec-268] org.apache.catalina.core.StandardContext.reload Reloading Context with name [/eAyd] is completed
31-Jul-2021 10:28:02.094 INFO [http-nio-8080-exec-270] org.apache.catalina.core.StandardContext.reload Reloading Context with name [/eAyd] has started
31-Jul-2021 10:28:02.584 INFO [http-nio-8080-exec-270] org.apache.jasper.servlet.TldScanner.scanJars At least one JAR was scanned for TLDs yet contained no TLDs. Enable debug logging for this logger for a complete list of JARs that were scanned but no TLDs were found in them. Skipping unneeded JARs during scanning can improve startup time and JSP compilation time.
31-Jul-2021 10:28:02.587 INFO [http-nio-8080-exec-270] org.apache.catalina.core.StandardContext.reload Reloading Context with name [/eAyd] is completed
31-Jul-2021 10:29:27.741 INFO [http-nio-8080-exec-276] org.apache.catalina.core.StandardContext.reload Reloading Context with name [/eAyd] has started
31-Jul-2021 10:29:28.436 INFO [http-nio-8080-exec-276] org.apache.jasper.servlet.TldScanner.scanJars At least one JAR was scanned for TLDs yet contained no TLDs. Enable debug logging for this logger for a complete list of JARs that were scanned but no TLDs were found in them. Skipping unneeded JARs during scanning can improve startup time and JSP compilation time.
31-Jul-2021 10:29:28.440 INFO [http-nio-8080-exec-276] org.apache.catalina.core.StandardContext.reload Reloading Context with name [/eAyd] is completed
31-Jul-2021 10:30:21.828 INFO [http-nio-8080-exec-268] org.apache.catalina.core.StandardContext.reload Reloading Context with name [/eAyd] has started
31-Jul-2021 10:30:22.182 INFO [http-nio-8080-exec-268] org.apache.jasper.servlet.TldScanner.scanJars At least one JAR was scanned for TLDs yet contained no TLDs. Enable debug logging for this logger for a complete list of JARs that were scanned but no TLDs were found in them. Skipping unneeded JARs during scanning can improve startup time and JSP compilation time.
31-Jul-2021 10:30:22.186 INFO [http-nio-8080-exec-268] org.apache.catalina.core.StandardContext.reload Reloading Context with name [/eAyd] is completed
31-Jul-2021 10:37:23.939 INFO [http-nio-8080-exec-282] org.apache.catalina.core.StandardContext.reload Reloading Context with name [/eAyd] has started
31-Jul-2021 10:37:24.604 INFO [http-nio-8080-exec-282] org.apache.jasper.servlet.TldScanner.scanJars At least one JAR was scanned for TLDs yet contained no TLDs. Enable debug logging for this logger for a complete list of JARs that were scanned but no TLDs were found in them. Skipping unneeded JARs during scanning can improve startup time and JSP compilation time.
31-Jul-2021 10:37:24.608 INFO [http-nio-8080-exec-282] org.apache.catalina.core.StandardContext.reload Reloading Context with name [/eAyd] is completed
31-Jul-2021 10:38:39.189 INFO [http-nio-8080-exec-284] org.apache.catalina.core.StandardContext.reload Reloading Context with name [/eAyd] has started
31-Jul-2021 10:38:39.551 INFO [http-nio-8080-exec-284] org.apache.jasper.servlet.TldScanner.scanJars At least one JAR was scanned for TLDs yet contained no TLDs. Enable debug logging for this logger for a complete list of JARs that were scanned but no TLDs were found in them. Skipping unneeded JARs during scanning can improve startup time and JSP compilation time.
31-Jul-2021 10:38:39.555 INFO [http-nio-8080-exec-284] org.apache.catalina.core.StandardContext.reload Reloading Context with name [/eAyd] is completed
31-Jul-2021 10:48:37.534 INFO [http-nio-8080-exec-293] org.apache.catalina.core.StandardContext.reload Reloading Context with name [/eAyd] has started
31-Jul-2021 10:48:38.330 INFO [http-nio-8080-exec-293] org.apache.jasper.servlet.TldScanner.scanJars At least one JAR was scanned for TLDs yet contained no TLDs. Enable debug logging for this logger for a complete list of JARs that were scanned but no TLDs were found in them. Skipping unneeded JARs during scanning can improve startup time and JSP compilation time.
31-Jul-2021 10:48:38.336 INFO [http-nio-8080-exec-293] org.apache.catalina.core.StandardContext.reload Reloading Context with name [/eAyd] is completed
31-Jul-2021 11:01:09.698 INFO [http-nio-8080-exec-301] org.apache.catalina.core.StandardContext.reload Reloading Context with name [/eAyd] has started
31-Jul-2021 11:01:10.072 INFO [http-nio-8080-exec-301] org.apache.jasper.servlet.TldScanner.scanJars At least one JAR was scanned for TLDs yet contained no TLDs. Enable debug logging for this logger for a complete list of JARs that were scanned but no TLDs were found in them. Skipping unneeded JARs during scanning can improve startup time and JSP compilation time.
31-Jul-2021 11:01:10.076 INFO [http-nio-8080-exec-301] org.apache.catalina.core.StandardContext.reload Reloading Context with name [/eAyd] is completed
31-Jul-2021 11:02:09.515 INFO [http-nio-8080-exec-306] org.apache.catalina.core.StandardContext.reload Reloading Context with name [/eAyd] has started
31-Jul-2021 11:02:09.899 INFO [http-nio-8080-exec-306] org.apache.jasper.servlet.TldScanner.scanJars At least one JAR was scanned for TLDs yet contained no TLDs. Enable debug logging for this logger for a complete list of JARs that were scanned but no TLDs were found in them. Skipping unneeded JARs during scanning can improve startup time and JSP compilation time.
31-Jul-2021 11:02:09.904 INFO [http-nio-8080-exec-306] org.apache.catalina.core.StandardContext.reload Reloading Context with name [/eAyd] is completed
31-Jul-2021 11:02:50.544 INFO [http-nio-8080-exec-308] org.apache.catalina.core.StandardContext.reload Reloading Context with name [/eAyd] has started
31-Jul-2021 11:02:50.911 INFO [http-nio-8080-exec-308] org.apache.jasper.servlet.TldScanner.scanJars At least one JAR was scanned for TLDs yet contained no TLDs. Enable debug logging for this logger for a complete list of JARs that were scanned but no TLDs were found in them. Skipping unneeded JARs during scanning can improve startup time and JSP compilation time.
31-Jul-2021 11:02:50.917 INFO [http-nio-8080-exec-308] org.apache.catalina.core.StandardContext.reload Reloading Context with name [/eAyd] is completed
31-Jul-2021 11:07:26.893 INFO [http-nio-8080-exec-315] org.apache.catalina.core.StandardContext.reload Reloading Context with name [/eAyd] has started
31-Jul-2021 11:07:27.267 INFO [http-nio-8080-exec-315] org.apache.jasper.servlet.TldScanner.scanJars At least one JAR was scanned for TLDs yet contained no TLDs. Enable debug logging for this logger for a complete list of JARs that were scanned but no TLDs were found in them. Skipping unneeded JARs during scanning can improve startup time and JSP compilation time.
31-Jul-2021 11:07:27.270 INFO [http-nio-8080-exec-315] org.apache.catalina.core.StandardContext.reload Reloading Context with name [/eAyd] is completed
31-Jul-2021 11:12:42.355 INFO [http-nio-8080-exec-320] org.apache.catalina.core.StandardContext.reload Reloading Context with name [/eAyd] has started
31-Jul-2021 11:12:42.785 INFO [http-nio-8080-exec-320] org.apache.jasper.servlet.TldScanner.scanJars At least one JAR was scanned for TLDs yet contained no TLDs. Enable debug logging for this logger for a complete list of JARs that were scanned but no TLDs were found in them. Skipping unneeded JARs during scanning can improve startup time and JSP compilation time.
31-Jul-2021 11:12:42.792 INFO [http-nio-8080-exec-320] org.apache.catalina.core.StandardContext.reload Reloading Context with name [/eAyd] is completed
31-Jul-2021 12:08:19.458 INFO [http-nio-8080-exec-331] org.apache.catalina.core.StandardContext.reload Reloading Context with name [/eAyd] has started
31-Jul-2021 12:08:19.883 INFO [http-nio-8080-exec-331] org.apache.jasper.servlet.TldScanner.scanJars At least one JAR was scanned for TLDs yet contained no TLDs. Enable debug logging for this logger for a complete list of JARs that were scanned but no TLDs were found in them. Skipping unneeded JARs during scanning can improve startup time and JSP compilation time.
31-Jul-2021 12:08:19.941 INFO [http-nio-8080-exec-331] org.apache.catalina.core.StandardContext.reload Reloading Context with name [/eAyd] is completed
