01-Jul-2021 09:55:28.479 INFO [main] org.apache.catalina.startup.VersionLoggerListener.log Server version name:   Apache Tomcat/9.0.36
01-Jul-2021 09:55:28.479 INFO [main] org.apache.catalina.startup.VersionLoggerListener.log Server built:          Jun 3 2020 17:07:09 UTC
01-Jul-2021 09:55:28.479 INFO [main] org.apache.catalina.startup.VersionLoggerListener.log Server version number: 9.0.36.0
01-Jul-2021 09:55:28.479 INFO [main] org.apache.catalina.startup.VersionLoggerListener.log OS Name:               Windows 10
01-Jul-2021 09:55:28.479 INFO [main] org.apache.catalina.startup.VersionLoggerListener.log OS Version:            10.0
01-Jul-2021 09:55:28.479 INFO [main] org.apache.catalina.startup.VersionLoggerListener.log Architecture:          amd64
01-Jul-2021 09:55:28.479 INFO [main] org.apache.catalina.startup.VersionLoggerListener.log Java Home:             C:\Program Files\Java\jdk1.8.0_221\jre
01-Jul-2021 09:55:28.479 INFO [main] org.apache.catalina.startup.VersionLoggerListener.log JVM Version:           1.8.0_221-b11
01-Jul-2021 09:55:28.479 INFO [main] org.apache.catalina.startup.VersionLoggerListener.log JVM Vendor:            Oracle Corporation
01-Jul-2021 09:55:28.479 INFO [main] org.apache.catalina.startup.VersionLoggerListener.log CATALINA_BASE:         C:\Users\marco\Documents\GARULO\ServiciosDeAguayDrenajeMty\AppWEBResponsiveSAP\WorkSpace\eAydSAPResponsivo\Server\apache-tomcat-9.0.36
01-Jul-2021 09:55:28.479 INFO [main] org.apache.catalina.startup.VersionLoggerListener.log CATALINA_HOME:         C:\Users\marco\Documents\GARULO\ServiciosDeAguayDrenajeMty\AppWEBResponsiveSAP\WorkSpace\eAydSAPResponsivo\Server\apache-tomcat-9.0.36
01-Jul-2021 09:55:28.495 INFO [main] org.apache.catalina.startup.VersionLoggerListener.log Command line argument: -Djava.util.logging.config.file=C:\Users\marco\Documents\GARULO\ServiciosDeAguayDrenajeMty\AppWEBResponsiveSAP\WorkSpace\eAydSAPResponsivo\Server\apache-tomcat-9.0.36\conf\logging.properties
01-Jul-2021 09:55:28.495 INFO [main] org.apache.catalina.startup.VersionLoggerListener.log Command line argument: -Djava.util.logging.manager=org.apache.juli.ClassLoaderLogManager
01-Jul-2021 09:55:28.495 INFO [main] org.apache.catalina.startup.VersionLoggerListener.log Command line argument: -Djdk.tls.ephemeralDHKeySize=2048
01-Jul-2021 09:55:28.495 INFO [main] org.apache.catalina.startup.VersionLoggerListener.log Command line argument: -Djava.protocol.handler.pkgs=org.apache.catalina.webresources
01-Jul-2021 09:55:28.495 INFO [main] org.apache.catalina.startup.VersionLoggerListener.log Command line argument: -Dignore.endorsed.dirs=
01-Jul-2021 09:55:28.495 INFO [main] org.apache.catalina.startup.VersionLoggerListener.log Command line argument: -Dcatalina.base=C:\Users\marco\Documents\GARULO\ServiciosDeAguayDrenajeMty\AppWEBResponsiveSAP\WorkSpace\eAydSAPResponsivo\Server\apache-tomcat-9.0.36
01-Jul-2021 09:55:28.495 INFO [main] org.apache.catalina.startup.VersionLoggerListener.log Command line argument: -Dcatalina.home=C:\Users\marco\Documents\GARULO\ServiciosDeAguayDrenajeMty\AppWEBResponsiveSAP\WorkSpace\eAydSAPResponsivo\Server\apache-tomcat-9.0.36
01-Jul-2021 09:55:28.495 INFO [main] org.apache.catalina.startup.VersionLoggerListener.log Command line argument: -Djava.io.tmpdir=C:\Users\marco\Documents\GARULO\ServiciosDeAguayDrenajeMty\AppWEBResponsiveSAP\WorkSpace\eAydSAPResponsivo\Server\apache-tomcat-9.0.36\temp
01-Jul-2021 09:55:28.495 INFO [main] org.apache.catalina.core.AprLifecycleListener.lifecycleEvent Loaded Apache Tomcat Native library [1.2.24] using APR version [1.7.0].
01-Jul-2021 09:55:28.495 INFO [main] org.apache.catalina.core.AprLifecycleListener.lifecycleEvent APR capabilities: IPv6 [true], sendfile [true], accept filters [false], random [true].
01-Jul-2021 09:55:28.495 INFO [main] org.apache.catalina.core.AprLifecycleListener.lifecycleEvent APR/OpenSSL configuration: useAprConnector [false], useOpenSSL [true]
01-Jul-2021 09:55:28.495 INFO [main] org.apache.catalina.core.AprLifecycleListener.initializeSSL OpenSSL successfully initialized [OpenSSL 1.1.1g  21 Apr 2020]
01-Jul-2021 09:55:29.182 INFO [main] org.apache.coyote.AbstractProtocol.init Initializing ProtocolHandler ["http-nio-8080"]
01-Jul-2021 09:55:29.510 INFO [main] org.apache.coyote.AbstractProtocol.init Initializing ProtocolHandler ["https-openssl-nio-8443"]
01-Jul-2021 09:55:30.338 INFO [main] org.apache.catalina.startup.Catalina.load Server initialization in [2,166] milliseconds
01-Jul-2021 09:55:30.385 INFO [main] org.apache.catalina.core.StandardService.startInternal Starting service [Catalina]
01-Jul-2021 09:55:30.400 INFO [main] org.apache.catalina.core.StandardEngine.startInternal Starting Servlet engine: [Apache Tomcat/9.0.36]
01-Jul-2021 09:55:30.400 INFO [main] org.apache.catalina.startup.HostConfig.deployDirectory Deploying web application directory [C:\Users\marco\Documents\GARULO\ServiciosDeAguayDrenajeMty\AppWEBResponsiveSAP\WorkSpace\eAydSAPResponsivo\Server\apache-tomcat-9.0.36\webapps\docs]
01-Jul-2021 09:55:30.682 INFO [main] org.apache.catalina.startup.HostConfig.deployDirectory Deployment of web application directory [C:\Users\marco\Documents\GARULO\ServiciosDeAguayDrenajeMty\AppWEBResponsiveSAP\WorkSpace\eAydSAPResponsivo\Server\apache-tomcat-9.0.36\webapps\docs] has finished in [282] ms
01-Jul-2021 09:55:30.682 INFO [main] org.apache.catalina.startup.HostConfig.deployDirectory Deploying web application directory [C:\Users\marco\Documents\GARULO\ServiciosDeAguayDrenajeMty\AppWEBResponsiveSAP\WorkSpace\eAydSAPResponsivo\Server\apache-tomcat-9.0.36\webapps\examples]
01-Jul-2021 09:55:31.166 INFO [main] org.apache.catalina.startup.HostConfig.deployDirectory Deployment of web application directory [C:\Users\marco\Documents\GARULO\ServiciosDeAguayDrenajeMty\AppWEBResponsiveSAP\WorkSpace\eAydSAPResponsivo\Server\apache-tomcat-9.0.36\webapps\examples] has finished in [484] ms
01-Jul-2021 09:55:31.166 INFO [main] org.apache.catalina.startup.HostConfig.deployDirectory Deploying web application directory [C:\Users\marco\Documents\GARULO\ServiciosDeAguayDrenajeMty\AppWEBResponsiveSAP\WorkSpace\eAydSAPResponsivo\Server\apache-tomcat-9.0.36\webapps\host-manager]
01-Jul-2021 09:55:31.244 INFO [main] org.apache.catalina.startup.HostConfig.deployDirectory Deployment of web application directory [C:\Users\marco\Documents\GARULO\ServiciosDeAguayDrenajeMty\AppWEBResponsiveSAP\WorkSpace\eAydSAPResponsivo\Server\apache-tomcat-9.0.36\webapps\host-manager] has finished in [78] ms
01-Jul-2021 09:55:31.244 INFO [main] org.apache.catalina.startup.HostConfig.deployDirectory Deploying web application directory [C:\Users\marco\Documents\GARULO\ServiciosDeAguayDrenajeMty\AppWEBResponsiveSAP\WorkSpace\eAydSAPResponsivo\Server\apache-tomcat-9.0.36\webapps\manager]
01-Jul-2021 09:55:31.322 INFO [main] org.apache.catalina.startup.HostConfig.deployDirectory Deployment of web application directory [C:\Users\marco\Documents\GARULO\ServiciosDeAguayDrenajeMty\AppWEBResponsiveSAP\WorkSpace\eAydSAPResponsivo\Server\apache-tomcat-9.0.36\webapps\manager] has finished in [78] ms
01-Jul-2021 09:55:31.322 INFO [main] org.apache.catalina.startup.HostConfig.deployDirectory Deploying web application directory [C:\Users\marco\Documents\GARULO\ServiciosDeAguayDrenajeMty\AppWEBResponsiveSAP\WorkSpace\eAydSAPResponsivo\Server\apache-tomcat-9.0.36\webapps\ROOT]
01-Jul-2021 09:55:31.400 INFO [main] org.apache.catalina.startup.HostConfig.deployDirectory Deployment of web application directory [C:\Users\marco\Documents\GARULO\ServiciosDeAguayDrenajeMty\AppWEBResponsiveSAP\WorkSpace\eAydSAPResponsivo\Server\apache-tomcat-9.0.36\webapps\ROOT] has finished in [78] ms
01-Jul-2021 09:55:31.416 INFO [main] org.apache.coyote.AbstractProtocol.start Starting ProtocolHandler ["http-nio-8080"]
01-Jul-2021 09:55:31.431 INFO [main] org.apache.coyote.AbstractProtocol.start Starting ProtocolHandler ["https-openssl-nio-8443"]
01-Jul-2021 09:55:31.431 INFO [main] org.apache.catalina.startup.Catalina.start Server startup in [1,087] milliseconds
01-Jul-2021 09:56:43.308 INFO [http-nio-8080-exec-9] org.apache.catalina.startup.HostConfig.deployDescriptor Deploying deployment descriptor [C:\Users\marco\Documents\GARULO\ServiciosDeAguayDrenajeMty\AppWEBResponsiveSAP\WorkSpace\eAydSAPResponsivo\Server\apache-tomcat-9.0.36\conf\Catalina\localhost\eAyd.xml]
01-Jul-2021 09:56:43.308 WARNING [http-nio-8080-exec-9] org.apache.catalina.startup.HostConfig.deployDescriptor The path attribute with value [/eAyd] in deployment descriptor [C:\Users\marco\Documents\GARULO\ServiciosDeAguayDrenajeMty\AppWEBResponsiveSAP\WorkSpace\eAydSAPResponsivo\Server\apache-tomcat-9.0.36\conf\Catalina\localhost\eAyd.xml] has been ignored
01-Jul-2021 09:56:43.532 INFO [http-nio-8080-exec-9] org.apache.jasper.servlet.TldScanner.scanJars At least one JAR was scanned for TLDs yet contained no TLDs. Enable debug logging for this logger for a complete list of JARs that were scanned but no TLDs were found in them. Skipping unneeded JARs during scanning can improve startup time and JSP compilation time.
01-Jul-2021 09:56:43.620 INFO [http-nio-8080-exec-9] org.apache.catalina.startup.HostConfig.deployDescriptor Deployment of deployment descriptor [C:\Users\marco\Documents\GARULO\ServiciosDeAguayDrenajeMty\AppWEBResponsiveSAP\WorkSpace\eAydSAPResponsivo\Server\apache-tomcat-9.0.36\conf\Catalina\localhost\eAyd.xml] has finished in [312] ms
01-Jul-2021 09:56:43.628 INFO [http-nio-8080-exec-10] org.apache.catalina.util.LifecycleBase.start The start() method was called on component [StandardEngine[Catalina].StandardHost[localhost].StandardContext[/eAyd]] after start() had already been called. The second call will be ignored.
