23-Jun-2021 18:07:05.892 INFO [main] org.apache.catalina.core.StandardServer.await A valid shutdown command was received via the shutdown port. Stopping the Server instance.
23-Jun-2021 18:07:05.898 INFO [main] org.apache.coyote.AbstractProtocol.pause Pausing ProtocolHandler ["http-nio-8080"]
23-Jun-2021 18:07:06.232 INFO [main] org.apache.catalina.core.StandardService.stopInternal Stopping service [Catalina]
23-Jun-2021 18:07:07.237 INFO [main] org.apache.coyote.AbstractProtocol.stop Stopping ProtocolHandler ["http-nio-8080"]
23-Jun-2021 18:07:07.246 INFO [main] org.apache.coyote.AbstractProtocol.destroy Destroying ProtocolHandler ["http-nio-8080"]
23-Jun-2021 19:58:36.337 INFO [main] org.apache.catalina.startup.VersionLoggerListener.log Server version name:   Apache Tomcat/9.0.36
23-Jun-2021 19:58:36.339 INFO [main] org.apache.catalina.startup.VersionLoggerListener.log Server built:          Jun 3 2020 17:07:09 UTC
23-Jun-2021 19:58:36.339 INFO [main] org.apache.catalina.startup.VersionLoggerListener.log Server version number: 9.0.36.0
23-Jun-2021 19:58:36.340 INFO [main] org.apache.catalina.startup.VersionLoggerListener.log OS Name:               Windows 10
23-Jun-2021 19:58:36.340 INFO [main] org.apache.catalina.startup.VersionLoggerListener.log OS Version:            10.0
23-Jun-2021 19:58:36.340 INFO [main] org.apache.catalina.startup.VersionLoggerListener.log Architecture:          amd64
23-Jun-2021 19:58:36.340 INFO [main] org.apache.catalina.startup.VersionLoggerListener.log Java Home:             C:\Program Files\Java\jdk1.8.0_221\jre
23-Jun-2021 19:58:36.340 INFO [main] org.apache.catalina.startup.VersionLoggerListener.log JVM Version:           1.8.0_221-b11
23-Jun-2021 19:58:36.340 INFO [main] org.apache.catalina.startup.VersionLoggerListener.log JVM Vendor:            Oracle Corporation
23-Jun-2021 19:58:36.340 INFO [main] org.apache.catalina.startup.VersionLoggerListener.log CATALINA_BASE:         C:\Users\marco\Documents\GARULO\ServiciosDeAguayDrenajeMty\AppWEBResponsiveSAP\WorkSpace\eAydSAPResponsivo\Server\apache-tomcat-9.0.36
23-Jun-2021 19:58:36.340 INFO [main] org.apache.catalina.startup.VersionLoggerListener.log CATALINA_HOME:         C:\Users\marco\Documents\GARULO\ServiciosDeAguayDrenajeMty\AppWEBResponsiveSAP\WorkSpace\eAydSAPResponsivo\Server\apache-tomcat-9.0.36
23-Jun-2021 19:58:36.342 INFO [main] org.apache.catalina.startup.VersionLoggerListener.log Command line argument: -Djava.util.logging.config.file=C:\Users\marco\Documents\GARULO\ServiciosDeAguayDrenajeMty\AppWEBResponsiveSAP\WorkSpace\eAydSAPResponsivo\Server\apache-tomcat-9.0.36\conf\logging.properties
23-Jun-2021 19:58:36.343 INFO [main] org.apache.catalina.startup.VersionLoggerListener.log Command line argument: -Djava.util.logging.manager=org.apache.juli.ClassLoaderLogManager
23-Jun-2021 19:58:36.343 INFO [main] org.apache.catalina.startup.VersionLoggerListener.log Command line argument: -Djdk.tls.ephemeralDHKeySize=2048
23-Jun-2021 19:58:36.343 INFO [main] org.apache.catalina.startup.VersionLoggerListener.log Command line argument: -Djava.protocol.handler.pkgs=org.apache.catalina.webresources
23-Jun-2021 19:58:36.343 INFO [main] org.apache.catalina.startup.VersionLoggerListener.log Command line argument: -Dignore.endorsed.dirs=
23-Jun-2021 19:58:36.343 INFO [main] org.apache.catalina.startup.VersionLoggerListener.log Command line argument: -Dcatalina.base=C:\Users\marco\Documents\GARULO\ServiciosDeAguayDrenajeMty\AppWEBResponsiveSAP\WorkSpace\eAydSAPResponsivo\Server\apache-tomcat-9.0.36
23-Jun-2021 19:58:36.343 INFO [main] org.apache.catalina.startup.VersionLoggerListener.log Command line argument: -Dcatalina.home=C:\Users\marco\Documents\GARULO\ServiciosDeAguayDrenajeMty\AppWEBResponsiveSAP\WorkSpace\eAydSAPResponsivo\Server\apache-tomcat-9.0.36
23-Jun-2021 19:58:36.343 INFO [main] org.apache.catalina.startup.VersionLoggerListener.log Command line argument: -Djava.io.tmpdir=C:\Users\marco\Documents\GARULO\ServiciosDeAguayDrenajeMty\AppWEBResponsiveSAP\WorkSpace\eAydSAPResponsivo\Server\apache-tomcat-9.0.36\temp
23-Jun-2021 19:58:36.343 INFO [main] org.apache.catalina.core.AprLifecycleListener.lifecycleEvent Loaded Apache Tomcat Native library [1.2.24] using APR version [1.7.0].
23-Jun-2021 19:58:36.343 INFO [main] org.apache.catalina.core.AprLifecycleListener.lifecycleEvent APR capabilities: IPv6 [true], sendfile [true], accept filters [false], random [true].
23-Jun-2021 19:58:36.343 INFO [main] org.apache.catalina.core.AprLifecycleListener.lifecycleEvent APR/OpenSSL configuration: useAprConnector [false], useOpenSSL [true]
23-Jun-2021 19:58:36.354 INFO [main] org.apache.catalina.core.AprLifecycleListener.initializeSSL OpenSSL successfully initialized [OpenSSL 1.1.1g  21 Apr 2020]
23-Jun-2021 19:58:36.888 INFO [main] org.apache.coyote.AbstractProtocol.init Initializing ProtocolHandler ["http-nio-8080"]
23-Jun-2021 19:58:37.239 INFO [main] org.apache.catalina.startup.Catalina.load Server initialization in [1,147] milliseconds
23-Jun-2021 19:58:37.286 INFO [main] org.apache.catalina.core.StandardService.startInternal Starting service [Catalina]
23-Jun-2021 19:58:37.287 INFO [main] org.apache.catalina.core.StandardEngine.startInternal Starting Servlet engine: [Apache Tomcat/9.0.36]
23-Jun-2021 19:58:37.303 INFO [main] org.apache.catalina.startup.HostConfig.deployDescriptor Deploying deployment descriptor [C:\Users\marco\Documents\GARULO\ServiciosDeAguayDrenajeMty\AppWEBResponsiveSAP\WorkSpace\eAydSAPResponsivo\Server\apache-tomcat-9.0.36\conf\Catalina\localhost\eAyd.xml]
23-Jun-2021 19:58:37.351 WARNING [main] org.apache.catalina.startup.HostConfig.deployDescriptor The path attribute with value [/eAyd] in deployment descriptor [C:\Users\marco\Documents\GARULO\ServiciosDeAguayDrenajeMty\AppWEBResponsiveSAP\WorkSpace\eAydSAPResponsivo\Server\apache-tomcat-9.0.36\conf\Catalina\localhost\eAyd.xml] has been ignored
23-Jun-2021 19:58:38.159 INFO [main] org.apache.jasper.servlet.TldScanner.scanJars At least one JAR was scanned for TLDs yet contained no TLDs. Enable debug logging for this logger for a complete list of JARs that were scanned but no TLDs were found in them. Skipping unneeded JARs during scanning can improve startup time and JSP compilation time.
23-Jun-2021 19:58:38.201 INFO [main] org.apache.catalina.startup.HostConfig.deployDescriptor Deployment of deployment descriptor [C:\Users\marco\Documents\GARULO\ServiciosDeAguayDrenajeMty\AppWEBResponsiveSAP\WorkSpace\eAydSAPResponsivo\Server\apache-tomcat-9.0.36\conf\Catalina\localhost\eAyd.xml] has finished in [898] ms
23-Jun-2021 19:58:38.202 INFO [main] org.apache.catalina.startup.HostConfig.deployDirectory Deploying web application directory [C:\Users\marco\Documents\GARULO\ServiciosDeAguayDrenajeMty\AppWEBResponsiveSAP\WorkSpace\eAydSAPResponsivo\Server\apache-tomcat-9.0.36\webapps\docs]
23-Jun-2021 19:58:38.236 INFO [main] org.apache.catalina.startup.HostConfig.deployDirectory Deployment of web application directory [C:\Users\marco\Documents\GARULO\ServiciosDeAguayDrenajeMty\AppWEBResponsiveSAP\WorkSpace\eAydSAPResponsivo\Server\apache-tomcat-9.0.36\webapps\docs] has finished in [34] ms
23-Jun-2021 19:58:38.236 INFO [main] org.apache.catalina.startup.HostConfig.deployDirectory Deploying web application directory [C:\Users\marco\Documents\GARULO\ServiciosDeAguayDrenajeMty\AppWEBResponsiveSAP\WorkSpace\eAydSAPResponsivo\Server\apache-tomcat-9.0.36\webapps\examples]
23-Jun-2021 19:58:38.684 INFO [main] org.apache.catalina.startup.HostConfig.deployDirectory Deployment of web application directory [C:\Users\marco\Documents\GARULO\ServiciosDeAguayDrenajeMty\AppWEBResponsiveSAP\WorkSpace\eAydSAPResponsivo\Server\apache-tomcat-9.0.36\webapps\examples] has finished in [448] ms
23-Jun-2021 19:58:38.685 INFO [main] org.apache.catalina.startup.HostConfig.deployDirectory Deploying web application directory [C:\Users\marco\Documents\GARULO\ServiciosDeAguayDrenajeMty\AppWEBResponsiveSAP\WorkSpace\eAydSAPResponsivo\Server\apache-tomcat-9.0.36\webapps\host-manager]
23-Jun-2021 19:58:38.770 INFO [main] org.apache.catalina.startup.HostConfig.deployDirectory Deployment of web application directory [C:\Users\marco\Documents\GARULO\ServiciosDeAguayDrenajeMty\AppWEBResponsiveSAP\WorkSpace\eAydSAPResponsivo\Server\apache-tomcat-9.0.36\webapps\host-manager] has finished in [85] ms
23-Jun-2021 19:58:38.770 INFO [main] org.apache.catalina.startup.HostConfig.deployDirectory Deploying web application directory [C:\Users\marco\Documents\GARULO\ServiciosDeAguayDrenajeMty\AppWEBResponsiveSAP\WorkSpace\eAydSAPResponsivo\Server\apache-tomcat-9.0.36\webapps\manager]
23-Jun-2021 19:58:38.814 INFO [main] org.apache.catalina.startup.HostConfig.deployDirectory Deployment of web application directory [C:\Users\marco\Documents\GARULO\ServiciosDeAguayDrenajeMty\AppWEBResponsiveSAP\WorkSpace\eAydSAPResponsivo\Server\apache-tomcat-9.0.36\webapps\manager] has finished in [43] ms
23-Jun-2021 19:58:38.815 INFO [main] org.apache.catalina.startup.HostConfig.deployDirectory Deploying web application directory [C:\Users\marco\Documents\GARULO\ServiciosDeAguayDrenajeMty\AppWEBResponsiveSAP\WorkSpace\eAydSAPResponsivo\Server\apache-tomcat-9.0.36\webapps\ROOT]
23-Jun-2021 19:58:38.851 INFO [main] org.apache.catalina.startup.HostConfig.deployDirectory Deployment of web application directory [C:\Users\marco\Documents\GARULO\ServiciosDeAguayDrenajeMty\AppWEBResponsiveSAP\WorkSpace\eAydSAPResponsivo\Server\apache-tomcat-9.0.36\webapps\ROOT] has finished in [36] ms
23-Jun-2021 19:58:38.856 INFO [main] org.apache.coyote.AbstractProtocol.start Starting ProtocolHandler ["http-nio-8080"]
23-Jun-2021 19:58:38.867 INFO [main] org.apache.catalina.startup.Catalina.start Server startup in [1,627] milliseconds
23-Jun-2021 20:00:44.870 INFO [http-nio-8080-exec-9] org.apache.catalina.startup.HostConfig.undeploy Undeploying context [/eAyd]
23-Jun-2021 20:00:45.002 INFO [http-nio-8080-exec-3] org.apache.catalina.startup.HostConfig.deployDescriptor Deploying deployment descriptor [C:\Users\marco\Documents\GARULO\ServiciosDeAguayDrenajeMty\AppWEBResponsiveSAP\WorkSpace\eAydSAPResponsivo\Server\apache-tomcat-9.0.36\conf\Catalina\localhost\eAyd.xml]
23-Jun-2021 20:00:45.003 WARNING [http-nio-8080-exec-3] org.apache.catalina.startup.HostConfig.deployDescriptor The path attribute with value [/eAyd] in deployment descriptor [C:\Users\marco\Documents\GARULO\ServiciosDeAguayDrenajeMty\AppWEBResponsiveSAP\WorkSpace\eAydSAPResponsivo\Server\apache-tomcat-9.0.36\conf\Catalina\localhost\eAyd.xml] has been ignored
23-Jun-2021 20:00:45.188 INFO [http-nio-8080-exec-3] org.apache.jasper.servlet.TldScanner.scanJars At least one JAR was scanned for TLDs yet contained no TLDs. Enable debug logging for this logger for a complete list of JARs that were scanned but no TLDs were found in them. Skipping unneeded JARs during scanning can improve startup time and JSP compilation time.
23-Jun-2021 20:00:45.197 INFO [http-nio-8080-exec-3] org.apache.catalina.startup.HostConfig.deployDescriptor Deployment of deployment descriptor [C:\Users\marco\Documents\GARULO\ServiciosDeAguayDrenajeMty\AppWEBResponsiveSAP\WorkSpace\eAydSAPResponsivo\Server\apache-tomcat-9.0.36\conf\Catalina\localhost\eAyd.xml] has finished in [195] ms
23-Jun-2021 20:04:22.068 INFO [main] org.apache.catalina.core.StandardServer.await A valid shutdown command was received via the shutdown port. Stopping the Server instance.
23-Jun-2021 20:04:22.069 INFO [main] org.apache.coyote.AbstractProtocol.pause Pausing ProtocolHandler ["http-nio-8080"]
23-Jun-2021 20:04:22.367 INFO [main] org.apache.catalina.core.StandardService.stopInternal Stopping service [Catalina]
23-Jun-2021 20:04:22.419 INFO [main] org.apache.coyote.AbstractProtocol.stop Stopping ProtocolHandler ["http-nio-8080"]
23-Jun-2021 20:04:22.423 INFO [main] org.apache.coyote.AbstractProtocol.destroy Destroying ProtocolHandler ["http-nio-8080"]
23-Jun-2021 20:08:03.777 INFO [main] org.apache.catalina.startup.VersionLoggerListener.log Server version name:   Apache Tomcat/9.0.36
23-Jun-2021 20:08:03.786 INFO [main] org.apache.catalina.startup.VersionLoggerListener.log Server built:          Jun 3 2020 17:07:09 UTC
23-Jun-2021 20:08:03.786 INFO [main] org.apache.catalina.startup.VersionLoggerListener.log Server version number: 9.0.36.0
23-Jun-2021 20:08:03.787 INFO [main] org.apache.catalina.startup.VersionLoggerListener.log OS Name:               Windows 10
23-Jun-2021 20:08:03.787 INFO [main] org.apache.catalina.startup.VersionLoggerListener.log OS Version:            10.0
23-Jun-2021 20:08:03.787 INFO [main] org.apache.catalina.startup.VersionLoggerListener.log Architecture:          amd64
23-Jun-2021 20:08:03.787 INFO [main] org.apache.catalina.startup.VersionLoggerListener.log Java Home:             C:\Program Files\Java\jdk1.8.0_221\jre
23-Jun-2021 20:08:03.787 INFO [main] org.apache.catalina.startup.VersionLoggerListener.log JVM Version:           1.8.0_221-b11
23-Jun-2021 20:08:03.787 INFO [main] org.apache.catalina.startup.VersionLoggerListener.log JVM Vendor:            Oracle Corporation
23-Jun-2021 20:08:03.788 INFO [main] org.apache.catalina.startup.VersionLoggerListener.log CATALINA_BASE:         C:\Users\marco\Documents\GARULO\ServiciosDeAguayDrenajeMty\AppWEBResponsiveSAP\WorkSpace\eAydSAPResponsivo\Server\apache-tomcat-9.0.36
23-Jun-2021 20:08:03.788 INFO [main] org.apache.catalina.startup.VersionLoggerListener.log CATALINA_HOME:         C:\Users\marco\Documents\GARULO\ServiciosDeAguayDrenajeMty\AppWEBResponsiveSAP\WorkSpace\eAydSAPResponsivo\Server\apache-tomcat-9.0.36
23-Jun-2021 20:08:03.788 INFO [main] org.apache.catalina.startup.VersionLoggerListener.log Command line argument: -Djava.util.logging.config.file=C:\Users\marco\Documents\GARULO\ServiciosDeAguayDrenajeMty\AppWEBResponsiveSAP\WorkSpace\eAydSAPResponsivo\Server\apache-tomcat-9.0.36\conf\logging.properties
23-Jun-2021 20:08:03.789 INFO [main] org.apache.catalina.startup.VersionLoggerListener.log Command line argument: -Djava.util.logging.manager=org.apache.juli.ClassLoaderLogManager
23-Jun-2021 20:08:03.789 INFO [main] org.apache.catalina.startup.VersionLoggerListener.log Command line argument: -Djdk.tls.ephemeralDHKeySize=2048
23-Jun-2021 20:08:03.789 INFO [main] org.apache.catalina.startup.VersionLoggerListener.log Command line argument: -Djava.protocol.handler.pkgs=org.apache.catalina.webresources
23-Jun-2021 20:08:03.789 INFO [main] org.apache.catalina.startup.VersionLoggerListener.log Command line argument: -Dignore.endorsed.dirs=
23-Jun-2021 20:08:03.789 INFO [main] org.apache.catalina.startup.VersionLoggerListener.log Command line argument: -Dcatalina.base=C:\Users\marco\Documents\GARULO\ServiciosDeAguayDrenajeMty\AppWEBResponsiveSAP\WorkSpace\eAydSAPResponsivo\Server\apache-tomcat-9.0.36
23-Jun-2021 20:08:03.789 INFO [main] org.apache.catalina.startup.VersionLoggerListener.log Command line argument: -Dcatalina.home=C:\Users\marco\Documents\GARULO\ServiciosDeAguayDrenajeMty\AppWEBResponsiveSAP\WorkSpace\eAydSAPResponsivo\Server\apache-tomcat-9.0.36
23-Jun-2021 20:08:03.790 INFO [main] org.apache.catalina.startup.VersionLoggerListener.log Command line argument: -Djava.io.tmpdir=C:\Users\marco\Documents\GARULO\ServiciosDeAguayDrenajeMty\AppWEBResponsiveSAP\WorkSpace\eAydSAPResponsivo\Server\apache-tomcat-9.0.36\temp
23-Jun-2021 20:08:03.790 INFO [main] org.apache.catalina.core.AprLifecycleListener.lifecycleEvent Loaded Apache Tomcat Native library [1.2.24] using APR version [1.7.0].
23-Jun-2021 20:08:03.790 INFO [main] org.apache.catalina.core.AprLifecycleListener.lifecycleEvent APR capabilities: IPv6 [true], sendfile [true], accept filters [false], random [true].
23-Jun-2021 20:08:03.790 INFO [main] org.apache.catalina.core.AprLifecycleListener.lifecycleEvent APR/OpenSSL configuration: useAprConnector [false], useOpenSSL [true]
23-Jun-2021 20:08:03.801 INFO [main] org.apache.catalina.core.AprLifecycleListener.initializeSSL OpenSSL successfully initialized [OpenSSL 1.1.1g  21 Apr 2020]
23-Jun-2021 20:08:04.479 INFO [main] org.apache.coyote.AbstractProtocol.init Initializing ProtocolHandler ["http-nio-8080"]
23-Jun-2021 20:08:04.864 INFO [main] org.apache.coyote.AbstractProtocol.init Initializing ProtocolHandler ["https-openssl-nio-8443"]
23-Jun-2021 20:08:05.650 INFO [main] org.apache.catalina.startup.Catalina.load Server initialization in [2,240] milliseconds
23-Jun-2021 20:08:05.706 INFO [main] org.apache.catalina.core.StandardService.startInternal Starting service [Catalina]
23-Jun-2021 20:08:05.708 INFO [main] org.apache.catalina.core.StandardEngine.startInternal Starting Servlet engine: [Apache Tomcat/9.0.36]
23-Jun-2021 20:08:05.725 INFO [main] org.apache.catalina.startup.HostConfig.deployDescriptor Deploying deployment descriptor [C:\Users\marco\Documents\GARULO\ServiciosDeAguayDrenajeMty\AppWEBResponsiveSAP\WorkSpace\eAydSAPResponsivo\Server\apache-tomcat-9.0.36\conf\Catalina\localhost\eAyd.xml]
23-Jun-2021 20:08:05.756 WARNING [main] org.apache.catalina.startup.HostConfig.deployDescriptor The path attribute with value [/eAyd] in deployment descriptor [C:\Users\marco\Documents\GARULO\ServiciosDeAguayDrenajeMty\AppWEBResponsiveSAP\WorkSpace\eAydSAPResponsivo\Server\apache-tomcat-9.0.36\conf\Catalina\localhost\eAyd.xml] has been ignored
23-Jun-2021 20:08:06.244 INFO [main] org.apache.jasper.servlet.TldScanner.scanJars At least one JAR was scanned for TLDs yet contained no TLDs. Enable debug logging for this logger for a complete list of JARs that were scanned but no TLDs were found in them. Skipping unneeded JARs during scanning can improve startup time and JSP compilation time.
23-Jun-2021 20:08:06.309 INFO [main] org.apache.catalina.startup.HostConfig.deployDescriptor Deployment of deployment descriptor [C:\Users\marco\Documents\GARULO\ServiciosDeAguayDrenajeMty\AppWEBResponsiveSAP\WorkSpace\eAydSAPResponsivo\Server\apache-tomcat-9.0.36\conf\Catalina\localhost\eAyd.xml] has finished in [583] ms
23-Jun-2021 20:08:06.310 INFO [main] org.apache.catalina.startup.HostConfig.deployDirectory Deploying web application directory [C:\Users\marco\Documents\GARULO\ServiciosDeAguayDrenajeMty\AppWEBResponsiveSAP\WorkSpace\eAydSAPResponsivo\Server\apache-tomcat-9.0.36\webapps\docs]
23-Jun-2021 20:08:06.350 INFO [main] org.apache.catalina.startup.HostConfig.deployDirectory Deployment of web application directory [C:\Users\marco\Documents\GARULO\ServiciosDeAguayDrenajeMty\AppWEBResponsiveSAP\WorkSpace\eAydSAPResponsivo\Server\apache-tomcat-9.0.36\webapps\docs] has finished in [40] ms
23-Jun-2021 20:08:06.350 INFO [main] org.apache.catalina.startup.HostConfig.deployDirectory Deploying web application directory [C:\Users\marco\Documents\GARULO\ServiciosDeAguayDrenajeMty\AppWEBResponsiveSAP\WorkSpace\eAydSAPResponsivo\Server\apache-tomcat-9.0.36\webapps\examples]
23-Jun-2021 20:08:06.838 INFO [main] org.apache.catalina.startup.HostConfig.deployDirectory Deployment of web application directory [C:\Users\marco\Documents\GARULO\ServiciosDeAguayDrenajeMty\AppWEBResponsiveSAP\WorkSpace\eAydSAPResponsivo\Server\apache-tomcat-9.0.36\webapps\examples] has finished in [487] ms
23-Jun-2021 20:08:06.838 INFO [main] org.apache.catalina.startup.HostConfig.deployDirectory Deploying web application directory [C:\Users\marco\Documents\GARULO\ServiciosDeAguayDrenajeMty\AppWEBResponsiveSAP\WorkSpace\eAydSAPResponsivo\Server\apache-tomcat-9.0.36\webapps\host-manager]
23-Jun-2021 20:08:06.902 INFO [main] org.apache.catalina.startup.HostConfig.deployDirectory Deployment of web application directory [C:\Users\marco\Documents\GARULO\ServiciosDeAguayDrenajeMty\AppWEBResponsiveSAP\WorkSpace\eAydSAPResponsivo\Server\apache-tomcat-9.0.36\webapps\host-manager] has finished in [63] ms
23-Jun-2021 20:08:06.903 INFO [main] org.apache.catalina.startup.HostConfig.deployDirectory Deploying web application directory [C:\Users\marco\Documents\GARULO\ServiciosDeAguayDrenajeMty\AppWEBResponsiveSAP\WorkSpace\eAydSAPResponsivo\Server\apache-tomcat-9.0.36\webapps\manager]
23-Jun-2021 20:08:06.970 INFO [main] org.apache.catalina.startup.HostConfig.deployDirectory Deployment of web application directory [C:\Users\marco\Documents\GARULO\ServiciosDeAguayDrenajeMty\AppWEBResponsiveSAP\WorkSpace\eAydSAPResponsivo\Server\apache-tomcat-9.0.36\webapps\manager] has finished in [66] ms
23-Jun-2021 20:08:06.970 INFO [main] org.apache.catalina.startup.HostConfig.deployDirectory Deploying web application directory [C:\Users\marco\Documents\GARULO\ServiciosDeAguayDrenajeMty\AppWEBResponsiveSAP\WorkSpace\eAydSAPResponsivo\Server\apache-tomcat-9.0.36\webapps\ROOT]
23-Jun-2021 20:08:07.015 INFO [main] org.apache.catalina.startup.HostConfig.deployDirectory Deployment of web application directory [C:\Users\marco\Documents\GARULO\ServiciosDeAguayDrenajeMty\AppWEBResponsiveSAP\WorkSpace\eAydSAPResponsivo\Server\apache-tomcat-9.0.36\webapps\ROOT] has finished in [45] ms
23-Jun-2021 20:08:07.021 INFO [main] org.apache.coyote.AbstractProtocol.start Starting ProtocolHandler ["http-nio-8080"]
23-Jun-2021 20:08:07.035 INFO [main] org.apache.coyote.AbstractProtocol.start Starting ProtocolHandler ["https-openssl-nio-8443"]
23-Jun-2021 20:08:07.038 INFO [main] org.apache.catalina.startup.Catalina.start Server startup in [1,388] milliseconds
23-Jun-2021 22:18:35.069 INFO [http-nio-8080-exec-6] org.apache.jasper.servlet.TldScanner.scanJars At least one JAR was scanned for TLDs yet contained no TLDs. Enable debug logging for this logger for a complete list of JARs that were scanned but no TLDs were found in them. Skipping unneeded JARs during scanning can improve startup time and JSP compilation time.
23-Jun-2021 22:18:35.479 INFO [http-nio-8080-exec-4] org.apache.catalina.core.StandardContext.reload Reloading Context with name [/eAyd] has started
23-Jun-2021 22:18:35.787 INFO [http-nio-8080-exec-4] org.apache.jasper.servlet.TldScanner.scanJars At least one JAR was scanned for TLDs yet contained no TLDs. Enable debug logging for this logger for a complete list of JARs that were scanned but no TLDs were found in them. Skipping unneeded JARs during scanning can improve startup time and JSP compilation time.
23-Jun-2021 22:18:35.794 INFO [http-nio-8080-exec-4] org.apache.catalina.core.StandardContext.reload Reloading Context with name [/eAyd] is completed
23-Jun-2021 22:18:40.190 INFO [http-nio-8080-exec-10] org.apache.catalina.core.StandardContext.reload Reloading Context with name [/eAyd] has started
23-Jun-2021 22:18:40.579 INFO [http-nio-8080-exec-10] org.apache.jasper.servlet.TldScanner.scanJars At least one JAR was scanned for TLDs yet contained no TLDs. Enable debug logging for this logger for a complete list of JARs that were scanned but no TLDs were found in them. Skipping unneeded JARs during scanning can improve startup time and JSP compilation time.
23-Jun-2021 22:18:40.590 INFO [http-nio-8080-exec-10] org.apache.catalina.core.StandardContext.reload Reloading Context with name [/eAyd] is completed
23-Jun-2021 22:18:42.287 INFO [Catalina-utility-2] org.apache.catalina.startup.HostConfig.reload Reloading context [/eAyd]
23-Jun-2021 22:18:42.287 INFO [Catalina-utility-2] org.apache.catalina.core.StandardContext.reload Reloading Context with name [/eAyd] has started
23-Jun-2021 22:18:42.500 INFO [Catalina-utility-2] org.apache.jasper.servlet.TldScanner.scanJars At least one JAR was scanned for TLDs yet contained no TLDs. Enable debug logging for this logger for a complete list of JARs that were scanned but no TLDs were found in them. Skipping unneeded JARs during scanning can improve startup time and JSP compilation time.
23-Jun-2021 22:18:42.504 INFO [Catalina-utility-2] org.apache.catalina.core.StandardContext.reload Reloading Context with name [/eAyd] is completed
23-Jun-2021 22:18:46.754 INFO [http-nio-8080-exec-1] org.apache.catalina.core.StandardContext.reload Reloading Context with name [/eAyd] has started
23-Jun-2021 22:18:46.971 INFO [http-nio-8080-exec-1] org.apache.jasper.servlet.TldScanner.scanJars At least one JAR was scanned for TLDs yet contained no TLDs. Enable debug logging for this logger for a complete list of JARs that were scanned but no TLDs were found in them. Skipping unneeded JARs during scanning can improve startup time and JSP compilation time.
23-Jun-2021 22:18:46.976 INFO [http-nio-8080-exec-1] org.apache.catalina.core.StandardContext.reload Reloading Context with name [/eAyd] is completed
23-Jun-2021 22:25:54.387 INFO [http-nio-8080-exec-16] org.apache.catalina.core.StandardContext.reload Reloading Context with name [/eAyd] has started
23-Jun-2021 22:25:54.600 INFO [http-nio-8080-exec-16] org.apache.jasper.servlet.TldScanner.scanJars At least one JAR was scanned for TLDs yet contained no TLDs. Enable debug logging for this logger for a complete list of JARs that were scanned but no TLDs were found in them. Skipping unneeded JARs during scanning can improve startup time and JSP compilation time.
23-Jun-2021 22:25:54.605 INFO [http-nio-8080-exec-16] org.apache.catalina.core.StandardContext.reload Reloading Context with name [/eAyd] is completed
23-Jun-2021 22:27:15.759 INFO [http-nio-8080-exec-24] org.apache.catalina.core.StandardContext.reload Reloading Context with name [/eAyd] has started
23-Jun-2021 22:27:15.953 INFO [http-nio-8080-exec-24] org.apache.jasper.servlet.TldScanner.scanJars At least one JAR was scanned for TLDs yet contained no TLDs. Enable debug logging for this logger for a complete list of JARs that were scanned but no TLDs were found in them. Skipping unneeded JARs during scanning can improve startup time and JSP compilation time.
23-Jun-2021 22:27:15.957 INFO [http-nio-8080-exec-24] org.apache.catalina.core.StandardContext.reload Reloading Context with name [/eAyd] is completed
23-Jun-2021 22:28:32.755 INFO [http-nio-8080-exec-23] org.apache.catalina.core.StandardContext.reload Reloading Context with name [/eAyd] has started
23-Jun-2021 22:28:32.917 INFO [http-nio-8080-exec-23] org.apache.jasper.servlet.TldScanner.scanJars At least one JAR was scanned for TLDs yet contained no TLDs. Enable debug logging for this logger for a complete list of JARs that were scanned but no TLDs were found in them. Skipping unneeded JARs during scanning can improve startup time and JSP compilation time.
23-Jun-2021 22:28:32.920 INFO [http-nio-8080-exec-23] org.apache.catalina.core.StandardContext.reload Reloading Context with name [/eAyd] is completed
23-Jun-2021 22:28:40.298 INFO [http-nio-8080-exec-20] org.apache.catalina.core.StandardContext.reload Reloading Context with name [/eAyd] has started
23-Jun-2021 22:28:40.484 INFO [http-nio-8080-exec-20] org.apache.jasper.servlet.TldScanner.scanJars At least one JAR was scanned for TLDs yet contained no TLDs. Enable debug logging for this logger for a complete list of JARs that were scanned but no TLDs were found in them. Skipping unneeded JARs during scanning can improve startup time and JSP compilation time.
23-Jun-2021 22:28:40.489 INFO [http-nio-8080-exec-20] org.apache.catalina.core.StandardContext.reload Reloading Context with name [/eAyd] is completed
23-Jun-2021 22:29:13.580 INFO [http-nio-8080-exec-30] org.apache.catalina.core.StandardContext.reload Reloading Context with name [/eAyd] has started
23-Jun-2021 22:29:13.754 INFO [http-nio-8080-exec-30] org.apache.jasper.servlet.TldScanner.scanJars At least one JAR was scanned for TLDs yet contained no TLDs. Enable debug logging for this logger for a complete list of JARs that were scanned but no TLDs were found in them. Skipping unneeded JARs during scanning can improve startup time and JSP compilation time.
23-Jun-2021 22:29:13.760 INFO [http-nio-8080-exec-30] org.apache.catalina.core.StandardContext.reload Reloading Context with name [/eAyd] is completed
23-Jun-2021 22:34:29.723 INFO [http-nio-8080-exec-33] org.apache.catalina.core.StandardContext.reload Reloading Context with name [/eAyd] has started
23-Jun-2021 22:34:29.982 INFO [http-nio-8080-exec-33] org.apache.jasper.servlet.TldScanner.scanJars At least one JAR was scanned for TLDs yet contained no TLDs. Enable debug logging for this logger for a complete list of JARs that were scanned but no TLDs were found in them. Skipping unneeded JARs during scanning can improve startup time and JSP compilation time.
23-Jun-2021 22:34:29.987 INFO [http-nio-8080-exec-33] org.apache.catalina.core.StandardContext.reload Reloading Context with name [/eAyd] is completed
23-Jun-2021 22:35:20.890 INFO [http-nio-8080-exec-34] org.apache.catalina.core.StandardContext.reload Reloading Context with name [/eAyd] has started
23-Jun-2021 22:35:21.103 INFO [http-nio-8080-exec-34] org.apache.jasper.servlet.TldScanner.scanJars At least one JAR was scanned for TLDs yet contained no TLDs. Enable debug logging for this logger for a complete list of JARs that were scanned but no TLDs were found in them. Skipping unneeded JARs during scanning can improve startup time and JSP compilation time.
23-Jun-2021 22:35:21.113 INFO [http-nio-8080-exec-34] org.apache.catalina.core.StandardContext.reload Reloading Context with name [/eAyd] is completed
23-Jun-2021 23:09:43.779 INFO [main] org.apache.catalina.core.StandardServer.await A valid shutdown command was received via the shutdown port. Stopping the Server instance.
23-Jun-2021 23:09:43.780 INFO [main] org.apache.coyote.AbstractProtocol.pause Pausing ProtocolHandler ["http-nio-8080"]
23-Jun-2021 23:09:44.157 INFO [main] org.apache.coyote.AbstractProtocol.pause Pausing ProtocolHandler ["https-openssl-nio-8443"]
23-Jun-2021 23:09:44.450 INFO [main] org.apache.catalina.core.StandardService.stopInternal Stopping service [Catalina]
23-Jun-2021 23:09:44.469 INFO [main] org.apache.coyote.AbstractProtocol.stop Stopping ProtocolHandler ["http-nio-8080"]
23-Jun-2021 23:09:44.471 INFO [main] org.apache.coyote.AbstractProtocol.stop Stopping ProtocolHandler ["https-openssl-nio-8443"]
23-Jun-2021 23:09:44.473 INFO [main] org.apache.coyote.AbstractProtocol.destroy Destroying ProtocolHandler ["http-nio-8080"]
23-Jun-2021 23:09:44.474 INFO [main] org.apache.coyote.AbstractProtocol.destroy Destroying ProtocolHandler ["https-openssl-nio-8443"]
