04-Jul-2021 21:37:27.864 INFO [main] org.apache.catalina.core.ApplicationContext.log ContextListener: contextInitialized()
04-Jul-2021 21:37:27.864 INFO [main] org.apache.catalina.core.ApplicationContext.log SessionListener: contextInitialized()
04-Jul-2021 21:37:27.869 INFO [main] org.apache.catalina.core.ApplicationContext.log ContextListener: attributeAdded('StockTicker', 'async.Stockticker@45a37759')
04-Jul-2021 21:37:51.177 SEVERE [https-openssl-nio-8443-exec-5] org.apache.catalina.core.StandardWrapperValve.invoke Servlet.service() for servlet [Autenticacion] in context with path [/eAyd] threw exception
	java.io.FileNotFoundException: E:\Tomcat_9.0\webapps\eAyd\Properties\Conexion.properties (The system cannot find the path specified)
		at java.io.FileInputStream.open0(Native Method)
		at java.io.FileInputStream.open(FileInputStream.java:195)
		at java.io.FileInputStream.<init>(FileInputStream.java:138)
		at java.io.FileInputStream.<init>(FileInputStream.java:93)
		at com.ayd.servlet.Autenticacion.processRequest(Autenticacion.java:73)
		at com.ayd.servlet.Autenticacion.doPost(Autenticacion.java:212)
		at javax.servlet.http.HttpServlet.service(HttpServlet.java:660)
		at javax.servlet.http.HttpServlet.service(HttpServlet.java:741)
		at org.apache.catalina.core.ApplicationFilterChain.internalDoFilter(ApplicationFilterChain.java:231)
		at org.apache.catalina.core.ApplicationFilterChain.doFilter(ApplicationFilterChain.java:166)
		at org.apache.tomcat.websocket.server.WsFilter.doFilter(WsFilter.java:53)
		at org.apache.catalina.core.ApplicationFilterChain.internalDoFilter(ApplicationFilterChain.java:193)
		at org.apache.catalina.core.ApplicationFilterChain.doFilter(ApplicationFilterChain.java:166)
		at org.apache.catalina.core.StandardWrapperValve.invoke(StandardWrapperValve.java:202)
		at org.apache.catalina.core.StandardContextValve.invoke(StandardContextValve.java:96)
		at org.apache.catalina.authenticator.AuthenticatorBase.invoke(AuthenticatorBase.java:541)
		at org.apache.catalina.core.StandardHostValve.invoke(StandardHostValve.java:139)
		at org.apache.catalina.valves.ErrorReportValve.invoke(ErrorReportValve.java:92)
		at org.apache.catalina.valves.AbstractAccessLogValve.invoke(AbstractAccessLogValve.java:690)
		at org.apache.catalina.core.StandardEngineValve.invoke(StandardEngineValve.java:74)
		at org.apache.catalina.connector.CoyoteAdapter.service(CoyoteAdapter.java:343)
		at org.apache.coyote.http11.Http11Processor.service(Http11Processor.java:373)
		at org.apache.coyote.AbstractProcessorLight.process(AbstractProcessorLight.java:65)
		at org.apache.coyote.AbstractProtocol$ConnectionHandler.process(AbstractProtocol.java:868)
		at org.apache.tomcat.util.net.NioEndpoint$SocketProcessor.doRun(NioEndpoint.java:1590)
		at org.apache.tomcat.util.net.SocketProcessorBase.run(SocketProcessorBase.java:49)
		at java.util.concurrent.ThreadPoolExecutor.runWorker(ThreadPoolExecutor.java:1149)
		at java.util.concurrent.ThreadPoolExecutor$Worker.run(ThreadPoolExecutor.java:624)
		at org.apache.tomcat.util.threads.TaskThread$WrappingRunnable.run(TaskThread.java:61)
		at java.lang.Thread.run(Thread.java:748)
04-Jul-2021 21:38:29.209 SEVERE [https-openssl-nio-8443-exec-10] org.apache.catalina.core.StandardWrapperValve.invoke Servlet.service() for servlet [Autenticacion] in context with path [/eAyd] threw exception
	java.io.FileNotFoundException: E:\Tomcat_9.0\webapps\eAyd\Properties\Conexion.properties (The system cannot find the path specified)
		at java.io.FileInputStream.open0(Native Method)
		at java.io.FileInputStream.open(FileInputStream.java:195)
		at java.io.FileInputStream.<init>(FileInputStream.java:138)
		at java.io.FileInputStream.<init>(FileInputStream.java:93)
		at com.ayd.servlet.Autenticacion.processRequest(Autenticacion.java:73)
		at com.ayd.servlet.Autenticacion.doPost(Autenticacion.java:212)
		at javax.servlet.http.HttpServlet.service(HttpServlet.java:660)
		at javax.servlet.http.HttpServlet.service(HttpServlet.java:741)
		at org.apache.catalina.core.ApplicationFilterChain.internalDoFilter(ApplicationFilterChain.java:231)
		at org.apache.catalina.core.ApplicationFilterChain.doFilter(ApplicationFilterChain.java:166)
		at org.apache.tomcat.websocket.server.WsFilter.doFilter(WsFilter.java:53)
		at org.apache.catalina.core.ApplicationFilterChain.internalDoFilter(ApplicationFilterChain.java:193)
		at org.apache.catalina.core.ApplicationFilterChain.doFilter(ApplicationFilterChain.java:166)
		at org.apache.catalina.core.StandardWrapperValve.invoke(StandardWrapperValve.java:202)
		at org.apache.catalina.core.StandardContextValve.invoke(StandardContextValve.java:96)
		at org.apache.catalina.authenticator.AuthenticatorBase.invoke(AuthenticatorBase.java:541)
		at org.apache.catalina.core.StandardHostValve.invoke(StandardHostValve.java:139)
		at org.apache.catalina.valves.ErrorReportValve.invoke(ErrorReportValve.java:92)
		at org.apache.catalina.valves.AbstractAccessLogValve.invoke(AbstractAccessLogValve.java:690)
		at org.apache.catalina.core.StandardEngineValve.invoke(StandardEngineValve.java:74)
		at org.apache.catalina.connector.CoyoteAdapter.service(CoyoteAdapter.java:343)
		at org.apache.coyote.http11.Http11Processor.service(Http11Processor.java:373)
		at org.apache.coyote.AbstractProcessorLight.process(AbstractProcessorLight.java:65)
		at org.apache.coyote.AbstractProtocol$ConnectionHandler.process(AbstractProtocol.java:868)
		at org.apache.tomcat.util.net.NioEndpoint$SocketProcessor.doRun(NioEndpoint.java:1590)
		at org.apache.tomcat.util.net.SocketProcessorBase.run(SocketProcessorBase.java:49)
		at java.util.concurrent.ThreadPoolExecutor.runWorker(ThreadPoolExecutor.java:1149)
		at java.util.concurrent.ThreadPoolExecutor$Worker.run(ThreadPoolExecutor.java:624)
		at org.apache.tomcat.util.threads.TaskThread$WrappingRunnable.run(TaskThread.java:61)
		at java.lang.Thread.run(Thread.java:748)
04-Jul-2021 21:39:22.362 INFO [main] org.apache.catalina.core.ApplicationContext.log SessionListener: contextDestroyed()
04-Jul-2021 21:39:22.363 INFO [main] org.apache.catalina.core.ApplicationContext.log ContextListener: contextDestroyed()
