12-Jul-2021 11:59:26.212 SEVERE [https-openssl-nio-8443-exec-26] org.apache.catalina.core.StandardWrapperValve.invoke Servlet.service() for servlet [jsp] in context with path [/eAyd] threw exception
	java.io.IOException: An exception occurred processing [/Inicio.jsp] at line [142]

139:                                             conn.setRequestProperty("Authorization", "Bearer " + token);
140: 
141:                                             //System.out.println("conn.getResponseCode() :: "+conn.getResponseCode());
142:                                             if (conn.getResponseCode() != 200) {
143:                                                 System.out.println("Failed login : HTTP error code : " + conn.getResponseCode());
144:                                                 response.sendRedirect("Login.jsp");
145:                                                 //throw new RuntimeException("Failed : HTTP error code : " + conn.getResponseCode());


Stacktrace:
		at org.apache.jasper.servlet.JspServletWrapper.service(JspServletWrapper.java:505)
		at org.apache.jasper.servlet.JspServlet.serviceJspFile(JspServlet.java:385)
		at org.apache.jasper.servlet.JspServlet.service(JspServlet.java:329)
		at javax.servlet.http.HttpServlet.service(HttpServlet.java:741)
		at org.apache.catalina.core.ApplicationFilterChain.internalDoFilter(ApplicationFilterChain.java:231)
		at org.apache.catalina.core.ApplicationFilterChain.doFilter(ApplicationFilterChain.java:166)
		at org.apache.tomcat.websocket.server.WsFilter.doFilter(WsFilter.java:53)
		at org.apache.catalina.core.ApplicationFilterChain.internalDoFilter(ApplicationFilterChain.java:193)
		at org.apache.catalina.core.ApplicationFilterChain.doFilter(ApplicationFilterChain.java:166)
		at org.apache.catalina.core.StandardWrapperValve.invoke(StandardWrapperValve.java:202)
		at org.apache.catalina.core.StandardContextValve.invoke(StandardContextValve.java:96)
		at org.apache.catalina.authenticator.AuthenticatorBase.invoke(AuthenticatorBase.java:541)
		at org.apache.catalina.core.StandardHostValve.invoke(StandardHostValve.java:139)
		at org.apache.catalina.valves.ErrorReportValve.invoke(ErrorReportValve.java:92)
		at org.apache.catalina.valves.AbstractAccessLogValve.invoke(AbstractAccessLogValve.java:690)
		at org.apache.catalina.core.StandardEngineValve.invoke(StandardEngineValve.java:74)
		at org.apache.catalina.connector.CoyoteAdapter.service(CoyoteAdapter.java:343)
		at org.apache.coyote.http11.Http11Processor.service(Http11Processor.java:373)
		at org.apache.coyote.AbstractProcessorLight.process(AbstractProcessorLight.java:65)
		at org.apache.coyote.AbstractProtocol$ConnectionHandler.process(AbstractProtocol.java:868)
		at org.apache.tomcat.util.net.NioEndpoint$SocketProcessor.doRun(NioEndpoint.java:1590)
		at org.apache.tomcat.util.net.SocketProcessorBase.run(SocketProcessorBase.java:49)
		at java.util.concurrent.ThreadPoolExecutor.runWorker(ThreadPoolExecutor.java:1149)
		at java.util.concurrent.ThreadPoolExecutor$Worker.run(ThreadPoolExecutor.java:624)
		at org.apache.tomcat.util.threads.TaskThread$WrappingRunnable.run(TaskThread.java:61)
		at java.lang.Thread.run(Thread.java:748)
	Caused by: java.net.SocketException: Connection reset
		at java.net.SocketInputStream.read(SocketInputStream.java:210)
		at java.net.SocketInputStream.read(SocketInputStream.java:141)
		at sun.security.ssl.InputRecord.readFully(InputRecord.java:465)
		at sun.security.ssl.InputRecord.read(InputRecord.java:503)
		at sun.security.ssl.SSLSocketImpl.readRecord(SSLSocketImpl.java:975)
		at sun.security.ssl.SSLSocketImpl.readDataRecord(SSLSocketImpl.java:933)
		at sun.security.ssl.AppInputStream.read(AppInputStream.java:105)
		at java.io.BufferedInputStream.fill(BufferedInputStream.java:246)
		at java.io.BufferedInputStream.read1(BufferedInputStream.java:286)
		at java.io.BufferedInputStream.read(BufferedInputStream.java:345)
		at sun.net.www.http.HttpClient.parseHTTPHeader(HttpClient.java:735)
		at sun.net.www.http.HttpClient.parseHTTP(HttpClient.java:678)
		at sun.net.www.http.HttpClient.parseHTTP(HttpClient.java:706)
		at sun.net.www.protocol.http.HttpURLConnection.getInputStream0(HttpURLConnection.java:1593)
		at sun.net.www.protocol.http.HttpURLConnection.getInputStream(HttpURLConnection.java:1498)
		at java.net.HttpURLConnection.getResponseCode(HttpURLConnection.java:480)
		at sun.net.www.protocol.https.HttpsURLConnectionImpl.getResponseCode(HttpsURLConnectionImpl.java:352)
		at org.apache.jsp.Inicio_jsp._jspService(Inicio_jsp.java:523)
		at org.apache.jasper.runtime.HttpJspBase.service(HttpJspBase.java:71)
		at javax.servlet.http.HttpServlet.service(HttpServlet.java:741)
		at org.apache.jasper.servlet.JspServletWrapper.service(JspServletWrapper.java:477)
		... 25 more
12-Jul-2021 11:59:47.195 SEVERE [https-openssl-nio-8443-exec-28] org.apache.catalina.core.StandardWrapperValve.invoke Servlet.service() for servlet [Autenticacion] in context with path [/eAyd] threw exception
	java.net.SocketException: Connection reset
		at java.net.SocketInputStream.read(SocketInputStream.java:210)
		at java.net.SocketInputStream.read(SocketInputStream.java:141)
		at sun.security.ssl.InputRecord.readFully(InputRecord.java:465)
		at sun.security.ssl.InputRecord.read(InputRecord.java:503)
		at sun.security.ssl.SSLSocketImpl.readRecord(SSLSocketImpl.java:975)
		at sun.security.ssl.SSLSocketImpl.readDataRecord(SSLSocketImpl.java:933)
		at sun.security.ssl.AppInputStream.read(AppInputStream.java:105)
		at java.io.BufferedInputStream.fill(BufferedInputStream.java:246)
		at java.io.BufferedInputStream.read1(BufferedInputStream.java:286)
		at java.io.BufferedInputStream.read(BufferedInputStream.java:345)
		at sun.net.www.http.HttpClient.parseHTTPHeader(HttpClient.java:735)
		at sun.net.www.http.HttpClient.parseHTTP(HttpClient.java:678)
		at sun.net.www.http.HttpClient.parseHTTP(HttpClient.java:706)
		at sun.net.www.protocol.http.HttpURLConnection.getInputStream0(HttpURLConnection.java:1593)
		at sun.net.www.protocol.http.HttpURLConnection.getInputStream(HttpURLConnection.java:1498)
		at java.net.HttpURLConnection.getResponseCode(HttpURLConnection.java:480)
		at sun.net.www.protocol.https.HttpsURLConnectionImpl.getResponseCode(HttpsURLConnectionImpl.java:352)
		at com.ayd.servlet.Autenticacion.processRequest(Autenticacion.java:83)
		at com.ayd.servlet.Autenticacion.doPost(Autenticacion.java:212)
		at javax.servlet.http.HttpServlet.service(HttpServlet.java:660)
		at javax.servlet.http.HttpServlet.service(HttpServlet.java:741)
		at org.apache.catalina.core.ApplicationFilterChain.internalDoFilter(ApplicationFilterChain.java:231)
		at org.apache.catalina.core.ApplicationFilterChain.doFilter(ApplicationFilterChain.java:166)
		at org.apache.tomcat.websocket.server.WsFilter.doFilter(WsFilter.java:53)
		at org.apache.catalina.core.ApplicationFilterChain.internalDoFilter(ApplicationFilterChain.java:193)
		at org.apache.catalina.core.ApplicationFilterChain.doFilter(ApplicationFilterChain.java:166)
		at org.apache.catalina.core.StandardWrapperValve.invoke(StandardWrapperValve.java:202)
		at org.apache.catalina.core.StandardContextValve.invoke(StandardContextValve.java:96)
		at org.apache.catalina.authenticator.AuthenticatorBase.invoke(AuthenticatorBase.java:541)
		at org.apache.catalina.core.StandardHostValve.invoke(StandardHostValve.java:139)
		at org.apache.catalina.valves.ErrorReportValve.invoke(ErrorReportValve.java:92)
		at org.apache.catalina.valves.AbstractAccessLogValve.invoke(AbstractAccessLogValve.java:690)
		at org.apache.catalina.core.StandardEngineValve.invoke(StandardEngineValve.java:74)
		at org.apache.catalina.connector.CoyoteAdapter.service(CoyoteAdapter.java:343)
		at org.apache.coyote.http11.Http11Processor.service(Http11Processor.java:373)
		at org.apache.coyote.AbstractProcessorLight.process(AbstractProcessorLight.java:65)
		at org.apache.coyote.AbstractProtocol$ConnectionHandler.process(AbstractProtocol.java:868)
		at org.apache.tomcat.util.net.NioEndpoint$SocketProcessor.doRun(NioEndpoint.java:1590)
		at org.apache.tomcat.util.net.SocketProcessorBase.run(SocketProcessorBase.java:49)
		at java.util.concurrent.ThreadPoolExecutor.runWorker(ThreadPoolExecutor.java:1149)
		at java.util.concurrent.ThreadPoolExecutor$Worker.run(ThreadPoolExecutor.java:624)
		at org.apache.tomcat.util.threads.TaskThread$WrappingRunnable.run(TaskThread.java:61)
		at java.lang.Thread.run(Thread.java:748)
12-Jul-2021 12:03:13.420 SEVERE [https-openssl-nio-8443-exec-24] org.apache.catalina.core.StandardWrapperValve.invoke Servlet.service() for servlet [Autenticacion] in context with path [/eAyd] threw exception
	java.net.SocketException: Connection reset
		at java.net.SocketInputStream.read(SocketInputStream.java:210)
		at java.net.SocketInputStream.read(SocketInputStream.java:141)
		at sun.security.ssl.InputRecord.readFully(InputRecord.java:465)
		at sun.security.ssl.InputRecord.read(InputRecord.java:503)
		at sun.security.ssl.SSLSocketImpl.readRecord(SSLSocketImpl.java:975)
		at sun.security.ssl.SSLSocketImpl.readDataRecord(SSLSocketImpl.java:933)
		at sun.security.ssl.AppInputStream.read(AppInputStream.java:105)
		at java.io.BufferedInputStream.fill(BufferedInputStream.java:246)
		at java.io.BufferedInputStream.read1(BufferedInputStream.java:286)
		at java.io.BufferedInputStream.read(BufferedInputStream.java:345)
		at sun.net.www.http.HttpClient.parseHTTPHeader(HttpClient.java:735)
		at sun.net.www.http.HttpClient.parseHTTP(HttpClient.java:678)
		at sun.net.www.http.HttpClient.parseHTTP(HttpClient.java:706)
		at sun.net.www.protocol.http.HttpURLConnection.getInputStream0(HttpURLConnection.java:1593)
		at sun.net.www.protocol.http.HttpURLConnection.getInputStream(HttpURLConnection.java:1498)
		at java.net.HttpURLConnection.getResponseCode(HttpURLConnection.java:480)
		at sun.net.www.protocol.https.HttpsURLConnectionImpl.getResponseCode(HttpsURLConnectionImpl.java:352)
		at com.ayd.servlet.Autenticacion.processRequest(Autenticacion.java:83)
		at com.ayd.servlet.Autenticacion.doPost(Autenticacion.java:212)
		at javax.servlet.http.HttpServlet.service(HttpServlet.java:660)
		at javax.servlet.http.HttpServlet.service(HttpServlet.java:741)
		at org.apache.catalina.core.ApplicationFilterChain.internalDoFilter(ApplicationFilterChain.java:231)
		at org.apache.catalina.core.ApplicationFilterChain.doFilter(ApplicationFilterChain.java:166)
		at org.apache.tomcat.websocket.server.WsFilter.doFilter(WsFilter.java:53)
		at org.apache.catalina.core.ApplicationFilterChain.internalDoFilter(ApplicationFilterChain.java:193)
		at org.apache.catalina.core.ApplicationFilterChain.doFilter(ApplicationFilterChain.java:166)
		at org.apache.catalina.core.StandardWrapperValve.invoke(StandardWrapperValve.java:202)
		at org.apache.catalina.core.StandardContextValve.invoke(StandardContextValve.java:96)
		at org.apache.catalina.authenticator.AuthenticatorBase.invoke(AuthenticatorBase.java:541)
		at org.apache.catalina.core.StandardHostValve.invoke(StandardHostValve.java:139)
		at org.apache.catalina.valves.ErrorReportValve.invoke(ErrorReportValve.java:92)
		at org.apache.catalina.valves.AbstractAccessLogValve.invoke(AbstractAccessLogValve.java:690)
		at org.apache.catalina.core.StandardEngineValve.invoke(StandardEngineValve.java:74)
		at org.apache.catalina.connector.CoyoteAdapter.service(CoyoteAdapter.java:343)
		at org.apache.coyote.http11.Http11Processor.service(Http11Processor.java:373)
		at org.apache.coyote.AbstractProcessorLight.process(AbstractProcessorLight.java:65)
		at org.apache.coyote.AbstractProtocol$ConnectionHandler.process(AbstractProtocol.java:868)
		at org.apache.tomcat.util.net.NioEndpoint$SocketProcessor.doRun(NioEndpoint.java:1590)
		at org.apache.tomcat.util.net.SocketProcessorBase.run(SocketProcessorBase.java:49)
		at java.util.concurrent.ThreadPoolExecutor.runWorker(ThreadPoolExecutor.java:1149)
		at java.util.concurrent.ThreadPoolExecutor$Worker.run(ThreadPoolExecutor.java:624)
		at org.apache.tomcat.util.threads.TaskThread$WrappingRunnable.run(TaskThread.java:61)
		at java.lang.Thread.run(Thread.java:748)
12-Jul-2021 12:04:29.616 SEVERE [https-openssl-nio-8443-exec-26] org.apache.catalina.core.StandardWrapperValve.invoke Servlet.service() for servlet [Autenticacion] in context with path [/eAyd] threw exception
	java.net.SocketException: Connection reset
		at java.net.SocketInputStream.read(SocketInputStream.java:210)
		at java.net.SocketInputStream.read(SocketInputStream.java:141)
		at sun.security.ssl.InputRecord.readFully(InputRecord.java:465)
		at sun.security.ssl.InputRecord.read(InputRecord.java:503)
		at sun.security.ssl.SSLSocketImpl.readRecord(SSLSocketImpl.java:975)
		at sun.security.ssl.SSLSocketImpl.readDataRecord(SSLSocketImpl.java:933)
		at sun.security.ssl.AppInputStream.read(AppInputStream.java:105)
		at java.io.BufferedInputStream.fill(BufferedInputStream.java:246)
		at java.io.BufferedInputStream.read1(BufferedInputStream.java:286)
		at java.io.BufferedInputStream.read(BufferedInputStream.java:345)
		at sun.net.www.http.HttpClient.parseHTTPHeader(HttpClient.java:735)
		at sun.net.www.http.HttpClient.parseHTTP(HttpClient.java:678)
		at sun.net.www.http.HttpClient.parseHTTP(HttpClient.java:706)
		at sun.net.www.protocol.http.HttpURLConnection.getInputStream0(HttpURLConnection.java:1593)
		at sun.net.www.protocol.http.HttpURLConnection.getInputStream(HttpURLConnection.java:1498)
		at java.net.HttpURLConnection.getResponseCode(HttpURLConnection.java:480)
		at sun.net.www.protocol.https.HttpsURLConnectionImpl.getResponseCode(HttpsURLConnectionImpl.java:352)
		at com.ayd.servlet.Autenticacion.processRequest(Autenticacion.java:83)
		at com.ayd.servlet.Autenticacion.doPost(Autenticacion.java:212)
		at javax.servlet.http.HttpServlet.service(HttpServlet.java:660)
		at javax.servlet.http.HttpServlet.service(HttpServlet.java:741)
		at org.apache.catalina.core.ApplicationFilterChain.internalDoFilter(ApplicationFilterChain.java:231)
		at org.apache.catalina.core.ApplicationFilterChain.doFilter(ApplicationFilterChain.java:166)
		at org.apache.tomcat.websocket.server.WsFilter.doFilter(WsFilter.java:53)
		at org.apache.catalina.core.ApplicationFilterChain.internalDoFilter(ApplicationFilterChain.java:193)
		at org.apache.catalina.core.ApplicationFilterChain.doFilter(ApplicationFilterChain.java:166)
		at org.apache.catalina.core.StandardWrapperValve.invoke(StandardWrapperValve.java:202)
		at org.apache.catalina.core.StandardContextValve.invoke(StandardContextValve.java:96)
		at org.apache.catalina.authenticator.AuthenticatorBase.invoke(AuthenticatorBase.java:541)
		at org.apache.catalina.core.StandardHostValve.invoke(StandardHostValve.java:139)
		at org.apache.catalina.valves.ErrorReportValve.invoke(ErrorReportValve.java:92)
		at org.apache.catalina.valves.AbstractAccessLogValve.invoke(AbstractAccessLogValve.java:690)
		at org.apache.catalina.core.StandardEngineValve.invoke(StandardEngineValve.java:74)
		at org.apache.catalina.connector.CoyoteAdapter.service(CoyoteAdapter.java:343)
		at org.apache.coyote.http11.Http11Processor.service(Http11Processor.java:373)
		at org.apache.coyote.AbstractProcessorLight.process(AbstractProcessorLight.java:65)
		at org.apache.coyote.AbstractProtocol$ConnectionHandler.process(AbstractProtocol.java:868)
		at org.apache.tomcat.util.net.NioEndpoint$SocketProcessor.doRun(NioEndpoint.java:1590)
		at org.apache.tomcat.util.net.SocketProcessorBase.run(SocketProcessorBase.java:49)
		at java.util.concurrent.ThreadPoolExecutor.runWorker(ThreadPoolExecutor.java:1149)
		at java.util.concurrent.ThreadPoolExecutor$Worker.run(ThreadPoolExecutor.java:624)
		at org.apache.tomcat.util.threads.TaskThread$WrappingRunnable.run(TaskThread.java:61)
		at java.lang.Thread.run(Thread.java:748)
12-Jul-2021 12:04:37.922 SEVERE [https-openssl-nio-8443-exec-27] org.apache.catalina.core.StandardWrapperValve.invoke Servlet.service() for servlet [Autenticacion] in context with path [/eAyd] threw exception
	java.net.SocketException: Connection reset
		at java.net.SocketInputStream.read(SocketInputStream.java:210)
		at java.net.SocketInputStream.read(SocketInputStream.java:141)
		at sun.security.ssl.InputRecord.readFully(InputRecord.java:465)
		at sun.security.ssl.InputRecord.read(InputRecord.java:503)
		at sun.security.ssl.SSLSocketImpl.readRecord(SSLSocketImpl.java:975)
		at sun.security.ssl.SSLSocketImpl.readDataRecord(SSLSocketImpl.java:933)
		at sun.security.ssl.AppInputStream.read(AppInputStream.java:105)
		at java.io.BufferedInputStream.fill(BufferedInputStream.java:246)
		at java.io.BufferedInputStream.read1(BufferedInputStream.java:286)
		at java.io.BufferedInputStream.read(BufferedInputStream.java:345)
		at sun.net.www.http.HttpClient.parseHTTPHeader(HttpClient.java:735)
		at sun.net.www.http.HttpClient.parseHTTP(HttpClient.java:678)
		at sun.net.www.http.HttpClient.parseHTTP(HttpClient.java:706)
		at sun.net.www.protocol.http.HttpURLConnection.getInputStream0(HttpURLConnection.java:1593)
		at sun.net.www.protocol.http.HttpURLConnection.getInputStream(HttpURLConnection.java:1498)
		at java.net.HttpURLConnection.getResponseCode(HttpURLConnection.java:480)
		at sun.net.www.protocol.https.HttpsURLConnectionImpl.getResponseCode(HttpsURLConnectionImpl.java:352)
		at com.ayd.servlet.Autenticacion.processRequest(Autenticacion.java:83)
		at com.ayd.servlet.Autenticacion.doPost(Autenticacion.java:212)
		at javax.servlet.http.HttpServlet.service(HttpServlet.java:660)
		at javax.servlet.http.HttpServlet.service(HttpServlet.java:741)
		at org.apache.catalina.core.ApplicationFilterChain.internalDoFilter(ApplicationFilterChain.java:231)
		at org.apache.catalina.core.ApplicationFilterChain.doFilter(ApplicationFilterChain.java:166)
		at org.apache.tomcat.websocket.server.WsFilter.doFilter(WsFilter.java:53)
		at org.apache.catalina.core.ApplicationFilterChain.internalDoFilter(ApplicationFilterChain.java:193)
		at org.apache.catalina.core.ApplicationFilterChain.doFilter(ApplicationFilterChain.java:166)
		at org.apache.catalina.core.StandardWrapperValve.invoke(StandardWrapperValve.java:202)
		at org.apache.catalina.core.StandardContextValve.invoke(StandardContextValve.java:96)
		at org.apache.catalina.authenticator.AuthenticatorBase.invoke(AuthenticatorBase.java:541)
		at org.apache.catalina.core.StandardHostValve.invoke(StandardHostValve.java:139)
		at org.apache.catalina.valves.ErrorReportValve.invoke(ErrorReportValve.java:92)
		at org.apache.catalina.valves.AbstractAccessLogValve.invoke(AbstractAccessLogValve.java:690)
		at org.apache.catalina.core.StandardEngineValve.invoke(StandardEngineValve.java:74)
		at org.apache.catalina.connector.CoyoteAdapter.service(CoyoteAdapter.java:343)
		at org.apache.coyote.http11.Http11Processor.service(Http11Processor.java:373)
		at org.apache.coyote.AbstractProcessorLight.process(AbstractProcessorLight.java:65)
		at org.apache.coyote.AbstractProtocol$ConnectionHandler.process(AbstractProtocol.java:868)
		at org.apache.tomcat.util.net.NioEndpoint$SocketProcessor.doRun(NioEndpoint.java:1590)
		at org.apache.tomcat.util.net.SocketProcessorBase.run(SocketProcessorBase.java:49)
		at java.util.concurrent.ThreadPoolExecutor.runWorker(ThreadPoolExecutor.java:1149)
		at java.util.concurrent.ThreadPoolExecutor$Worker.run(ThreadPoolExecutor.java:624)
		at org.apache.tomcat.util.threads.TaskThread$WrappingRunnable.run(TaskThread.java:61)
		at java.lang.Thread.run(Thread.java:748)
12-Jul-2021 12:33:35.696 INFO [main] org.apache.catalina.core.ApplicationContext.log SessionListener: contextDestroyed()
12-Jul-2021 12:33:35.696 INFO [main] org.apache.catalina.core.ApplicationContext.log ContextListener: contextDestroyed()
12-Jul-2021 20:41:50.720 INFO [main] org.apache.catalina.core.ApplicationContext.log ContextListener: contextInitialized()
12-Jul-2021 20:41:50.723 INFO [main] org.apache.catalina.core.ApplicationContext.log SessionListener: contextInitialized()
12-Jul-2021 20:41:50.725 INFO [main] org.apache.catalina.core.ApplicationContext.log ContextListener: attributeAdded('StockTicker', 'async.Stockticker@292d1c71')
12-Jul-2021 20:59:05.065 SEVERE [https-openssl-nio-8443-exec-5] org.apache.catalina.core.StandardWrapperValve.invoke Servlet.service() for servlet [GenerarReporteOperativo] in context with path [/eAyd] threw exception
	java.net.MalformedURLException: no protocol: nullRT08&Municipio=Garcia%20&Colonia=Privalia%20Cumbres%202&Calle=Venus%20111&Puerta=111&Email=garulo.trabajo@gmail.com&Comentario=desc
		at java.net.URL.<init>(URL.java:600)
		at java.net.URL.<init>(URL.java:497)
		at java.net.URL.<init>(URL.java:446)
		at com.ayd.servlet.GenerarReporteOperativo.processRequest(GenerarReporteOperativo.java:126)
		at com.ayd.servlet.GenerarReporteOperativo.doPost(GenerarReporteOperativo.java:342)
		at javax.servlet.http.HttpServlet.service(HttpServlet.java:660)
		at javax.servlet.http.HttpServlet.service(HttpServlet.java:741)
		at org.apache.catalina.core.ApplicationFilterChain.internalDoFilter(ApplicationFilterChain.java:231)
		at org.apache.catalina.core.ApplicationFilterChain.doFilter(ApplicationFilterChain.java:166)
		at org.apache.tomcat.websocket.server.WsFilter.doFilter(WsFilter.java:53)
		at org.apache.catalina.core.ApplicationFilterChain.internalDoFilter(ApplicationFilterChain.java:193)
		at org.apache.catalina.core.ApplicationFilterChain.doFilter(ApplicationFilterChain.java:166)
		at org.apache.catalina.core.StandardWrapperValve.invoke(StandardWrapperValve.java:202)
		at org.apache.catalina.core.StandardContextValve.invoke(StandardContextValve.java:96)
		at org.apache.catalina.authenticator.AuthenticatorBase.invoke(AuthenticatorBase.java:541)
		at org.apache.catalina.core.StandardHostValve.invoke(StandardHostValve.java:139)
		at org.apache.catalina.valves.ErrorReportValve.invoke(ErrorReportValve.java:92)
		at org.apache.catalina.valves.AbstractAccessLogValve.invoke(AbstractAccessLogValve.java:690)
		at org.apache.catalina.core.StandardEngineValve.invoke(StandardEngineValve.java:74)
		at org.apache.catalina.connector.CoyoteAdapter.service(CoyoteAdapter.java:343)
		at org.apache.coyote.http11.Http11Processor.service(Http11Processor.java:373)
		at org.apache.coyote.AbstractProcessorLight.process(AbstractProcessorLight.java:65)
		at org.apache.coyote.AbstractProtocol$ConnectionHandler.process(AbstractProtocol.java:868)
		at org.apache.tomcat.util.net.NioEndpoint$SocketProcessor.doRun(NioEndpoint.java:1590)
		at org.apache.tomcat.util.net.SocketProcessorBase.run(SocketProcessorBase.java:49)
		at java.util.concurrent.ThreadPoolExecutor.runWorker(ThreadPoolExecutor.java:1149)
		at java.util.concurrent.ThreadPoolExecutor$Worker.run(ThreadPoolExecutor.java:624)
		at org.apache.tomcat.util.threads.TaskThread$WrappingRunnable.run(TaskThread.java:61)
		at java.lang.Thread.run(Thread.java:748)
