19-Jun-2021 07:33:32.700 INFO [main] org.apache.catalina.core.ApplicationContext.log ContextListener: contextInitialized()
19-Jun-2021 07:33:32.700 INFO [main] org.apache.catalina.core.ApplicationContext.log SessionListener: contextInitialized()
19-Jun-2021 07:33:32.703 INFO [main] org.apache.catalina.core.ApplicationContext.log ContextListener: attributeAdded('StockTicker', 'async.Stockticker@79e4c792')
19-Jun-2021 07:58:29.400 SEVERE [http-nio-8080-exec-11] org.apache.catalina.core.StandardWrapperValve.invoke Servlet.service() for servlet [jsp] in context with path [/eAyd] threw exception [Unable to compile class for JSP: 

An error occurred at line: [56] in the jsp file: [/GenerarReportes.jsp]
strNombreLegible cannot be resolved to a variable
53: 
54:                                     <div id="header-card" class="card-header">
55:                                         <label for="nombre">Nombre:</label>
56:                                         <input id="nombre" class="form-control" type="text" value="<%=strNombreLegible%>" disabled="disabled" />
57:                                         <label for="email">E-mail:</label>
58:                                         <input id="email" class="form-control" type="text" value="<%=usuario%>" disabled="disabled" />
59: 


An error occurred at line: [63] in the jsp file: [/GenerarReportes.jsp]
INICIO cannot be resolved to a variable
60:                                     </div>
61:                                     <ul id="menu-lateral" class="list-group">
62:                                         <li class="list-group-item list-group-item-action " title="Servicios Asignados en mi cuenta.">
63:                                             <a href="<%=INICIO%>"><i class="fa fa-address-card-o" aria-hidden="true"></i> Servicios Asignados</a>
64:                                         </li>
65:                                         <li class="list-group-item list-group-item-action " title="Agregar un nuevo servicio a mi cuenta.">
66:                                             <a href="AgregarServicio.jsp"><i class="fa fa-plus" aria-hidden="true"></i> Agregar Servicio</a>


Stacktrace:] with root cause
	org.apache.jasper.JasperException: Unable to compile class for JSP: 

An error occurred at line: [56] in the jsp file: [/GenerarReportes.jsp]
strNombreLegible cannot be resolved to a variable
53: 
54:                                     <div id="header-card" class="card-header">
55:                                         <label for="nombre">Nombre:</label>
56:                                         <input id="nombre" class="form-control" type="text" value="<%=strNombreLegible%>" disabled="disabled" />
57:                                         <label for="email">E-mail:</label>
58:                                         <input id="email" class="form-control" type="text" value="<%=usuario%>" disabled="disabled" />
59: 


An error occurred at line: [63] in the jsp file: [/GenerarReportes.jsp]
INICIO cannot be resolved to a variable
60:                                     </div>
61:                                     <ul id="menu-lateral" class="list-group">
62:                                         <li class="list-group-item list-group-item-action " title="Servicios Asignados en mi cuenta.">
63:                                             <a href="<%=INICIO%>"><i class="fa fa-address-card-o" aria-hidden="true"></i> Servicios Asignados</a>
64:                                         </li>
65:                                         <li class="list-group-item list-group-item-action " title="Agregar un nuevo servicio a mi cuenta.">
66:                                             <a href="AgregarServicio.jsp"><i class="fa fa-plus" aria-hidden="true"></i> Agregar Servicio</a>


Stacktrace:
		at org.apache.jasper.compiler.DefaultErrorHandler.javacError(DefaultErrorHandler.java:103)
		at org.apache.jasper.compiler.ErrorDispatcher.javacError(ErrorDispatcher.java:213)
		at org.apache.jasper.compiler.JDTCompiler.generateClass(JDTCompiler.java:528)
		at org.apache.jasper.compiler.Compiler.compile(Compiler.java:392)
		at org.apache.jasper.compiler.Compiler.compile(Compiler.java:362)
		at org.apache.jasper.compiler.Compiler.compile(Compiler.java:346)
		at org.apache.jasper.JspCompilationContext.compile(JspCompilationContext.java:605)
		at org.apache.jasper.servlet.JspServletWrapper.service(JspServletWrapper.java:400)
		at org.apache.jasper.servlet.JspServlet.serviceJspFile(JspServlet.java:385)
		at org.apache.jasper.servlet.JspServlet.service(JspServlet.java:329)
		at javax.servlet.http.HttpServlet.service(HttpServlet.java:741)
		at org.apache.catalina.core.ApplicationFilterChain.internalDoFilter(ApplicationFilterChain.java:231)
		at org.apache.catalina.core.ApplicationFilterChain.doFilter(ApplicationFilterChain.java:166)
		at org.apache.tomcat.websocket.server.WsFilter.doFilter(WsFilter.java:53)
		at org.apache.catalina.core.ApplicationFilterChain.internalDoFilter(ApplicationFilterChain.java:193)
		at org.apache.catalina.core.ApplicationFilterChain.doFilter(ApplicationFilterChain.java:166)
		at org.apache.catalina.core.StandardWrapperValve.invoke(StandardWrapperValve.java:202)
		at org.apache.catalina.core.StandardContextValve.invoke(StandardContextValve.java:96)
		at org.apache.catalina.authenticator.AuthenticatorBase.invoke(AuthenticatorBase.java:541)
		at org.apache.catalina.core.StandardHostValve.invoke(StandardHostValve.java:139)
		at org.apache.catalina.valves.ErrorReportValve.invoke(ErrorReportValve.java:92)
		at org.apache.catalina.valves.AbstractAccessLogValve.invoke(AbstractAccessLogValve.java:690)
		at org.apache.catalina.core.StandardEngineValve.invoke(StandardEngineValve.java:74)
		at org.apache.catalina.connector.CoyoteAdapter.service(CoyoteAdapter.java:343)
		at org.apache.coyote.http11.Http11Processor.service(Http11Processor.java:373)
		at org.apache.coyote.AbstractProcessorLight.process(AbstractProcessorLight.java:65)
		at org.apache.coyote.AbstractProtocol$ConnectionHandler.process(AbstractProtocol.java:868)
		at org.apache.tomcat.util.net.NioEndpoint$SocketProcessor.doRun(NioEndpoint.java:1590)
		at org.apache.tomcat.util.net.SocketProcessorBase.run(SocketProcessorBase.java:49)
		at java.util.concurrent.ThreadPoolExecutor.runWorker(ThreadPoolExecutor.java:1149)
		at java.util.concurrent.ThreadPoolExecutor$Worker.run(ThreadPoolExecutor.java:624)
		at org.apache.tomcat.util.threads.TaskThread$WrappingRunnable.run(TaskThread.java:61)
		at java.lang.Thread.run(Thread.java:748)
